#
# A fatal error has been detected by the Java Runtime Environment:
#
#  Internal Error (javaClasses.cpp:136), pid=27765, tid=140506387830528
#  fatal error: Invalid layout of preloaded class
#
# JRE version:  (7.0_51-b13) (build )
# Java VM: Java HotSpot(TM) 64-Bit Server VM (24.51-b03 mixed mode linux-amd64 compressed oops)
# Failed to write core dump. Core dumps have been disabled. To enable core dumping, try "ulimit -c unlimited" before starting Java again
#
# If you would like to submit a bug report, please visit:
#   http://bugreport.sun.com/bugreport/crash.jsp
#

---------------  T H R E A D  ---------------

Current thread (0x00007fca28009800):  JavaThread "Unknown thread" [_thread_in_vm, id=27770, stack(0x00007fca3145d000,0x00007fca3155e000)]

Stack: [0x00007fca3145d000,0x00007fca3155e000],  sp=0x00007fca3155c7c0,  free space=1021k
Native frames: (J=compiled Java code, j=interpreted, Vv=VM code, C=native code)
V  [libjvm.so+0x992f4a]  VMError::report_and_die()+0x2ea
V  [libjvm.so+0x493569]  report_fatal(char const*, int, char const*)+0x59
V  [libjvm.so+0x5fdce0]  compute_offset(int&, klassOopDesc*, Symbol*, Symbol*, bool)+0x140
V  [libjvm.so+0x5fe7f9]  java_lang_String::compute_offsets()+0x39
V  [libjvm.so+0x9191c5]  SystemDictionary::initialize_preloaded_classes(Thread*)+0x1a5
V  [libjvm.so+0x967f04]  Universe::genesis(Thread*)+0x494
V  [libjvm.so+0x9683b9]  universe2_init()+0x29
V  [libjvm.so+0x5a967d]  init_globals()+0xbd
V  [libjvm.so+0x94ef8d]  Threads::create_vm(JavaVMInitArgs*, bool*)+0x1ed
V  [libjvm.so+0x6307e4]  JNI_CreateJavaVM+0x74
C  [libjli.so+0x2f8e]  JavaMain+0x9e


---------------  P R O C E S S  ---------------

Java Threads: ( => current thread )

Other Threads:

=>0x00007fca28009800 (exited) JavaThread "Unknown thread" [_thread_in_vm, id=27770, stack(0x00007fca3145d000,0x00007fca3155e000)]

VM state:not at safepoint (not fully initialized)

VM Mutex/Monitor currently owned by a thread: None

GC Heap History (0 events):
No events

Deoptimization events (0 events):
No events

Internal exceptions (0 events):
No events

Events (10 events):
Event: 0.004 loading class 0x00007fca2dad00d0
Event: 0.005 loading class 0x00007fca2dad00d0 done
Event: 0.005 loading class 0x00007fca2dad0110
Event: 0.005 loading class 0x00007fca2dad06f0
Event: 0.005 loading class 0x00007fca2dad06f0 done
Event: 0.005 loading class 0x00007fca2dad6e10
Event: 0.005 loading class 0x00007fca2dad6e10 done
Event: 0.005 loading class 0x00007fca2dad0110 done
Event: 0.005 loading class 0x00007fca2dad00f0
Event: 0.005 loading class 0x00007fca2dad00f0 done


Dynamic libraries:
00400000-00401000 r-xp 00000000 08:05 2774365                            /usr/lib/jvm/java-7-oracle/bin/java
00600000-00601000 rw-p 00000000 08:05 2774365                            /usr/lib/jvm/java-7-oracle/bin/java
00885000-008a6000 rw-p 00000000 00:00 0                                  [heap]
9ee00000-a0300000 rw-p 00000000 00:00 0 
a0300000-a4000000 rw-p 00000000 00:00 0 
a4000000-a7d00000 rw-p 00000000 00:00 0 
a7d00000-e1500000 rw-p 00000000 00:00 0 
e1500000-e3400000 rw-p 00000000 00:00 0 
e3400000-100000000 rw-p 00000000 00:00 0 
7fca08000000-7fca08021000 rw-p 00000000 00:00 0 
7fca08021000-7fca0c000000 ---p 00000000 00:00 0 
7fca10000000-7fca10021000 rw-p 00000000 00:00 0 
7fca10021000-7fca14000000 ---p 00000000 00:00 0 
7fca18000000-7fca18021000 rw-p 00000000 00:00 0 
7fca18021000-7fca1c000000 ---p 00000000 00:00 0 
7fca1cf70000-7fca20000000 rw-p 00000000 00:00 0 
7fca20000000-7fca20021000 rw-p 00000000 00:00 0 
7fca20021000-7fca24000000 ---p 00000000 00:00 0 
7fca25000000-7fca25270000 rwxp 00000000 00:00 0 
7fca25270000-7fca28053000 rw-p 00000000 00:00 0 
7fca28053000-7fca2c000000 ---p 00000000 00:00 0 
7fca2d803000-7fca2da4a000 rw-p 00000000 00:00 0 
7fca2da4a000-7fca2da5a000 r--s 000bf000 08:05 2098413                    /home/yuechuan/Application/leJOS_NXJ_0.9.1beta-3/lib/nxt/classes.jar
7fca2da5a000-7fca2de5c000 rw-p 00000000 00:00 0 
7fca2de5c000-7fca2de5d000 ---p 00000000 00:00 0 
7fca2de5d000-7fca2df5d000 rw-p 00000000 00:00 0                          [stack:27774]
7fca2df5d000-7fca2df5e000 ---p 00000000 00:00 0 
7fca2df5e000-7fca2e05e000 rw-p 00000000 00:00 0                          [stack:27773]
7fca2e05e000-7fca2e05f000 ---p 00000000 00:00 0 
7fca2e05f000-7fca2e15f000 rw-p 00000000 00:00 0                          [stack:27772]
7fca2e15f000-7fca2e160000 ---p 00000000 00:00 0 
7fca2e160000-7fca2e26b000 rw-p 00000000 00:00 0                          [stack:27771]
7fca2e26b000-7fca2e289000 rw-p 00000000 00:00 0 
7fca2e289000-7fca2e2a8000 rw-p 00000000 00:00 0 
7fca2e2a8000-7fca2e474000 rw-p 00000000 00:00 0 
7fca2e474000-7fca2e47f000 rw-p 00000000 00:00 0 
7fca2e47f000-7fca2e49d000 rw-p 00000000 00:00 0 
7fca2e49d000-7fca2e4bc000 rw-p 00000000 00:00 0 
7fca2e4bc000-7fca2e687000 rw-p 00000000 00:00 0 
7fca2e687000-7fca2e697000 rw-p 00000000 00:00 0 
7fca2e697000-7fca2e77d000 rw-p 00000000 00:00 0 
7fca2e77d000-7fca2e77e000 rw-p 00000000 00:00 0 
7fca2e77e000-7fca2e798000 r-xp 00000000 08:05 2802050                    /usr/lib/jvm/java-7-oracle/jre/lib/amd64/libzip.so
7fca2e798000-7fca2e998000 ---p 0001a000 08:05 2802050                    /usr/lib/jvm/java-7-oracle/jre/lib/amd64/libzip.so
7fca2e998000-7fca2e999000 rw-p 0001a000 08:05 2802050                    /usr/lib/jvm/java-7-oracle/jre/lib/amd64/libzip.so
7fca2e999000-7fca2e9a5000 r-xp 00000000 08:05 546558                     /lib/x86_64-linux-gnu/libnss_files-2.15.so
7fca2e9a5000-7fca2eba4000 ---p 0000c000 08:05 546558                     /lib/x86_64-linux-gnu/libnss_files-2.15.so
7fca2eba4000-7fca2eba5000 r--p 0000b000 08:05 546558                     /lib/x86_64-linux-gnu/libnss_files-2.15.so
7fca2eba5000-7fca2eba6000 rw-p 0000c000 08:05 546558                     /lib/x86_64-linux-gnu/libnss_files-2.15.so
7fca2eba6000-7fca2ebb0000 r-xp 00000000 08:05 546554                     /lib/x86_64-linux-gnu/libnss_nis-2.15.so
7fca2ebb0000-7fca2edb0000 ---p 0000a000 08:05 546554                     /lib/x86_64-linux-gnu/libnss_nis-2.15.so
7fca2edb0000-7fca2edb1000 r--p 0000a000 08:05 546554                     /lib/x86_64-linux-gnu/libnss_nis-2.15.so
7fca2edb1000-7fca2edb2000 rw-p 0000b000 08:05 546554                     /lib/x86_64-linux-gnu/libnss_nis-2.15.so
7fca2edb2000-7fca2edc9000 r-xp 00000000 08:05 546568                     /lib/x86_64-linux-gnu/libnsl-2.15.so
7fca2edc9000-7fca2efc8000 ---p 00017000 08:05 546568                     /lib/x86_64-linux-gnu/libnsl-2.15.so
7fca2efc8000-7fca2efc9000 r--p 00016000 08:05 546568                     /lib/x86_64-linux-gnu/libnsl-2.15.so
7fca2efc9000-7fca2efca000 rw-p 00017000 08:05 546568                     /lib/x86_64-linux-gnu/libnsl-2.15.so
7fca2efca000-7fca2efcc000 rw-p 00000000 00:00 0 
7fca2efcc000-7fca2efd4000 r-xp 00000000 08:05 546572                     /lib/x86_64-linux-gnu/libnss_compat-2.15.so
7fca2efd4000-7fca2f1d3000 ---p 00008000 08:05 546572                     /lib/x86_64-linux-gnu/libnss_compat-2.15.so
7fca2f1d3000-7fca2f1d4000 r--p 00007000 08:05 546572                     /lib/x86_64-linux-gnu/libnss_compat-2.15.so
7fca2f1d4000-7fca2f1d5000 rw-p 00008000 08:05 546572                     /lib/x86_64-linux-gnu/libnss_compat-2.15.so
7fca2f1d5000-7fca2f1fe000 r-xp 00000000 08:05 2802058                    /usr/lib/jvm/java-7-oracle/jre/lib/amd64/libjava.so
7fca2f1fe000-7fca2f3fe000 ---p 00029000 08:05 2802058                    /usr/lib/jvm/java-7-oracle/jre/lib/amd64/libjava.so
7fca2f3fe000-7fca2f400000 rw-p 00029000 08:05 2802058                    /usr/lib/jvm/java-7-oracle/jre/lib/amd64/libjava.so
7fca2f400000-7fca2f40d000 r-xp 00000000 08:05 2802048                    /usr/lib/jvm/java-7-oracle/jre/lib/amd64/libverify.so
7fca2f40d000-7fca2f60c000 ---p 0000d000 08:05 2802048                    /usr/lib/jvm/java-7-oracle/jre/lib/amd64/libverify.so
7fca2f60c000-7fca2f60e000 rw-p 0000c000 08:05 2802048                    /usr/lib/jvm/java-7-oracle/jre/lib/amd64/libverify.so
7fca2f60e000-7fca2f615000 r-xp 00000000 08:05 546560                     /lib/x86_64-linux-gnu/librt-2.15.so
7fca2f615000-7fca2f814000 ---p 00007000 08:05 546560                     /lib/x86_64-linux-gnu/librt-2.15.so
7fca2f814000-7fca2f815000 r--p 00006000 08:05 546560                     /lib/x86_64-linux-gnu/librt-2.15.so
7fca2f815000-7fca2f816000 rw-p 00007000 08:05 546560                     /lib/x86_64-linux-gnu/librt-2.15.so
7fca2f816000-7fca2f911000 r-xp 00000000 08:05 546569                     /lib/x86_64-linux-gnu/libm-2.15.so
7fca2f911000-7fca2fb10000 ---p 000fb000 08:05 546569                     /lib/x86_64-linux-gnu/libm-2.15.so
7fca2fb10000-7fca2fb11000 r--p 000fa000 08:05 546569                     /lib/x86_64-linux-gnu/libm-2.15.so
7fca2fb11000-7fca2fb12000 rw-p 000fb000 08:05 546569                     /lib/x86_64-linux-gnu/libm-2.15.so
7fca2fb12000-7fca30674000 r-xp 00000000 08:05 2802098                    /usr/lib/jvm/java-7-oracle/jre/lib/amd64/server/libjvm.so
7fca30674000-7fca30874000 ---p 00b62000 08:05 2802098                    /usr/lib/jvm/java-7-oracle/jre/lib/amd64/server/libjvm.so
7fca30874000-7fca30937000 rw-p 00b62000 08:05 2802098                    /usr/lib/jvm/java-7-oracle/jre/lib/amd64/server/libjvm.so
7fca30937000-7fca30978000 rw-p 00000000 00:00 0 
7fca30978000-7fca30b2d000 r-xp 00000000 08:05 546573                     /lib/x86_64-linux-gnu/libc-2.15.so
7fca30b2d000-7fca30d2d000 ---p 001b5000 08:05 546573                     /lib/x86_64-linux-gnu/libc-2.15.so
7fca30d2d000-7fca30d31000 r--p 001b5000 08:05 546573                     /lib/x86_64-linux-gnu/libc-2.15.so
7fca30d31000-7fca30d33000 rw-p 001b9000 08:05 546573                     /lib/x86_64-linux-gnu/libc-2.15.so
7fca30d33000-7fca30d38000 rw-p 00000000 00:00 0 
7fca30d38000-7fca30d3a000 r-xp 00000000 08:05 546571                     /lib/x86_64-linux-gnu/libdl-2.15.so
7fca30d3a000-7fca30f3a000 ---p 00002000 08:05 546571                     /lib/x86_64-linux-gnu/libdl-2.15.so
7fca30f3a000-7fca30f3b000 r--p 00002000 08:05 546571                     /lib/x86_64-linux-gnu/libdl-2.15.so
7fca30f3b000-7fca30f3c000 rw-p 00003000 08:05 546571                     /lib/x86_64-linux-gnu/libdl-2.15.so
7fca30f3c000-7fca30f52000 r-xp 00000000 08:05 2831249                    /usr/lib/jvm/java-7-oracle/lib/amd64/jli/libjli.so
7fca30f52000-7fca31152000 ---p 00016000 08:05 2831249                    /usr/lib/jvm/java-7-oracle/lib/amd64/jli/libjli.so
7fca31152000-7fca31153000 rw-p 00016000 08:05 2831249                    /usr/lib/jvm/java-7-oracle/lib/amd64/jli/libjli.so
7fca31153000-7fca3116b000 r-xp 00000000 08:05 546556                     /lib/x86_64-linux-gnu/libpthread-2.15.so
7fca3116b000-7fca3136a000 ---p 00018000 08:05 546556                     /lib/x86_64-linux-gnu/libpthread-2.15.so
7fca3136a000-7fca3136b000 r--p 00017000 08:05 546556                     /lib/x86_64-linux-gnu/libpthread-2.15.so
7fca3136b000-7fca3136c000 rw-p 00018000 08:05 546556                     /lib/x86_64-linux-gnu/libpthread-2.15.so
7fca3136c000-7fca31370000 rw-p 00000000 00:00 0 
7fca31370000-7fca31392000 r-xp 00000000 08:05 546561                     /lib/x86_64-linux-gnu/ld-2.15.so
7fca3139d000-7fca313a7000 rw-p 00000000 00:00 0 
7fca313a7000-7fca3145d000 rw-p 00000000 00:00 0 
7fca3145d000-7fca31460000 ---p 00000000 00:00 0 
7fca31460000-7fca31562000 rw-p 00000000 00:00 0                          [stack:27770]
7fca31567000-7fca31586000 rw-p 00000000 00:00 0 
7fca31586000-7fca3158e000 rw-s 00000000 08:05 1334235                    /tmp/hsperfdata_yuechuan/27765
7fca3158e000-7fca3158f000 rw-p 00000000 00:00 0 
7fca3158f000-7fca31590000 r--p 00000000 00:00 0 
7fca31590000-7fca31592000 rw-p 00000000 00:00 0 
7fca31592000-7fca31593000 r--p 00022000 08:05 546561                     /lib/x86_64-linux-gnu/ld-2.15.so
7fca31593000-7fca31595000 rw-p 00023000 08:05 546561                     /lib/x86_64-linux-gnu/ld-2.15.so
7fff8b0ec000-7fff8b10d000 rw-p 00000000 00:00 0                          [stack]
7fff8b1ff000-7fff8b200000 r-xp 00000000 00:00 0                          [vdso]
ffffffffff600000-ffffffffff601000 r-xp 00000000 00:00 0                  [vsyscall]

VM Arguments:
jvm_args: -Dfile.encoding=ANSI_X3.4-1968 -Xbootclasspath:/home/yuechuan/Application/leJOS_NXJ_0.9.1beta-3/lib/nxt/classes.jar 
java_command: Lab1
Launcher Type: SUN_STANDARD

Environment Variables:
CLASSPATH=:/Application/lejosSim/lib/ext/j3dcore.jar:/Application/lejosSim/lib/ext/j3dutils.jar:/Application/lejosSim/lib/ext/vecmath.jar
PATH=/home/yuechuan/Application/leJOS_NXJ_0.9.1beta-3/:/usr/local/sbin:/usr/local/bin:/usr/sbin:/usr/bin:/sbin:/bin:/usr/games:/usr/local/games:/home/yuechuan/Application/leJOS_NXJ_0.9.1beta-3//bin:/opt/ros/hydro/bin
USERNAME=yuechuan
LD_LIBRARY_PATH=/Application/lejosSim/lib/i386
SHELL=/bin/bash
DISPLAY=:0

Signal Handlers:
SIGSEGV: [libjvm.so+0x993870], sa_mask[0]=0x7ffbfeff, sa_flags=0x10000004
SIGBUS: [libjvm.so+0x993870], sa_mask[0]=0x7ffbfeff, sa_flags=0x10000004
SIGFPE: [libjvm.so+0x8105b0], sa_mask[0]=0x7ffbfeff, sa_flags=0x10000004
SIGPIPE: [libjvm.so+0x8105b0], sa_mask[0]=0x7ffbfeff, sa_flags=0x10000004
SIGXFSZ: [libjvm.so+0x8105b0], sa_mask[0]=0x7ffbfeff, sa_flags=0x10000004
SIGILL: [libjvm.so+0x8105b0], sa_mask[0]=0x7ffbfeff, sa_flags=0x10000004
SIGUSR1: SIG_DFL, sa_mask[0]=0x00000000, sa_flags=0x00000000
SIGUSR2: [libjvm.so+0x811aa0], sa_mask[0]=0x00000004, sa_flags=0x10000004
SIGHUP: SIG_DFL, sa_mask[0]=0x00000000, sa_flags=0x00000000
SIGINT: SIG_DFL, sa_mask[0]=0x00000000, sa_flags=0x00000000
SIGTERM: SIG_DFL, sa_mask[0]=0x00000000, sa_flags=0x00000000
SIGQUIT: SIG_DFL, sa_mask[0]=0x00000000, sa_flags=0x00000000


---------------  S Y S T E M  ---------------

OS:wheezy/sid

uname:Linux 3.5.0-45-generic #68-Ubuntu SMP Mon Dec 2 21:58:52 UTC 2013 x86_64
libc:glibc 2.15 NPTL 2.15 
rlimit: STACK 8192k, CORE 0k, NPROC 46901, NOFILE 4096, AS infinity
load average:0.64 0.22 0.21

/proc/meminfo:
MemTotal:        6021944 kB
MemFree:          743168 kB
Buffers:          558984 kB
Cached:          1780216 kB
SwapCached:       179948 kB
Active:          2516856 kB
Inactive:        2327948 kB
Active(anon):    1961008 kB
Inactive(anon):   753480 kB
Active(file):     555848 kB
Inactive(file):  1574468 kB
Unevictable:         124 kB
Mlocked:             124 kB
SwapTotal:       1951740 kB
SwapFree:        1186556 kB
Dirty:              1928 kB
Writeback:             0 kB
AnonPages:       2380044 kB
Mapped:           170756 kB
Shmem:            208884 kB
Slab:             284928 kB
SReclaimable:     247364 kB
SUnreclaim:        37564 kB
KernelStack:        5352 kB
PageTables:        56160 kB
NFS_Unstable:          0 kB
Bounce:                0 kB
WritebackTmp:          0 kB
CommitLimit:     4962712 kB
Committed_AS:    8537900 kB
VmallocTotal:   34359738367 kB
VmallocUsed:      366764 kB
VmallocChunk:   34359354140 kB
HardwareCorrupted:     0 kB
AnonHugePages:         0 kB
HugePages_Total:       0
HugePages_Free:        0
HugePages_Rsvd:        0
HugePages_Surp:        0
Hugepagesize:       2048 kB
DirectMap4k:       69620 kB
DirectMap2M:     6137856 kB


CPU:total 4 (2 cores per cpu, 2 threads per core) family 6 model 42 stepping 7, cmov, cx8, fxsr, mmx, sse, sse2, sse3, ssse3, sse4.1, sse4.2, popcnt, avx, aes, ht, tsc, tscinvbit

/proc/cpuinfo:
processor	: 0
vendor_id	: GenuineIntel
cpu family	: 6
model		: 42
model name	: Intel(R) Core(TM) i5-2410M CPU @ 2.30GHz
stepping	: 7
microcode	: 0x1a
cpu MHz		: 2301.000
cache size	: 3072 KB
physical id	: 0
siblings	: 4
core id		: 0
cpu cores	: 2
apicid		: 0
initial apicid	: 0
fpu		: yes
fpu_exception	: yes
cpuid level	: 13
wp		: yes
flags		: fpu vme de pse tsc msr pae mce cx8 apic sep mtrr pge mca cmov pat pse36 clflush dts acpi mmx fxsr sse sse2 ss ht tm pbe syscall nx rdtscp lm constant_tsc arch_perfmon pebs bts rep_good nopl xtopology nonstop_tsc aperfmperf pni pclmulqdq dtes64 monitor ds_cpl vmx est tm2 ssse3 cx16 xtpr pdcm pcid sse4_1 sse4_2 x2apic popcnt tsc_deadline_timer aes xsave avx lahf_lm ida arat epb xsaveopt pln pts dtherm tpr_shadow vnmi flexpriority ept vpid
bogomips	: 4589.69
clflush size	: 64
cache_alignment	: 64
address sizes	: 36 bits physical, 48 bits virtual
power management:

processor	: 1
vendor_id	: GenuineIntel
cpu family	: 6
model		: 42
model name	: Intel(R) Core(TM) i5-2410M CPU @ 2.30GHz
stepping	: 7
microcode	: 0x1a
cpu MHz		: 2301.000
cache size	: 3072 KB
physical id	: 0
siblings	: 4
core id		: 1
cpu cores	: 2
apicid		: 2
initial apicid	: 2
fpu		: yes
fpu_exception	: yes
cpuid level	: 13
wp		: yes
flags		: fpu vme de pse tsc msr pae mce cx8 apic sep mtrr pge mca cmov pat pse36 clflush dts acpi mmx fxsr sse sse2 ss ht tm pbe syscall nx rdtscp lm constant_tsc arch_perfmon pebs bts rep_good nopl xtopology nonstop_tsc aperfmperf pni pclmulqdq dtes64 monitor ds_cpl vmx est tm2 ssse3 cx16 xtpr pdcm pcid sse4_1 sse4_2 x2apic popcnt tsc_deadline_timer aes xsave avx lahf_lm ida arat epb xsaveopt pln pts dtherm tpr_shadow vnmi flexpriority ept vpid
bogomips	: 4589.69
clflush size	: 64
cache_alignment	: 64
address sizes	: 36 bits physical, 48 bits virtual
power management:

processor	: 2
vendor_id	: GenuineIntel
cpu family	: 6
model		: 42
model name	: Intel(R) Core(TM) i5-2410M CPU @ 2.30GHz
stepping	: 7
microcode	: 0x1a
cpu MHz		: 2301.000
cache size	: 3072 KB
physical id	: 0
siblings	: 4
core id		: 0
cpu cores	: 2
apicid		: 1
initial apicid	: 1
fpu		: yes
fpu_exception	: yes
cpuid level	: 13
wp		: yes
flags		: fpu vme de pse tsc msr pae mce cx8 apic sep mtrr pge mca cmov pat pse36 clflush dts acpi mmx fxsr sse sse2 ss ht tm pbe syscall nx rdtscp lm constant_tsc arch_perfmon pebs bts rep_good nopl xtopology nonstop_tsc aperfmperf pni pclmulqdq dtes64 monitor ds_cpl vmx est tm2 ssse3 cx16 xtpr pdcm pcid sse4_1 sse4_2 x2apic popcnt tsc_deadline_timer aes xsave avx lahf_lm ida arat epb xsaveopt pln pts dtherm tpr_shadow vnmi flexpriority ept vpid
bogomips	: 4589.69
clflush size	: 64
cache_alignment	: 64
address sizes	: 36 bits physical, 48 bits virtual
power management:

processor	: 3
vendor_id	: GenuineIntel
cpu family	: 6
model		: 42
model name	: Intel(R) Core(TM) i5-2410M CPU @ 2.30GHz
stepping	: 7
microcode	: 0x1a
cpu MHz		: 2301.000
cache size	: 3072 KB
physical id	: 0
siblings	: 4
core id		: 1
cpu cores	: 2
apicid		: 3
initial apicid	: 3
fpu		: yes
fpu_exception	: yes
cpuid level	: 13
wp		: yes
flags		: fpu vme de pse tsc msr pae mce cx8 apic sep mtrr pge mca cmov pat pse36 clflush dts acpi mmx fxsr sse sse2 ss ht tm pbe syscall nx rdtscp lm constant_tsc arch_perfmon pebs bts rep_good nopl xtopology nonstop_tsc aperfmperf pni pclmulqdq dtes64 monitor ds_cpl vmx est tm2 ssse3 cx16 xtpr pdcm pcid sse4_1 sse4_2 x2apic popcnt tsc_deadline_timer aes xsave avx lahf_lm ida arat epb xsaveopt pln pts dtherm tpr_shadow vnmi flexpriority ept vpid
bogomips	: 4589.69
clflush size	: 64
cache_alignment	: 64
address sizes	: 36 bits physical, 48 bits virtual
power management:



Memory: 4k page, physical 6021944k(743168k free), swap 1951740k(1186556k free)

vm_info: Java HotSpot(TM) 64-Bit Server VM (24.51-b03) for linux-amd64 JRE (1.7.0_51-b13), built on Dec 18 2013 18:48:01 by "java_re" with gcc 4.3.0 20080428 (Red Hat 4.3.0-8)

time: Sat Feb  1 11:45:30 2014
elapsed time: 0 seconds

