#
# A fatal error has been detected by the Java Runtime Environment:
#
#  Internal Error (javaClasses.cpp:136), pid=10015, tid=140349315532544
#  fatal error: Invalid layout of preloaded class
#
# JRE version:  (7.0_45-b18) (build )
# Java VM: Java HotSpot(TM) 64-Bit Server VM (24.45-b08 mixed mode linux-amd64 compressed oops)
# Failed to write core dump. Core dumps have been disabled. To enable core dumping, try "ulimit -c unlimited" before starting Java again
#
# If you would like to submit a bug report, please visit:
#   http://bugreport.sun.com/bugreport/crash.jsp
#

---------------  T H R E A D  ---------------

Current thread (0x00007fa598009800):  JavaThread "Unknown thread" [_thread_in_vm, id=10016, stack(0x00007fa59f08c000,0x00007fa59f18d000)]

Stack: [0x00007fa59f08c000,0x00007fa59f18d000],  sp=0x00007fa59f18b7c0,  free space=1021k
Native frames: (J=compiled Java code, j=interpreted, Vv=VM code, C=native code)
V  [libjvm.so+0x992c8a]  VMError::report_and_die()+0x2ea
V  [libjvm.so+0x493559]  report_fatal(char const*, int, char const*)+0x59
V  [libjvm.so+0x5fdd00]  compute_offset(int&, klassOopDesc*, Symbol*, Symbol*, bool)+0x140
V  [libjvm.so+0x5fe819]  java_lang_String::compute_offsets()+0x39
V  [libjvm.so+0x918f55]  SystemDictionary::initialize_preloaded_classes(Thread*)+0x1a5
V  [libjvm.so+0x967c94]  Universe::genesis(Thread*)+0x494
V  [libjvm.so+0x968149]  universe2_init()+0x29
V  [libjvm.so+0x5a969d]  init_globals()+0xbd
V  [libjvm.so+0x94ed1d]  Threads::create_vm(JavaVMInitArgs*, bool*)+0x1ed
V  [libjvm.so+0x630804]  JNI_CreateJavaVM+0x74
C  [libjli.so+0x2f8e]  JavaMain+0x9e


---------------  P R O C E S S  ---------------

Java Threads: ( => current thread )

Other Threads:

=>0x00007fa598009800 (exited) JavaThread "Unknown thread" [_thread_in_vm, id=10016, stack(0x00007fa59f08c000,0x00007fa59f18d000)]

VM state:not at safepoint (not fully initialized)

VM Mutex/Monitor currently owned by a thread: None

GC Heap History (0 events):
No events

Deoptimization events (0 events):
No events

Internal exceptions (0 events):
No events

Events (10 events):
Event: 0.017 loading class 0x00007fa5915f50d0
Event: 0.018 loading class 0x00007fa5915f50d0 done
Event: 0.018 loading class 0x00007fa5915f5110
Event: 0.018 loading class 0x00007fa5915f56f0
Event: 0.018 loading class 0x00007fa5915f56f0 done
Event: 0.018 loading class 0x00007fa5915fbe10
Event: 0.018 loading class 0x00007fa5915fbe10 done
Event: 0.019 loading class 0x00007fa5915f5110 done
Event: 0.019 loading class 0x00007fa5915f50f0
Event: 0.019 loading class 0x00007fa5915f50f0 done


Dynamic libraries:
00400000-00401000 r-xp 00000000 08:05 2779694                            /usr/lib/jvm/java-7-oracle/bin/java
00600000-00601000 rw-p 00000000 08:05 2779694                            /usr/lib/jvm/java-7-oracle/bin/java
00cde000-00cff000 rw-p 00000000 00:00 0                                  [heap]
9ee00000-a0300000 rw-p 00000000 00:00 0 
a0300000-a4000000 rw-p 00000000 00:00 0 
a4000000-a7d00000 rw-p 00000000 00:00 0 
a7d00000-e1500000 rw-p 00000000 00:00 0 
e1500000-e3400000 rw-p 00000000 00:00 0 
e3400000-100000000 rw-p 00000000 00:00 0 
7fa574000000-7fa574021000 rw-p 00000000 00:00 0 
7fa574021000-7fa578000000 ---p 00000000 00:00 0 
7fa57c000000-7fa57c021000 rw-p 00000000 00:00 0 
7fa57c021000-7fa580000000 ---p 00000000 00:00 0 
7fa584000000-7fa584021000 rw-p 00000000 00:00 0 
7fa584021000-7fa588000000 ---p 00000000 00:00 0 
7fa58c000000-7fa58c021000 rw-p 00000000 00:00 0 
7fa58c021000-7fa590000000 ---p 00000000 00:00 0 
7fa59133a000-7fa594a11000 rw-p 00000000 00:00 0 
7fa594a11000-7fa594a12000 ---p 00000000 00:00 0 
7fa594a12000-7fa594b12000 rw-p 00000000 00:00 0                          [stack:10024]
7fa594b12000-7fa594b13000 ---p 00000000 00:00 0 
7fa594b13000-7fa594c13000 rw-p 00000000 00:00 0                          [stack:10023]
7fa594c13000-7fa594c14000 ---p 00000000 00:00 0 
7fa594c14000-7fa594d14000 rw-p 00000000 00:00 0                          [stack:10022]
7fa594d14000-7fa594d15000 ---p 00000000 00:00 0 
7fa594d15000-7fa594e34000 rw-p 00000000 00:00 0                          [stack:10021]
7fa594e34000-7fa595000000 rw-p 00000000 00:00 0 
7fa595000000-7fa595270000 rwxp 00000000 00:00 0 
7fa595270000-7fa598053000 rw-p 00000000 00:00 0 
7fa598053000-7fa59c000000 ---p 00000000 00:00 0 
7fa59c06a000-7fa59c07a000 r--s 000bf000 08:05 2098413                    /home/yuechuan/Application/leJOS_NXJ_0.9.1beta-3/lib/nxt/classes.jar
7fa59c07a000-7fa59c085000 rw-p 00000000 00:00 0 
7fa59c085000-7fa59c0a3000 rw-p 00000000 00:00 0 
7fa59c0a3000-7fa59c0ae000 rw-p 00000000 00:00 0 
7fa59c0ae000-7fa59c0cc000 rw-p 00000000 00:00 0 
7fa59c0cc000-7fa59c0eb000 rw-p 00000000 00:00 0 
7fa59c0eb000-7fa59c2b6000 rw-p 00000000 00:00 0 
7fa59c2b6000-7fa59c2c6000 rw-p 00000000 00:00 0 
7fa59c2c6000-7fa59c3ac000 rw-p 00000000 00:00 0 
7fa59c3ac000-7fa59c3ad000 rw-p 00000000 00:00 0 
7fa59c3ad000-7fa59c3c7000 r-xp 00000000 08:05 2802201                    /usr/lib/jvm/java-7-oracle/jre/lib/amd64/libzip.so
7fa59c3c7000-7fa59c5c7000 ---p 0001a000 08:05 2802201                    /usr/lib/jvm/java-7-oracle/jre/lib/amd64/libzip.so
7fa59c5c7000-7fa59c5c8000 rw-p 0001a000 08:05 2802201                    /usr/lib/jvm/java-7-oracle/jre/lib/amd64/libzip.so
7fa59c5c8000-7fa59c5d4000 r-xp 00000000 08:05 546558                     /lib/x86_64-linux-gnu/libnss_files-2.15.so
7fa59c5d4000-7fa59c7d3000 ---p 0000c000 08:05 546558                     /lib/x86_64-linux-gnu/libnss_files-2.15.so
7fa59c7d3000-7fa59c7d4000 r--p 0000b000 08:05 546558                     /lib/x86_64-linux-gnu/libnss_files-2.15.so
7fa59c7d4000-7fa59c7d5000 rw-p 0000c000 08:05 546558                     /lib/x86_64-linux-gnu/libnss_files-2.15.so
7fa59c7d5000-7fa59c7df000 r-xp 00000000 08:05 546554                     /lib/x86_64-linux-gnu/libnss_nis-2.15.so
7fa59c7df000-7fa59c9df000 ---p 0000a000 08:05 546554                     /lib/x86_64-linux-gnu/libnss_nis-2.15.so
7fa59c9df000-7fa59c9e0000 r--p 0000a000 08:05 546554                     /lib/x86_64-linux-gnu/libnss_nis-2.15.so
7fa59c9e0000-7fa59c9e1000 rw-p 0000b000 08:05 546554                     /lib/x86_64-linux-gnu/libnss_nis-2.15.so
7fa59c9e1000-7fa59c9f8000 r-xp 00000000 08:05 546568                     /lib/x86_64-linux-gnu/libnsl-2.15.so
7fa59c9f8000-7fa59cbf7000 ---p 00017000 08:05 546568                     /lib/x86_64-linux-gnu/libnsl-2.15.so
7fa59cbf7000-7fa59cbf8000 r--p 00016000 08:05 546568                     /lib/x86_64-linux-gnu/libnsl-2.15.so
7fa59cbf8000-7fa59cbf9000 rw-p 00017000 08:05 546568                     /lib/x86_64-linux-gnu/libnsl-2.15.so
7fa59cbf9000-7fa59cbfb000 rw-p 00000000 00:00 0 
7fa59cbfb000-7fa59cc03000 r-xp 00000000 08:05 546572                     /lib/x86_64-linux-gnu/libnss_compat-2.15.so
7fa59cc03000-7fa59ce02000 ---p 00008000 08:05 546572                     /lib/x86_64-linux-gnu/libnss_compat-2.15.so
7fa59ce02000-7fa59ce03000 r--p 00007000 08:05 546572                     /lib/x86_64-linux-gnu/libnss_compat-2.15.so
7fa59ce03000-7fa59ce04000 rw-p 00008000 08:05 546572                     /lib/x86_64-linux-gnu/libnss_compat-2.15.so
7fa59ce04000-7fa59ce2d000 r-xp 00000000 08:05 2804961                    /usr/lib/jvm/java-7-oracle/jre/lib/amd64/libjava.so
7fa59ce2d000-7fa59d02d000 ---p 00029000 08:05 2804961                    /usr/lib/jvm/java-7-oracle/jre/lib/amd64/libjava.so
7fa59d02d000-7fa59d02f000 rw-p 00029000 08:05 2804961                    /usr/lib/jvm/java-7-oracle/jre/lib/amd64/libjava.so
7fa59d02f000-7fa59d03c000 r-xp 00000000 08:05 2802199                    /usr/lib/jvm/java-7-oracle/jre/lib/amd64/libverify.so
7fa59d03c000-7fa59d23b000 ---p 0000d000 08:05 2802199                    /usr/lib/jvm/java-7-oracle/jre/lib/amd64/libverify.so
7fa59d23b000-7fa59d23d000 rw-p 0000c000 08:05 2802199                    /usr/lib/jvm/java-7-oracle/jre/lib/amd64/libverify.so
7fa59d23d000-7fa59d244000 r-xp 00000000 08:05 546560                     /lib/x86_64-linux-gnu/librt-2.15.so
7fa59d244000-7fa59d443000 ---p 00007000 08:05 546560                     /lib/x86_64-linux-gnu/librt-2.15.so
7fa59d443000-7fa59d444000 r--p 00006000 08:05 546560                     /lib/x86_64-linux-gnu/librt-2.15.so
7fa59d444000-7fa59d445000 rw-p 00007000 08:05 546560                     /lib/x86_64-linux-gnu/librt-2.15.so
7fa59d445000-7fa59d540000 r-xp 00000000 08:05 546569                     /lib/x86_64-linux-gnu/libm-2.15.so
7fa59d540000-7fa59d73f000 ---p 000fb000 08:05 546569                     /lib/x86_64-linux-gnu/libm-2.15.so
7fa59d73f000-7fa59d740000 r--p 000fa000 08:05 546569                     /lib/x86_64-linux-gnu/libm-2.15.so
7fa59d740000-7fa59d741000 rw-p 000fb000 08:05 546569                     /lib/x86_64-linux-gnu/libm-2.15.so
7fa59d741000-7fa59e2a3000 r-xp 00000000 08:05 2805005                    /usr/lib/jvm/java-7-oracle/jre/lib/amd64/server/libjvm.so
7fa59e2a3000-7fa59e4a3000 ---p 00b62000 08:05 2805005                    /usr/lib/jvm/java-7-oracle/jre/lib/amd64/server/libjvm.so
7fa59e4a3000-7fa59e566000 rw-p 00b62000 08:05 2805005                    /usr/lib/jvm/java-7-oracle/jre/lib/amd64/server/libjvm.so
7fa59e566000-7fa59e5a7000 rw-p 00000000 00:00 0 
7fa59e5a7000-7fa59e75c000 r-xp 00000000 08:05 546573                     /lib/x86_64-linux-gnu/libc-2.15.so
7fa59e75c000-7fa59e95c000 ---p 001b5000 08:05 546573                     /lib/x86_64-linux-gnu/libc-2.15.so
7fa59e95c000-7fa59e960000 r--p 001b5000 08:05 546573                     /lib/x86_64-linux-gnu/libc-2.15.so
7fa59e960000-7fa59e962000 rw-p 001b9000 08:05 546573                     /lib/x86_64-linux-gnu/libc-2.15.so
7fa59e962000-7fa59e967000 rw-p 00000000 00:00 0 
7fa59e967000-7fa59e969000 r-xp 00000000 08:05 546571                     /lib/x86_64-linux-gnu/libdl-2.15.so
7fa59e969000-7fa59eb69000 ---p 00002000 08:05 546571                     /lib/x86_64-linux-gnu/libdl-2.15.so
7fa59eb69000-7fa59eb6a000 r--p 00002000 08:05 546571                     /lib/x86_64-linux-gnu/libdl-2.15.so
7fa59eb6a000-7fa59eb6b000 rw-p 00003000 08:05 546571                     /lib/x86_64-linux-gnu/libdl-2.15.so
7fa59eb6b000-7fa59eb81000 r-xp 00000000 08:05 2805261                    /usr/lib/jvm/java-7-oracle/lib/amd64/jli/libjli.so
7fa59eb81000-7fa59ed81000 ---p 00016000 08:05 2805261                    /usr/lib/jvm/java-7-oracle/lib/amd64/jli/libjli.so
7fa59ed81000-7fa59ed82000 rw-p 00016000 08:05 2805261                    /usr/lib/jvm/java-7-oracle/lib/amd64/jli/libjli.so
7fa59ed82000-7fa59ed9a000 r-xp 00000000 08:05 546556                     /lib/x86_64-linux-gnu/libpthread-2.15.so
7fa59ed9a000-7fa59ef99000 ---p 00018000 08:05 546556                     /lib/x86_64-linux-gnu/libpthread-2.15.so
7fa59ef99000-7fa59ef9a000 r--p 00017000 08:05 546556                     /lib/x86_64-linux-gnu/libpthread-2.15.so
7fa59ef9a000-7fa59ef9b000 rw-p 00018000 08:05 546556                     /lib/x86_64-linux-gnu/libpthread-2.15.so
7fa59ef9b000-7fa59ef9f000 rw-p 00000000 00:00 0 
7fa59ef9f000-7fa59efc1000 r-xp 00000000 08:05 546561                     /lib/x86_64-linux-gnu/ld-2.15.so
7fa59efcc000-7fa59efd6000 rw-p 00000000 00:00 0 
7fa59efd6000-7fa59f08c000 rw-p 00000000 00:00 0 
7fa59f08c000-7fa59f08f000 ---p 00000000 00:00 0 
7fa59f08f000-7fa59f191000 rw-p 00000000 00:00 0                          [stack:10016]
7fa59f194000-7fa59f1b5000 rw-p 00000000 00:00 0 
7fa59f1b5000-7fa59f1bd000 rw-s 00000000 08:05 1331972                    /tmp/hsperfdata_yuechuan/10015
7fa59f1bd000-7fa59f1be000 rw-p 00000000 00:00 0 
7fa59f1be000-7fa59f1bf000 r--p 00000000 00:00 0 
7fa59f1bf000-7fa59f1c1000 rw-p 00000000 00:00 0 
7fa59f1c1000-7fa59f1c2000 r--p 00022000 08:05 546561                     /lib/x86_64-linux-gnu/ld-2.15.so
7fa59f1c2000-7fa59f1c4000 rw-p 00023000 08:05 546561                     /lib/x86_64-linux-gnu/ld-2.15.so
7fff017d3000-7fff017f4000 rw-p 00000000 00:00 0                          [stack]
7fff017ff000-7fff01800000 r-xp 00000000 00:00 0                          [vdso]
ffffffffff600000-ffffffffff601000 r-xp 00000000 00:00 0                  [vsyscall]

VM Arguments:
jvm_args: -Dfile.encoding=UTF-8 -Xbootclasspath:/home/yuechuan/Application/leJOS_NXJ_0.9.1beta-3/lib/nxt/classes.jar 
java_command: Lab1
Launcher Type: SUN_STANDARD

Environment Variables:
PATH=/usr/local/sbin:/usr/local/bin:/usr/sbin:/usr/bin:/sbin:/bin:/usr/games:/usr/local/games:/home/yuechuan/Application/leJOS_NXJ_0.9.1beta-3//bin:/opt/ros/hydro/bin
USERNAME=yuechuan
SHELL=/bin/bash
DISPLAY=:0

Signal Handlers:
SIGSEGV: [libjvm.so+0x9935b0], sa_mask[0]=0x7ffbfeff, sa_flags=0x10000004
SIGBUS: [libjvm.so+0x9935b0], sa_mask[0]=0x7ffbfeff, sa_flags=0x10000004
SIGFPE: [libjvm.so+0x810330], sa_mask[0]=0x7ffbfeff, sa_flags=0x10000004
SIGPIPE: [libjvm.so+0x810330], sa_mask[0]=0x7ffbfeff, sa_flags=0x10000004
SIGXFSZ: [libjvm.so+0x810330], sa_mask[0]=0x7ffbfeff, sa_flags=0x10000004
SIGILL: [libjvm.so+0x810330], sa_mask[0]=0x7ffbfeff, sa_flags=0x10000004
SIGUSR1: SIG_DFL, sa_mask[0]=0x00000000, sa_flags=0x00000000
SIGUSR2: [libjvm.so+0x811820], sa_mask[0]=0x00000004, sa_flags=0x10000004
SIGHUP: SIG_DFL, sa_mask[0]=0x00000000, sa_flags=0x00000000
SIGINT: SIG_DFL, sa_mask[0]=0x00000000, sa_flags=0x00000000
SIGTERM: SIG_DFL, sa_mask[0]=0x00000000, sa_flags=0x00000000
SIGQUIT: SIG_DFL, sa_mask[0]=0x00000000, sa_flags=0x00000000


---------------  S Y S T E M  ---------------

OS:wheezy/sid

uname:Linux 3.5.0-45-generic #68-Ubuntu SMP Mon Dec 2 21:58:52 UTC 2013 x86_64
libc:glibc 2.15 NPTL 2.15 
rlimit: STACK 8192k, CORE 0k, NPROC 46901, NOFILE 4096, AS infinity
load average:1.27 0.54 0.57

/proc/meminfo:
MemTotal:        6021944 kB
MemFree:         1213824 kB
Buffers:          449584 kB
Cached:           922392 kB
SwapCached:        14780 kB
Active:          2544616 kB
Inactive:        1814348 kB
Active(anon):    2088600 kB
Inactive(anon):  1067756 kB
Active(file):     456016 kB
Inactive(file):   746592 kB
Unevictable:         124 kB
Mlocked:             124 kB
SwapTotal:       1951740 kB
SwapFree:        1885896 kB
Dirty:              1968 kB
Writeback:            20 kB
AnonPages:       2974372 kB
Mapped:           145864 kB
Shmem:            169364 kB
Slab:             300196 kB
SReclaimable:     262864 kB
SUnreclaim:        37332 kB
KernelStack:        5240 kB
PageTables:        55348 kB
NFS_Unstable:          0 kB
Bounce:                0 kB
WritebackTmp:          0 kB
CommitLimit:     4962712 kB
Committed_AS:    8300712 kB
VmallocTotal:   34359738367 kB
VmallocUsed:      366728 kB
VmallocChunk:   34359367512 kB
HardwareCorrupted:     0 kB
AnonHugePages:         0 kB
HugePages_Total:       0
HugePages_Free:        0
HugePages_Rsvd:        0
HugePages_Surp:        0
Hugepagesize:       2048 kB
DirectMap4k:       67572 kB
DirectMap2M:     6139904 kB


CPU:total 4 (2 cores per cpu, 2 threads per core) family 6 model 42 stepping 7, cmov, cx8, fxsr, mmx, sse, sse2, sse3, ssse3, sse4.1, sse4.2, popcnt, avx, aes, ht, tsc, tscinvbit

/proc/cpuinfo:
processor	: 0
vendor_id	: GenuineIntel
cpu family	: 6
model		: 42
model name	: Intel(R) Core(TM) i5-2410M CPU @ 2.30GHz
stepping	: 7
microcode	: 0x1a
cpu MHz		: 800.000
cache size	: 3072 KB
physical id	: 0
siblings	: 4
core id		: 0
cpu cores	: 2
apicid		: 0
initial apicid	: 0
fpu		: yes
fpu_exception	: yes
cpuid level	: 13
wp		: yes
flags		: fpu vme de pse tsc msr pae mce cx8 apic sep mtrr pge mca cmov pat pse36 clflush dts acpi mmx fxsr sse sse2 ss ht tm pbe syscall nx rdtscp lm constant_tsc arch_perfmon pebs bts rep_good nopl xtopology nonstop_tsc aperfmperf pni pclmulqdq dtes64 monitor ds_cpl vmx est tm2 ssse3 cx16 xtpr pdcm pcid sse4_1 sse4_2 x2apic popcnt tsc_deadline_timer aes xsave avx lahf_lm ida arat epb xsaveopt pln pts dtherm tpr_shadow vnmi flexpriority ept vpid
bogomips	: 4589.73
clflush size	: 64
cache_alignment	: 64
address sizes	: 36 bits physical, 48 bits virtual
power management:

processor	: 1
vendor_id	: GenuineIntel
cpu family	: 6
model		: 42
model name	: Intel(R) Core(TM) i5-2410M CPU @ 2.30GHz
stepping	: 7
microcode	: 0x1a
cpu MHz		: 800.000
cache size	: 3072 KB
physical id	: 0
siblings	: 4
core id		: 1
cpu cores	: 2
apicid		: 2
initial apicid	: 2
fpu		: yes
fpu_exception	: yes
cpuid level	: 13
wp		: yes
flags		: fpu vme de pse tsc msr pae mce cx8 apic sep mtrr pge mca cmov pat pse36 clflush dts acpi mmx fxsr sse sse2 ss ht tm pbe syscall nx rdtscp lm constant_tsc arch_perfmon pebs bts rep_good nopl xtopology nonstop_tsc aperfmperf pni pclmulqdq dtes64 monitor ds_cpl vmx est tm2 ssse3 cx16 xtpr pdcm pcid sse4_1 sse4_2 x2apic popcnt tsc_deadline_timer aes xsave avx lahf_lm ida arat epb xsaveopt pln pts dtherm tpr_shadow vnmi flexpriority ept vpid
bogomips	: 4589.73
clflush size	: 64
cache_alignment	: 64
address sizes	: 36 bits physical, 48 bits virtual
power management:

processor	: 2
vendor_id	: GenuineIntel
cpu family	: 6
model		: 42
model name	: Intel(R) Core(TM) i5-2410M CPU @ 2.30GHz
stepping	: 7
microcode	: 0x1a
cpu MHz		: 800.000
cache size	: 3072 KB
physical id	: 0
siblings	: 4
core id		: 0
cpu cores	: 2
apicid		: 1
initial apicid	: 1
fpu		: yes
fpu_exception	: yes
cpuid level	: 13
wp		: yes
flags		: fpu vme de pse tsc msr pae mce cx8 apic sep mtrr pge mca cmov pat pse36 clflush dts acpi mmx fxsr sse sse2 ss ht tm pbe syscall nx rdtscp lm constant_tsc arch_perfmon pebs bts rep_good nopl xtopology nonstop_tsc aperfmperf pni pclmulqdq dtes64 monitor ds_cpl vmx est tm2 ssse3 cx16 xtpr pdcm pcid sse4_1 sse4_2 x2apic popcnt tsc_deadline_timer aes xsave avx lahf_lm ida arat epb xsaveopt pln pts dtherm tpr_shadow vnmi flexpriority ept vpid
bogomips	: 4589.73
clflush size	: 64
cache_alignment	: 64
address sizes	: 36 bits physical, 48 bits virtual
power management:

processor	: 3
vendor_id	: GenuineIntel
cpu family	: 6
model		: 42
model name	: Intel(R) Core(TM) i5-2410M CPU @ 2.30GHz
stepping	: 7
microcode	: 0x1a
cpu MHz		: 800.000
cache size	: 3072 KB
physical id	: 0
siblings	: 4
core id		: 1
cpu cores	: 2
apicid		: 3
initial apicid	: 3
fpu		: yes
fpu_exception	: yes
cpuid level	: 13
wp		: yes
flags		: fpu vme de pse tsc msr pae mce cx8 apic sep mtrr pge mca cmov pat pse36 clflush dts acpi mmx fxsr sse sse2 ss ht tm pbe syscall nx rdtscp lm constant_tsc arch_perfmon pebs bts rep_good nopl xtopology nonstop_tsc aperfmperf pni pclmulqdq dtes64 monitor ds_cpl vmx est tm2 ssse3 cx16 xtpr pdcm pcid sse4_1 sse4_2 x2apic popcnt tsc_deadline_timer aes xsave avx lahf_lm ida arat epb xsaveopt pln pts dtherm tpr_shadow vnmi flexpriority ept vpid
bogomips	: 4589.73
clflush size	: 64
cache_alignment	: 64
address sizes	: 36 bits physical, 48 bits virtual
power management:



Memory: 4k page, physical 6021944k(1213824k free), swap 1951740k(1885896k free)

vm_info: Java HotSpot(TM) 64-Bit Server VM (24.45-b08) for linux-amd64 JRE (1.7.0_45-b18), built on Oct  8 2013 05:44:25 by "java_re" with gcc 4.3.0 20080428 (Red Hat 4.3.0-8)

time: Sat Jan 18 09:25:07 2014
elapsed time: 0 seconds

