#
# A fatal error has been detected by the Java Runtime Environment:
#
#  Internal Error (javaClasses.cpp:136), pid=10122, tid=139764697253632
#  fatal error: Invalid layout of preloaded class
#
# JRE version:  (7.0_45-b18) (build )
# Java VM: Java HotSpot(TM) 64-Bit Server VM (24.45-b08 mixed mode linux-amd64 compressed oops)
# Failed to write core dump. Core dumps have been disabled. To enable core dumping, try "ulimit -c unlimited" before starting Java again
#
# If you would like to submit a bug report, please visit:
#   http://bugreport.sun.com/bugreport/crash.jsp
#

---------------  T H R E A D  ---------------

Current thread (0x00007f1d78009800):  JavaThread "Unknown thread" [_thread_in_vm, id=10127, stack(0x00007f1d8111c000,0x00007f1d8121d000)]

Stack: [0x00007f1d8111c000,0x00007f1d8121d000],  sp=0x00007f1d8121b7c0,  free space=1021k
Native frames: (J=compiled Java code, j=interpreted, Vv=VM code, C=native code)
V  [libjvm.so+0x992c8a]  VMError::report_and_die()+0x2ea
V  [libjvm.so+0x493559]  report_fatal(char const*, int, char const*)+0x59
V  [libjvm.so+0x5fdd00]  compute_offset(int&, klassOopDesc*, Symbol*, Symbol*, bool)+0x140
V  [libjvm.so+0x5fe819]  java_lang_String::compute_offsets()+0x39
V  [libjvm.so+0x918f55]  SystemDictionary::initialize_preloaded_classes(Thread*)+0x1a5
V  [libjvm.so+0x967c94]  Universe::genesis(Thread*)+0x494
V  [libjvm.so+0x968149]  universe2_init()+0x29
V  [libjvm.so+0x5a969d]  init_globals()+0xbd
V  [libjvm.so+0x94ed1d]  Threads::create_vm(JavaVMInitArgs*, bool*)+0x1ed
V  [libjvm.so+0x630804]  JNI_CreateJavaVM+0x74
C  [libjli.so+0x2f8e]  JavaMain+0x9e


---------------  P R O C E S S  ---------------

Java Threads: ( => current thread )

Other Threads:

=>0x00007f1d78009800 (exited) JavaThread "Unknown thread" [_thread_in_vm, id=10127, stack(0x00007f1d8111c000,0x00007f1d8121d000)]

VM state:not at safepoint (not fully initialized)

VM Mutex/Monitor currently owned by a thread: None

GC Heap History (0 events):
No events

Deoptimization events (0 events):
No events

Internal exceptions (0 events):
No events

Events (10 events):
Event: 0.019 loading class 0x00007f1d7d78f0d0
Event: 0.020 loading class 0x00007f1d7d78f0d0 done
Event: 0.020 loading class 0x00007f1d7d78f110
Event: 0.020 loading class 0x00007f1d7d78f6f0
Event: 0.020 loading class 0x00007f1d7d78f6f0 done
Event: 0.020 loading class 0x00007f1d7d795e10
Event: 0.021 loading class 0x00007f1d7d795e10 done
Event: 0.021 loading class 0x00007f1d7d78f110 done
Event: 0.021 loading class 0x00007f1d7d78f0f0
Event: 0.021 loading class 0x00007f1d7d78f0f0 done


Dynamic libraries:
00400000-00401000 r-xp 00000000 08:05 2779694                            /usr/lib/jvm/java-7-oracle/bin/java
00600000-00601000 rw-p 00000000 08:05 2779694                            /usr/lib/jvm/java-7-oracle/bin/java
00ee3000-00f04000 rw-p 00000000 00:00 0                                  [heap]
9ee00000-a0300000 rw-p 00000000 00:00 0 
a0300000-a4000000 rw-p 00000000 00:00 0 
a4000000-a7d00000 rw-p 00000000 00:00 0 
a7d00000-e1500000 rw-p 00000000 00:00 0 
e1500000-e3400000 rw-p 00000000 00:00 0 
e3400000-100000000 rw-p 00000000 00:00 0 
7f1d58000000-7f1d58021000 rw-p 00000000 00:00 0 
7f1d58021000-7f1d5c000000 ---p 00000000 00:00 0 
7f1d60000000-7f1d60021000 rw-p 00000000 00:00 0 
7f1d60021000-7f1d64000000 ---p 00000000 00:00 0 
7f1d68000000-7f1d68021000 rw-p 00000000 00:00 0 
7f1d68021000-7f1d6c000000 ---p 00000000 00:00 0 
7f1d6cf70000-7f1d70000000 rw-p 00000000 00:00 0 
7f1d70000000-7f1d70021000 rw-p 00000000 00:00 0 
7f1d70021000-7f1d74000000 ---p 00000000 00:00 0 
7f1d75000000-7f1d75270000 rwxp 00000000 00:00 0 
7f1d75270000-7f1d78053000 rw-p 00000000 00:00 0 
7f1d78053000-7f1d7c000000 ---p 00000000 00:00 0 
7f1d7d4c2000-7f1d7d709000 rw-p 00000000 00:00 0 
7f1d7d709000-7f1d7d719000 r--s 000bf000 08:05 2098413                    /home/yuechuan/Application/leJOS_NXJ_0.9.1beta-3/lib/nxt/classes.jar
7f1d7d719000-7f1d7db1b000 rw-p 00000000 00:00 0 
7f1d7db1b000-7f1d7db1c000 ---p 00000000 00:00 0 
7f1d7db1c000-7f1d7dc1c000 rw-p 00000000 00:00 0                          [stack:10131]
7f1d7dc1c000-7f1d7dc1d000 ---p 00000000 00:00 0 
7f1d7dc1d000-7f1d7dd1d000 rw-p 00000000 00:00 0                          [stack:10130]
7f1d7dd1d000-7f1d7dd1e000 ---p 00000000 00:00 0 
7f1d7dd1e000-7f1d7de1e000 rw-p 00000000 00:00 0                          [stack:10129]
7f1d7de1e000-7f1d7de1f000 ---p 00000000 00:00 0 
7f1d7de1f000-7f1d7df2a000 rw-p 00000000 00:00 0                          [stack:10128]
7f1d7df2a000-7f1d7df48000 rw-p 00000000 00:00 0 
7f1d7df48000-7f1d7df67000 rw-p 00000000 00:00 0 
7f1d7df67000-7f1d7e133000 rw-p 00000000 00:00 0 
7f1d7e133000-7f1d7e13e000 rw-p 00000000 00:00 0 
7f1d7e13e000-7f1d7e15c000 rw-p 00000000 00:00 0 
7f1d7e15c000-7f1d7e17b000 rw-p 00000000 00:00 0 
7f1d7e17b000-7f1d7e346000 rw-p 00000000 00:00 0 
7f1d7e346000-7f1d7e356000 rw-p 00000000 00:00 0 
7f1d7e356000-7f1d7e43c000 rw-p 00000000 00:00 0 
7f1d7e43c000-7f1d7e43d000 rw-p 00000000 00:00 0 
7f1d7e43d000-7f1d7e457000 r-xp 00000000 08:05 2802201                    /usr/lib/jvm/java-7-oracle/jre/lib/amd64/libzip.so
7f1d7e457000-7f1d7e657000 ---p 0001a000 08:05 2802201                    /usr/lib/jvm/java-7-oracle/jre/lib/amd64/libzip.so
7f1d7e657000-7f1d7e658000 rw-p 0001a000 08:05 2802201                    /usr/lib/jvm/java-7-oracle/jre/lib/amd64/libzip.so
7f1d7e658000-7f1d7e664000 r-xp 00000000 08:05 546558                     /lib/x86_64-linux-gnu/libnss_files-2.15.so
7f1d7e664000-7f1d7e863000 ---p 0000c000 08:05 546558                     /lib/x86_64-linux-gnu/libnss_files-2.15.so
7f1d7e863000-7f1d7e864000 r--p 0000b000 08:05 546558                     /lib/x86_64-linux-gnu/libnss_files-2.15.so
7f1d7e864000-7f1d7e865000 rw-p 0000c000 08:05 546558                     /lib/x86_64-linux-gnu/libnss_files-2.15.so
7f1d7e865000-7f1d7e86f000 r-xp 00000000 08:05 546554                     /lib/x86_64-linux-gnu/libnss_nis-2.15.so
7f1d7e86f000-7f1d7ea6f000 ---p 0000a000 08:05 546554                     /lib/x86_64-linux-gnu/libnss_nis-2.15.so
7f1d7ea6f000-7f1d7ea70000 r--p 0000a000 08:05 546554                     /lib/x86_64-linux-gnu/libnss_nis-2.15.so
7f1d7ea70000-7f1d7ea71000 rw-p 0000b000 08:05 546554                     /lib/x86_64-linux-gnu/libnss_nis-2.15.so
7f1d7ea71000-7f1d7ea88000 r-xp 00000000 08:05 546568                     /lib/x86_64-linux-gnu/libnsl-2.15.so
7f1d7ea88000-7f1d7ec87000 ---p 00017000 08:05 546568                     /lib/x86_64-linux-gnu/libnsl-2.15.so
7f1d7ec87000-7f1d7ec88000 r--p 00016000 08:05 546568                     /lib/x86_64-linux-gnu/libnsl-2.15.so
7f1d7ec88000-7f1d7ec89000 rw-p 00017000 08:05 546568                     /lib/x86_64-linux-gnu/libnsl-2.15.so
7f1d7ec89000-7f1d7ec8b000 rw-p 00000000 00:00 0 
7f1d7ec8b000-7f1d7ec93000 r-xp 00000000 08:05 546572                     /lib/x86_64-linux-gnu/libnss_compat-2.15.so
7f1d7ec93000-7f1d7ee92000 ---p 00008000 08:05 546572                     /lib/x86_64-linux-gnu/libnss_compat-2.15.so
7f1d7ee92000-7f1d7ee93000 r--p 00007000 08:05 546572                     /lib/x86_64-linux-gnu/libnss_compat-2.15.so
7f1d7ee93000-7f1d7ee94000 rw-p 00008000 08:05 546572                     /lib/x86_64-linux-gnu/libnss_compat-2.15.so
7f1d7ee94000-7f1d7eebd000 r-xp 00000000 08:05 2804961                    /usr/lib/jvm/java-7-oracle/jre/lib/amd64/libjava.so
7f1d7eebd000-7f1d7f0bd000 ---p 00029000 08:05 2804961                    /usr/lib/jvm/java-7-oracle/jre/lib/amd64/libjava.so
7f1d7f0bd000-7f1d7f0bf000 rw-p 00029000 08:05 2804961                    /usr/lib/jvm/java-7-oracle/jre/lib/amd64/libjava.so
7f1d7f0bf000-7f1d7f0cc000 r-xp 00000000 08:05 2802199                    /usr/lib/jvm/java-7-oracle/jre/lib/amd64/libverify.so
7f1d7f0cc000-7f1d7f2cb000 ---p 0000d000 08:05 2802199                    /usr/lib/jvm/java-7-oracle/jre/lib/amd64/libverify.so
7f1d7f2cb000-7f1d7f2cd000 rw-p 0000c000 08:05 2802199                    /usr/lib/jvm/java-7-oracle/jre/lib/amd64/libverify.so
7f1d7f2cd000-7f1d7f2d4000 r-xp 00000000 08:05 546560                     /lib/x86_64-linux-gnu/librt-2.15.so
7f1d7f2d4000-7f1d7f4d3000 ---p 00007000 08:05 546560                     /lib/x86_64-linux-gnu/librt-2.15.so
7f1d7f4d3000-7f1d7f4d4000 r--p 00006000 08:05 546560                     /lib/x86_64-linux-gnu/librt-2.15.so
7f1d7f4d4000-7f1d7f4d5000 rw-p 00007000 08:05 546560                     /lib/x86_64-linux-gnu/librt-2.15.so
7f1d7f4d5000-7f1d7f5d0000 r-xp 00000000 08:05 546569                     /lib/x86_64-linux-gnu/libm-2.15.so
7f1d7f5d0000-7f1d7f7cf000 ---p 000fb000 08:05 546569                     /lib/x86_64-linux-gnu/libm-2.15.so
7f1d7f7cf000-7f1d7f7d0000 r--p 000fa000 08:05 546569                     /lib/x86_64-linux-gnu/libm-2.15.so
7f1d7f7d0000-7f1d7f7d1000 rw-p 000fb000 08:05 546569                     /lib/x86_64-linux-gnu/libm-2.15.so
7f1d7f7d1000-7f1d80333000 r-xp 00000000 08:05 2805005                    /usr/lib/jvm/java-7-oracle/jre/lib/amd64/server/libjvm.so
7f1d80333000-7f1d80533000 ---p 00b62000 08:05 2805005                    /usr/lib/jvm/java-7-oracle/jre/lib/amd64/server/libjvm.so
7f1d80533000-7f1d805f6000 rw-p 00b62000 08:05 2805005                    /usr/lib/jvm/java-7-oracle/jre/lib/amd64/server/libjvm.so
7f1d805f6000-7f1d80637000 rw-p 00000000 00:00 0 
7f1d80637000-7f1d807ec000 r-xp 00000000 08:05 546573                     /lib/x86_64-linux-gnu/libc-2.15.so
7f1d807ec000-7f1d809ec000 ---p 001b5000 08:05 546573                     /lib/x86_64-linux-gnu/libc-2.15.so
7f1d809ec000-7f1d809f0000 r--p 001b5000 08:05 546573                     /lib/x86_64-linux-gnu/libc-2.15.so
7f1d809f0000-7f1d809f2000 rw-p 001b9000 08:05 546573                     /lib/x86_64-linux-gnu/libc-2.15.so
7f1d809f2000-7f1d809f7000 rw-p 00000000 00:00 0 
7f1d809f7000-7f1d809f9000 r-xp 00000000 08:05 546571                     /lib/x86_64-linux-gnu/libdl-2.15.so
7f1d809f9000-7f1d80bf9000 ---p 00002000 08:05 546571                     /lib/x86_64-linux-gnu/libdl-2.15.so
7f1d80bf9000-7f1d80bfa000 r--p 00002000 08:05 546571                     /lib/x86_64-linux-gnu/libdl-2.15.so
7f1d80bfa000-7f1d80bfb000 rw-p 00003000 08:05 546571                     /lib/x86_64-linux-gnu/libdl-2.15.so
7f1d80bfb000-7f1d80c11000 r-xp 00000000 08:05 2805261                    /usr/lib/jvm/java-7-oracle/lib/amd64/jli/libjli.so
7f1d80c11000-7f1d80e11000 ---p 00016000 08:05 2805261                    /usr/lib/jvm/java-7-oracle/lib/amd64/jli/libjli.so
7f1d80e11000-7f1d80e12000 rw-p 00016000 08:05 2805261                    /usr/lib/jvm/java-7-oracle/lib/amd64/jli/libjli.so
7f1d80e12000-7f1d80e2a000 r-xp 00000000 08:05 546556                     /lib/x86_64-linux-gnu/libpthread-2.15.so
7f1d80e2a000-7f1d81029000 ---p 00018000 08:05 546556                     /lib/x86_64-linux-gnu/libpthread-2.15.so
7f1d81029000-7f1d8102a000 r--p 00017000 08:05 546556                     /lib/x86_64-linux-gnu/libpthread-2.15.so
7f1d8102a000-7f1d8102b000 rw-p 00018000 08:05 546556                     /lib/x86_64-linux-gnu/libpthread-2.15.so
7f1d8102b000-7f1d8102f000 rw-p 00000000 00:00 0 
7f1d8102f000-7f1d81051000 r-xp 00000000 08:05 546561                     /lib/x86_64-linux-gnu/ld-2.15.so
7f1d8105c000-7f1d81066000 rw-p 00000000 00:00 0 
7f1d81066000-7f1d8111c000 rw-p 00000000 00:00 0 
7f1d8111c000-7f1d8111f000 ---p 00000000 00:00 0 
7f1d8111f000-7f1d81221000 rw-p 00000000 00:00 0                          [stack:10127]
7f1d81226000-7f1d81245000 rw-p 00000000 00:00 0 
7f1d81245000-7f1d8124d000 rw-s 00000000 08:05 1331972                    /tmp/hsperfdata_yuechuan/10122
7f1d8124d000-7f1d8124e000 rw-p 00000000 00:00 0 
7f1d8124e000-7f1d8124f000 r--p 00000000 00:00 0 
7f1d8124f000-7f1d81251000 rw-p 00000000 00:00 0 
7f1d81251000-7f1d81252000 r--p 00022000 08:05 546561                     /lib/x86_64-linux-gnu/ld-2.15.so
7f1d81252000-7f1d81254000 rw-p 00023000 08:05 546561                     /lib/x86_64-linux-gnu/ld-2.15.so
7ffffb277000-7ffffb298000 rw-p 00000000 00:00 0                          [stack]
7ffffb3b8000-7ffffb3b9000 r-xp 00000000 00:00 0                          [vdso]
ffffffffff600000-ffffffffff601000 r-xp 00000000 00:00 0                  [vsyscall]

VM Arguments:
jvm_args: -Dfile.encoding=UTF-8 -Xbootclasspath:/home/yuechuan/Application/leJOS_NXJ_0.9.1beta-3/lib/nxt/classes.jar 
java_command: Lab1
Launcher Type: SUN_STANDARD

Environment Variables:
PATH=/usr/local/sbin:/usr/local/bin:/usr/sbin:/usr/bin:/sbin:/bin:/usr/games:/usr/local/games:/home/yuechuan/Application/leJOS_NXJ_0.9.1beta-3//bin:/opt/ros/hydro/bin
USERNAME=yuechuan
SHELL=/bin/bash
DISPLAY=:0

Signal Handlers:
SIGSEGV: [libjvm.so+0x9935b0], sa_mask[0]=0x7ffbfeff, sa_flags=0x10000004
SIGBUS: [libjvm.so+0x9935b0], sa_mask[0]=0x7ffbfeff, sa_flags=0x10000004
SIGFPE: [libjvm.so+0x810330], sa_mask[0]=0x7ffbfeff, sa_flags=0x10000004
SIGPIPE: [libjvm.so+0x810330], sa_mask[0]=0x7ffbfeff, sa_flags=0x10000004
SIGXFSZ: [libjvm.so+0x810330], sa_mask[0]=0x7ffbfeff, sa_flags=0x10000004
SIGILL: [libjvm.so+0x810330], sa_mask[0]=0x7ffbfeff, sa_flags=0x10000004
SIGUSR1: SIG_DFL, sa_mask[0]=0x00000000, sa_flags=0x00000000
SIGUSR2: [libjvm.so+0x811820], sa_mask[0]=0x00000004, sa_flags=0x10000004
SIGHUP: SIG_DFL, sa_mask[0]=0x00000000, sa_flags=0x00000000
SIGINT: SIG_DFL, sa_mask[0]=0x00000000, sa_flags=0x00000000
SIGTERM: SIG_DFL, sa_mask[0]=0x00000000, sa_flags=0x00000000
SIGQUIT: SIG_DFL, sa_mask[0]=0x00000000, sa_flags=0x00000000


---------------  S Y S T E M  ---------------

OS:wheezy/sid

uname:Linux 3.5.0-45-generic #68-Ubuntu SMP Mon Dec 2 21:58:52 UTC 2013 x86_64
libc:glibc 2.15 NPTL 2.15 
rlimit: STACK 8192k, CORE 0k, NPROC 46901, NOFILE 4096, AS infinity
load average:1.49 0.67 0.61

/proc/meminfo:
MemTotal:        6021944 kB
MemFree:         1190868 kB
Buffers:          449608 kB
Cached:           919408 kB
SwapCached:        14808 kB
Active:          2597872 kB
Inactive:        1782936 kB
Active(anon):    2113848 kB
Inactive(anon):  1063712 kB
Active(file):     484024 kB
Inactive(file):   719224 kB
Unevictable:         124 kB
Mlocked:             124 kB
SwapTotal:       1951740 kB
SwapFree:        1886216 kB
Dirty:               244 kB
Writeback:             0 kB
AnonPages:       2998900 kB
Mapped:           145920 kB
Shmem:            165768 kB
Slab:             300396 kB
SReclaimable:     263048 kB
SUnreclaim:        37348 kB
KernelStack:        5192 kB
PageTables:        55764 kB
NFS_Unstable:          0 kB
Bounce:                0 kB
WritebackTmp:          0 kB
CommitLimit:     4962712 kB
Committed_AS:    8338728 kB
VmallocTotal:   34359738367 kB
VmallocUsed:      366728 kB
VmallocChunk:   34359367512 kB
HardwareCorrupted:     0 kB
AnonHugePages:         0 kB
HugePages_Total:       0
HugePages_Free:        0
HugePages_Rsvd:        0
HugePages_Surp:        0
Hugepagesize:       2048 kB
DirectMap4k:       67572 kB
DirectMap2M:     6139904 kB


CPU:total 4 (2 cores per cpu, 2 threads per core) family 6 model 42 stepping 7, cmov, cx8, fxsr, mmx, sse, sse2, sse3, ssse3, sse4.1, sse4.2, popcnt, avx, aes, ht, tsc, tscinvbit

/proc/cpuinfo:
processor	: 0
vendor_id	: GenuineIntel
cpu family	: 6
model		: 42
model name	: Intel(R) Core(TM) i5-2410M CPU @ 2.30GHz
stepping	: 7
microcode	: 0x1a
cpu MHz		: 800.000
cache size	: 3072 KB
physical id	: 0
siblings	: 4
core id		: 0
cpu cores	: 2
apicid		: 0
initial apicid	: 0
fpu		: yes
fpu_exception	: yes
cpuid level	: 13
wp		: yes
flags		: fpu vme de pse tsc msr pae mce cx8 apic sep mtrr pge mca cmov pat pse36 clflush dts acpi mmx fxsr sse sse2 ss ht tm pbe syscall nx rdtscp lm constant_tsc arch_perfmon pebs bts rep_good nopl xtopology nonstop_tsc aperfmperf pni pclmulqdq dtes64 monitor ds_cpl vmx est tm2 ssse3 cx16 xtpr pdcm pcid sse4_1 sse4_2 x2apic popcnt tsc_deadline_timer aes xsave avx lahf_lm ida arat epb xsaveopt pln pts dtherm tpr_shadow vnmi flexpriority ept vpid
bogomips	: 4589.73
clflush size	: 64
cache_alignment	: 64
address sizes	: 36 bits physical, 48 bits virtual
power management:

processor	: 1
vendor_id	: GenuineIntel
cpu family	: 6
model		: 42
model name	: Intel(R) Core(TM) i5-2410M CPU @ 2.30GHz
stepping	: 7
microcode	: 0x1a
cpu MHz		: 800.000
cache size	: 3072 KB
physical id	: 0
siblings	: 4
core id		: 1
cpu cores	: 2
apicid		: 2
initial apicid	: 2
fpu		: yes
fpu_exception	: yes
cpuid level	: 13
wp		: yes
flags		: fpu vme de pse tsc msr pae mce cx8 apic sep mtrr pge mca cmov pat pse36 clflush dts acpi mmx fxsr sse sse2 ss ht tm pbe syscall nx rdtscp lm constant_tsc arch_perfmon pebs bts rep_good nopl xtopology nonstop_tsc aperfmperf pni pclmulqdq dtes64 monitor ds_cpl vmx est tm2 ssse3 cx16 xtpr pdcm pcid sse4_1 sse4_2 x2apic popcnt tsc_deadline_timer aes xsave avx lahf_lm ida arat epb xsaveopt pln pts dtherm tpr_shadow vnmi flexpriority ept vpid
bogomips	: 4589.73
clflush size	: 64
cache_alignment	: 64
address sizes	: 36 bits physical, 48 bits virtual
power management:

processor	: 2
vendor_id	: GenuineIntel
cpu family	: 6
model		: 42
model name	: Intel(R) Core(TM) i5-2410M CPU @ 2.30GHz
stepping	: 7
microcode	: 0x1a
cpu MHz		: 800.000
cache size	: 3072 KB
physical id	: 0
siblings	: 4
core id		: 0
cpu cores	: 2
apicid		: 1
initial apicid	: 1
fpu		: yes
fpu_exception	: yes
cpuid level	: 13
wp		: yes
flags		: fpu vme de pse tsc msr pae mce cx8 apic sep mtrr pge mca cmov pat pse36 clflush dts acpi mmx fxsr sse sse2 ss ht tm pbe syscall nx rdtscp lm constant_tsc arch_perfmon pebs bts rep_good nopl xtopology nonstop_tsc aperfmperf pni pclmulqdq dtes64 monitor ds_cpl vmx est tm2 ssse3 cx16 xtpr pdcm pcid sse4_1 sse4_2 x2apic popcnt tsc_deadline_timer aes xsave avx lahf_lm ida arat epb xsaveopt pln pts dtherm tpr_shadow vnmi flexpriority ept vpid
bogomips	: 4589.73
clflush size	: 64
cache_alignment	: 64
address sizes	: 36 bits physical, 48 bits virtual
power management:

processor	: 3
vendor_id	: GenuineIntel
cpu family	: 6
model		: 42
model name	: Intel(R) Core(TM) i5-2410M CPU @ 2.30GHz
stepping	: 7
microcode	: 0x1a
cpu MHz		: 800.000
cache size	: 3072 KB
physical id	: 0
siblings	: 4
core id		: 1
cpu cores	: 2
apicid		: 3
initial apicid	: 3
fpu		: yes
fpu_exception	: yes
cpuid level	: 13
wp		: yes
flags		: fpu vme de pse tsc msr pae mce cx8 apic sep mtrr pge mca cmov pat pse36 clflush dts acpi mmx fxsr sse sse2 ss ht tm pbe syscall nx rdtscp lm constant_tsc arch_perfmon pebs bts rep_good nopl xtopology nonstop_tsc aperfmperf pni pclmulqdq dtes64 monitor ds_cpl vmx est tm2 ssse3 cx16 xtpr pdcm pcid sse4_1 sse4_2 x2apic popcnt tsc_deadline_timer aes xsave avx lahf_lm ida arat epb xsaveopt pln pts dtherm tpr_shadow vnmi flexpriority ept vpid
bogomips	: 4589.73
clflush size	: 64
cache_alignment	: 64
address sizes	: 36 bits physical, 48 bits virtual
power management:



Memory: 4k page, physical 6021944k(1190868k free), swap 1951740k(1886216k free)

vm_info: Java HotSpot(TM) 64-Bit Server VM (24.45-b08) for linux-amd64 JRE (1.7.0_45-b18), built on Oct  8 2013 05:44:25 by "java_re" with gcc 4.3.0 20080428 (Red Hat 4.3.0-8)

time: Sat Jan 18 09:25:34 2014
elapsed time: 0 seconds

