#
# A fatal error has been detected by the Java Runtime Environment:
#
#  Internal Error (javaClasses.cpp:136), pid=10203, tid=139730622822144
#  fatal error: Invalid layout of preloaded class
#
# JRE version:  (7.0_45-b18) (build )
# Java VM: Java HotSpot(TM) 64-Bit Server VM (24.45-b08 mixed mode linux-amd64 compressed oops)
# Failed to write core dump. Core dumps have been disabled. To enable core dumping, try "ulimit -c unlimited" before starting Java again
#
# If you would like to submit a bug report, please visit:
#   http://bugreport.sun.com/bugreport/crash.jsp
#

---------------  T H R E A D  ---------------

Current thread (0x00007f158c009800):  JavaThread "Unknown thread" [_thread_in_vm, id=10208, stack(0x00007f1592133000,0x00007f1592234000)]

Stack: [0x00007f1592133000,0x00007f1592234000],  sp=0x00007f15922327c0,  free space=1021k
Native frames: (J=compiled Java code, j=interpreted, Vv=VM code, C=native code)
V  [libjvm.so+0x992c8a]  VMError::report_and_die()+0x2ea
V  [libjvm.so+0x493559]  report_fatal(char const*, int, char const*)+0x59
V  [libjvm.so+0x5fdd00]  compute_offset(int&, klassOopDesc*, Symbol*, Symbol*, bool)+0x140
V  [libjvm.so+0x5fe819]  java_lang_String::compute_offsets()+0x39
V  [libjvm.so+0x918f55]  SystemDictionary::initialize_preloaded_classes(Thread*)+0x1a5
V  [libjvm.so+0x967c94]  Universe::genesis(Thread*)+0x494
V  [libjvm.so+0x968149]  universe2_init()+0x29
V  [libjvm.so+0x5a969d]  init_globals()+0xbd
V  [libjvm.so+0x94ed1d]  Threads::create_vm(JavaVMInitArgs*, bool*)+0x1ed
V  [libjvm.so+0x630804]  JNI_CreateJavaVM+0x74
C  [libjli.so+0x2f8e]  JavaMain+0x9e


---------------  P R O C E S S  ---------------

Java Threads: ( => current thread )

Other Threads:

=>0x00007f158c009800 (exited) JavaThread "Unknown thread" [_thread_in_vm, id=10208, stack(0x00007f1592133000,0x00007f1592234000)]

VM state:not at safepoint (not fully initialized)

VM Mutex/Monitor currently owned by a thread: None

GC Heap History (0 events):
No events

Deoptimization events (0 events):
No events

Internal exceptions (0 events):
No events

Events (10 events):
Event: 0.015 loading class 0x00007f15846690d0
Event: 0.016 loading class 0x00007f15846690d0 done
Event: 0.016 loading class 0x00007f1584669110
Event: 0.016 loading class 0x00007f15846696f0
Event: 0.017 loading class 0x00007f15846696f0 done
Event: 0.017 loading class 0x00007f158466fe10
Event: 0.017 loading class 0x00007f158466fe10 done
Event: 0.018 loading class 0x00007f1584669110 done
Event: 0.018 loading class 0x00007f15846690f0
Event: 0.018 loading class 0x00007f15846690f0 done


Dynamic libraries:
00400000-00401000 r-xp 00000000 08:05 2779694                            /usr/lib/jvm/java-7-oracle/bin/java
00600000-00601000 rw-p 00000000 08:05 2779694                            /usr/lib/jvm/java-7-oracle/bin/java
021ad000-021ce000 rw-p 00000000 00:00 0                                  [heap]
9ee00000-a0300000 rw-p 00000000 00:00 0 
a0300000-a4000000 rw-p 00000000 00:00 0 
a4000000-a7d00000 rw-p 00000000 00:00 0 
a7d00000-e1500000 rw-p 00000000 00:00 0 
e1500000-e3400000 rw-p 00000000 00:00 0 
e3400000-100000000 rw-p 00000000 00:00 0 
7f1568000000-7f1568021000 rw-p 00000000 00:00 0 
7f1568021000-7f156c000000 ---p 00000000 00:00 0 
7f1570000000-7f1570021000 rw-p 00000000 00:00 0 
7f1570021000-7f1574000000 ---p 00000000 00:00 0 
7f1578000000-7f1578021000 rw-p 00000000 00:00 0 
7f1578021000-7f157c000000 ---p 00000000 00:00 0 
7f1580000000-7f1580021000 rw-p 00000000 00:00 0 
7f1580021000-7f1584000000 ---p 00000000 00:00 0 
7f15843ae000-7f1587a85000 rw-p 00000000 00:00 0 
7f1587a85000-7f1587a86000 ---p 00000000 00:00 0 
7f1587a86000-7f1587b86000 rw-p 00000000 00:00 0                          [stack:10212]
7f1587b86000-7f1587b87000 ---p 00000000 00:00 0 
7f1587b87000-7f1587c87000 rw-p 00000000 00:00 0                          [stack:10211]
7f1587c87000-7f1587c88000 ---p 00000000 00:00 0 
7f1587c88000-7f1587d88000 rw-p 00000000 00:00 0                          [stack:10210]
7f1587d88000-7f1587d89000 ---p 00000000 00:00 0 
7f1587d89000-7f1587ea8000 rw-p 00000000 00:00 0                          [stack:10209]
7f1587ea8000-7f1588074000 rw-p 00000000 00:00 0 
7f1588074000-7f158807f000 rw-p 00000000 00:00 0 
7f158807f000-7f158809d000 rw-p 00000000 00:00 0 
7f158809d000-7f15880bc000 rw-p 00000000 00:00 0 
7f15880bc000-7f1588287000 rw-p 00000000 00:00 0 
7f1588287000-7f1588297000 rw-p 00000000 00:00 0 
7f1588297000-7f158837d000 rw-p 00000000 00:00 0 
7f158837d000-7f158837e000 rw-p 00000000 00:00 0 
7f158837e000-7f15885ee000 rwxp 00000000 00:00 0 
7f15885ee000-7f158b37e000 rw-p 00000000 00:00 0 
7f158b37e000-7f158b398000 r-xp 00000000 08:05 2802201                    /usr/lib/jvm/java-7-oracle/jre/lib/amd64/libzip.so
7f158b398000-7f158b598000 ---p 0001a000 08:05 2802201                    /usr/lib/jvm/java-7-oracle/jre/lib/amd64/libzip.so
7f158b598000-7f158b599000 rw-p 0001a000 08:05 2802201                    /usr/lib/jvm/java-7-oracle/jre/lib/amd64/libzip.so
7f158b599000-7f158b5a5000 r-xp 00000000 08:05 546558                     /lib/x86_64-linux-gnu/libnss_files-2.15.so
7f158b5a5000-7f158b7a4000 ---p 0000c000 08:05 546558                     /lib/x86_64-linux-gnu/libnss_files-2.15.so
7f158b7a4000-7f158b7a5000 r--p 0000b000 08:05 546558                     /lib/x86_64-linux-gnu/libnss_files-2.15.so
7f158b7a5000-7f158b7a6000 rw-p 0000c000 08:05 546558                     /lib/x86_64-linux-gnu/libnss_files-2.15.so
7f158b7a6000-7f158b7b0000 r-xp 00000000 08:05 546554                     /lib/x86_64-linux-gnu/libnss_nis-2.15.so
7f158b7b0000-7f158b9b0000 ---p 0000a000 08:05 546554                     /lib/x86_64-linux-gnu/libnss_nis-2.15.so
7f158b9b0000-7f158b9b1000 r--p 0000a000 08:05 546554                     /lib/x86_64-linux-gnu/libnss_nis-2.15.so
7f158b9b1000-7f158b9b2000 rw-p 0000b000 08:05 546554                     /lib/x86_64-linux-gnu/libnss_nis-2.15.so
7f158b9b2000-7f158b9c9000 r-xp 00000000 08:05 546568                     /lib/x86_64-linux-gnu/libnsl-2.15.so
7f158b9c9000-7f158bbc8000 ---p 00017000 08:05 546568                     /lib/x86_64-linux-gnu/libnsl-2.15.so
7f158bbc8000-7f158bbc9000 r--p 00016000 08:05 546568                     /lib/x86_64-linux-gnu/libnsl-2.15.so
7f158bbc9000-7f158bbca000 rw-p 00017000 08:05 546568                     /lib/x86_64-linux-gnu/libnsl-2.15.so
7f158bbca000-7f158bbcc000 rw-p 00000000 00:00 0 
7f158bbcc000-7f158bbd4000 r-xp 00000000 08:05 546572                     /lib/x86_64-linux-gnu/libnss_compat-2.15.so
7f158bbd4000-7f158bdd3000 ---p 00008000 08:05 546572                     /lib/x86_64-linux-gnu/libnss_compat-2.15.so
7f158bdd3000-7f158bdd4000 r--p 00007000 08:05 546572                     /lib/x86_64-linux-gnu/libnss_compat-2.15.so
7f158bdd4000-7f158bdd5000 rw-p 00008000 08:05 546572                     /lib/x86_64-linux-gnu/libnss_compat-2.15.so
7f158bdd5000-7f158bdfe000 r-xp 00000000 08:05 2804961                    /usr/lib/jvm/java-7-oracle/jre/lib/amd64/libjava.so
7f158bdfe000-7f158bffe000 ---p 00029000 08:05 2804961                    /usr/lib/jvm/java-7-oracle/jre/lib/amd64/libjava.so
7f158bffe000-7f158c000000 rw-p 00029000 08:05 2804961                    /usr/lib/jvm/java-7-oracle/jre/lib/amd64/libjava.so
7f158c000000-7f158c053000 rw-p 00000000 00:00 0 
7f158c053000-7f1590000000 ---p 00000000 00:00 0 
7f159009d000-7f15900ad000 r--s 000bf000 08:05 2098413                    /home/yuechuan/Application/leJOS_NXJ_0.9.1beta-3/lib/nxt/classes.jar
7f15900ad000-7f15900b8000 rw-p 00000000 00:00 0 
7f15900b8000-7f15900d6000 rw-p 00000000 00:00 0 
7f15900d6000-7f15900e3000 r-xp 00000000 08:05 2802199                    /usr/lib/jvm/java-7-oracle/jre/lib/amd64/libverify.so
7f15900e3000-7f15902e2000 ---p 0000d000 08:05 2802199                    /usr/lib/jvm/java-7-oracle/jre/lib/amd64/libverify.so
7f15902e2000-7f15902e4000 rw-p 0000c000 08:05 2802199                    /usr/lib/jvm/java-7-oracle/jre/lib/amd64/libverify.so
7f15902e4000-7f15902eb000 r-xp 00000000 08:05 546560                     /lib/x86_64-linux-gnu/librt-2.15.so
7f15902eb000-7f15904ea000 ---p 00007000 08:05 546560                     /lib/x86_64-linux-gnu/librt-2.15.so
7f15904ea000-7f15904eb000 r--p 00006000 08:05 546560                     /lib/x86_64-linux-gnu/librt-2.15.so
7f15904eb000-7f15904ec000 rw-p 00007000 08:05 546560                     /lib/x86_64-linux-gnu/librt-2.15.so
7f15904ec000-7f15905e7000 r-xp 00000000 08:05 546569                     /lib/x86_64-linux-gnu/libm-2.15.so
7f15905e7000-7f15907e6000 ---p 000fb000 08:05 546569                     /lib/x86_64-linux-gnu/libm-2.15.so
7f15907e6000-7f15907e7000 r--p 000fa000 08:05 546569                     /lib/x86_64-linux-gnu/libm-2.15.so
7f15907e7000-7f15907e8000 rw-p 000fb000 08:05 546569                     /lib/x86_64-linux-gnu/libm-2.15.so
7f15907e8000-7f159134a000 r-xp 00000000 08:05 2805005                    /usr/lib/jvm/java-7-oracle/jre/lib/amd64/server/libjvm.so
7f159134a000-7f159154a000 ---p 00b62000 08:05 2805005                    /usr/lib/jvm/java-7-oracle/jre/lib/amd64/server/libjvm.so
7f159154a000-7f159160d000 rw-p 00b62000 08:05 2805005                    /usr/lib/jvm/java-7-oracle/jre/lib/amd64/server/libjvm.so
7f159160d000-7f159164e000 rw-p 00000000 00:00 0 
7f159164e000-7f1591803000 r-xp 00000000 08:05 546573                     /lib/x86_64-linux-gnu/libc-2.15.so
7f1591803000-7f1591a03000 ---p 001b5000 08:05 546573                     /lib/x86_64-linux-gnu/libc-2.15.so
7f1591a03000-7f1591a07000 r--p 001b5000 08:05 546573                     /lib/x86_64-linux-gnu/libc-2.15.so
7f1591a07000-7f1591a09000 rw-p 001b9000 08:05 546573                     /lib/x86_64-linux-gnu/libc-2.15.so
7f1591a09000-7f1591a0e000 rw-p 00000000 00:00 0 
7f1591a0e000-7f1591a10000 r-xp 00000000 08:05 546571                     /lib/x86_64-linux-gnu/libdl-2.15.so
7f1591a10000-7f1591c10000 ---p 00002000 08:05 546571                     /lib/x86_64-linux-gnu/libdl-2.15.so
7f1591c10000-7f1591c11000 r--p 00002000 08:05 546571                     /lib/x86_64-linux-gnu/libdl-2.15.so
7f1591c11000-7f1591c12000 rw-p 00003000 08:05 546571                     /lib/x86_64-linux-gnu/libdl-2.15.so
7f1591c12000-7f1591c28000 r-xp 00000000 08:05 2805261                    /usr/lib/jvm/java-7-oracle/lib/amd64/jli/libjli.so
7f1591c28000-7f1591e28000 ---p 00016000 08:05 2805261                    /usr/lib/jvm/java-7-oracle/lib/amd64/jli/libjli.so
7f1591e28000-7f1591e29000 rw-p 00016000 08:05 2805261                    /usr/lib/jvm/java-7-oracle/lib/amd64/jli/libjli.so
7f1591e29000-7f1591e41000 r-xp 00000000 08:05 546556                     /lib/x86_64-linux-gnu/libpthread-2.15.so
7f1591e41000-7f1592040000 ---p 00018000 08:05 546556                     /lib/x86_64-linux-gnu/libpthread-2.15.so
7f1592040000-7f1592041000 r--p 00017000 08:05 546556                     /lib/x86_64-linux-gnu/libpthread-2.15.so
7f1592041000-7f1592042000 rw-p 00018000 08:05 546556                     /lib/x86_64-linux-gnu/libpthread-2.15.so
7f1592042000-7f1592046000 rw-p 00000000 00:00 0 
7f1592046000-7f1592068000 r-xp 00000000 08:05 546561                     /lib/x86_64-linux-gnu/ld-2.15.so
7f1592073000-7f159207d000 rw-p 00000000 00:00 0 
7f159207d000-7f1592133000 rw-p 00000000 00:00 0 
7f1592133000-7f1592136000 ---p 00000000 00:00 0 
7f1592136000-7f1592238000 rw-p 00000000 00:00 0                          [stack:10208]
7f159223b000-7f159225c000 rw-p 00000000 00:00 0 
7f159225c000-7f1592264000 rw-s 00000000 08:05 1331974                    /tmp/hsperfdata_yuechuan/10203
7f1592264000-7f1592265000 rw-p 00000000 00:00 0 
7f1592265000-7f1592266000 r--p 00000000 00:00 0 
7f1592266000-7f1592268000 rw-p 00000000 00:00 0 
7f1592268000-7f1592269000 r--p 00022000 08:05 546561                     /lib/x86_64-linux-gnu/ld-2.15.so
7f1592269000-7f159226b000 rw-p 00023000 08:05 546561                     /lib/x86_64-linux-gnu/ld-2.15.so
7fffcb8a6000-7fffcb8c7000 rw-p 00000000 00:00 0                          [stack]
7fffcb9ff000-7fffcba00000 r-xp 00000000 00:00 0                          [vdso]
ffffffffff600000-ffffffffff601000 r-xp 00000000 00:00 0                  [vsyscall]

VM Arguments:
jvm_args: -Dfile.encoding=UTF-8 -Xbootclasspath:/home/yuechuan/Application/leJOS_NXJ_0.9.1beta-3/lib/nxt/classes.jar 
java_command: Lab1
Launcher Type: SUN_STANDARD

Environment Variables:
PATH=/usr/local/sbin:/usr/local/bin:/usr/sbin:/usr/bin:/sbin:/bin:/usr/games:/usr/local/games:/home/yuechuan/Application/leJOS_NXJ_0.9.1beta-3//bin:/opt/ros/hydro/bin
USERNAME=yuechuan
SHELL=/bin/bash
DISPLAY=:0

Signal Handlers:
SIGSEGV: [libjvm.so+0x9935b0], sa_mask[0]=0x7ffbfeff, sa_flags=0x10000004
SIGBUS: [libjvm.so+0x9935b0], sa_mask[0]=0x7ffbfeff, sa_flags=0x10000004
SIGFPE: [libjvm.so+0x810330], sa_mask[0]=0x7ffbfeff, sa_flags=0x10000004
SIGPIPE: [libjvm.so+0x810330], sa_mask[0]=0x7ffbfeff, sa_flags=0x10000004
SIGXFSZ: [libjvm.so+0x810330], sa_mask[0]=0x7ffbfeff, sa_flags=0x10000004
SIGILL: [libjvm.so+0x810330], sa_mask[0]=0x7ffbfeff, sa_flags=0x10000004
SIGUSR1: SIG_DFL, sa_mask[0]=0x00000000, sa_flags=0x00000000
SIGUSR2: [libjvm.so+0x811820], sa_mask[0]=0x00000004, sa_flags=0x10000004
SIGHUP: SIG_DFL, sa_mask[0]=0x00000000, sa_flags=0x00000000
SIGINT: SIG_DFL, sa_mask[0]=0x00000000, sa_flags=0x00000000
SIGTERM: SIG_DFL, sa_mask[0]=0x00000000, sa_flags=0x00000000
SIGQUIT: SIG_DFL, sa_mask[0]=0x00000000, sa_flags=0x00000000


---------------  S Y S T E M  ---------------

OS:wheezy/sid

uname:Linux 3.5.0-45-generic #68-Ubuntu SMP Mon Dec 2 21:58:52 UTC 2013 x86_64
libc:glibc 2.15 NPTL 2.15 
rlimit: STACK 8192k, CORE 0k, NPROC 46901, NOFILE 4096, AS infinity
load average:1.36 0.73 0.63

/proc/meminfo:
MemTotal:        6021944 kB
MemFree:         1175160 kB
Buffers:          449676 kB
Cached:           921992 kB
SwapCached:        14808 kB
Active:          2610104 kB
Inactive:        1785280 kB
Active(anon):    2125756 kB
Inactive(anon):  1063744 kB
Active(file):     484348 kB
Inactive(file):   721536 kB
Unevictable:         124 kB
Mlocked:             124 kB
SwapTotal:       1951740 kB
SwapFree:        1886216 kB
Dirty:                84 kB
Writeback:             0 kB
AnonPages:       3011152 kB
Mapped:           148144 kB
Shmem:            165784 kB
Slab:             300372 kB
SReclaimable:     263032 kB
SUnreclaim:        37340 kB
KernelStack:        5272 kB
PageTables:        56588 kB
NFS_Unstable:          0 kB
Bounce:                0 kB
WritebackTmp:          0 kB
CommitLimit:     4962712 kB
Committed_AS:    8397084 kB
VmallocTotal:   34359738367 kB
VmallocUsed:      366728 kB
VmallocChunk:   34359367512 kB
HardwareCorrupted:     0 kB
AnonHugePages:         0 kB
HugePages_Total:       0
HugePages_Free:        0
HugePages_Rsvd:        0
HugePages_Surp:        0
Hugepagesize:       2048 kB
DirectMap4k:       67572 kB
DirectMap2M:     6139904 kB


CPU:total 4 (2 cores per cpu, 2 threads per core) family 6 model 42 stepping 7, cmov, cx8, fxsr, mmx, sse, sse2, sse3, ssse3, sse4.1, sse4.2, popcnt, avx, aes, ht, tsc, tscinvbit

/proc/cpuinfo:
processor	: 0
vendor_id	: GenuineIntel
cpu family	: 6
model		: 42
model name	: Intel(R) Core(TM) i5-2410M CPU @ 2.30GHz
stepping	: 7
microcode	: 0x1a
cpu MHz		: 800.000
cache size	: 3072 KB
physical id	: 0
siblings	: 4
core id		: 0
cpu cores	: 2
apicid		: 0
initial apicid	: 0
fpu		: yes
fpu_exception	: yes
cpuid level	: 13
wp		: yes
flags		: fpu vme de pse tsc msr pae mce cx8 apic sep mtrr pge mca cmov pat pse36 clflush dts acpi mmx fxsr sse sse2 ss ht tm pbe syscall nx rdtscp lm constant_tsc arch_perfmon pebs bts rep_good nopl xtopology nonstop_tsc aperfmperf pni pclmulqdq dtes64 monitor ds_cpl vmx est tm2 ssse3 cx16 xtpr pdcm pcid sse4_1 sse4_2 x2apic popcnt tsc_deadline_timer aes xsave avx lahf_lm ida arat epb xsaveopt pln pts dtherm tpr_shadow vnmi flexpriority ept vpid
bogomips	: 4589.73
clflush size	: 64
cache_alignment	: 64
address sizes	: 36 bits physical, 48 bits virtual
power management:

processor	: 1
vendor_id	: GenuineIntel
cpu family	: 6
model		: 42
model name	: Intel(R) Core(TM) i5-2410M CPU @ 2.30GHz
stepping	: 7
microcode	: 0x1a
cpu MHz		: 800.000
cache size	: 3072 KB
physical id	: 0
siblings	: 4
core id		: 1
cpu cores	: 2
apicid		: 2
initial apicid	: 2
fpu		: yes
fpu_exception	: yes
cpuid level	: 13
wp		: yes
flags		: fpu vme de pse tsc msr pae mce cx8 apic sep mtrr pge mca cmov pat pse36 clflush dts acpi mmx fxsr sse sse2 ss ht tm pbe syscall nx rdtscp lm constant_tsc arch_perfmon pebs bts rep_good nopl xtopology nonstop_tsc aperfmperf pni pclmulqdq dtes64 monitor ds_cpl vmx est tm2 ssse3 cx16 xtpr pdcm pcid sse4_1 sse4_2 x2apic popcnt tsc_deadline_timer aes xsave avx lahf_lm ida arat epb xsaveopt pln pts dtherm tpr_shadow vnmi flexpriority ept vpid
bogomips	: 4589.73
clflush size	: 64
cache_alignment	: 64
address sizes	: 36 bits physical, 48 bits virtual
power management:

processor	: 2
vendor_id	: GenuineIntel
cpu family	: 6
model		: 42
model name	: Intel(R) Core(TM) i5-2410M CPU @ 2.30GHz
stepping	: 7
microcode	: 0x1a
cpu MHz		: 800.000
cache size	: 3072 KB
physical id	: 0
siblings	: 4
core id		: 0
cpu cores	: 2
apicid		: 1
initial apicid	: 1
fpu		: yes
fpu_exception	: yes
cpuid level	: 13
wp		: yes
flags		: fpu vme de pse tsc msr pae mce cx8 apic sep mtrr pge mca cmov pat pse36 clflush dts acpi mmx fxsr sse sse2 ss ht tm pbe syscall nx rdtscp lm constant_tsc arch_perfmon pebs bts rep_good nopl xtopology nonstop_tsc aperfmperf pni pclmulqdq dtes64 monitor ds_cpl vmx est tm2 ssse3 cx16 xtpr pdcm pcid sse4_1 sse4_2 x2apic popcnt tsc_deadline_timer aes xsave avx lahf_lm ida arat epb xsaveopt pln pts dtherm tpr_shadow vnmi flexpriority ept vpid
bogomips	: 4589.73
clflush size	: 64
cache_alignment	: 64
address sizes	: 36 bits physical, 48 bits virtual
power management:

processor	: 3
vendor_id	: GenuineIntel
cpu family	: 6
model		: 42
model name	: Intel(R) Core(TM) i5-2410M CPU @ 2.30GHz
stepping	: 7
microcode	: 0x1a
cpu MHz		: 800.000
cache size	: 3072 KB
physical id	: 0
siblings	: 4
core id		: 1
cpu cores	: 2
apicid		: 3
initial apicid	: 3
fpu		: yes
fpu_exception	: yes
cpuid level	: 13
wp		: yes
flags		: fpu vme de pse tsc msr pae mce cx8 apic sep mtrr pge mca cmov pat pse36 clflush dts acpi mmx fxsr sse sse2 ss ht tm pbe syscall nx rdtscp lm constant_tsc arch_perfmon pebs bts rep_good nopl xtopology nonstop_tsc aperfmperf pni pclmulqdq dtes64 monitor ds_cpl vmx est tm2 ssse3 cx16 xtpr pdcm pcid sse4_1 sse4_2 x2apic popcnt tsc_deadline_timer aes xsave avx lahf_lm ida arat epb xsaveopt pln pts dtherm tpr_shadow vnmi flexpriority ept vpid
bogomips	: 4589.73
clflush size	: 64
cache_alignment	: 64
address sizes	: 36 bits physical, 48 bits virtual
power management:



Memory: 4k page, physical 6021944k(1175160k free), swap 1951740k(1886216k free)

vm_info: Java HotSpot(TM) 64-Bit Server VM (24.45-b08) for linux-amd64 JRE (1.7.0_45-b18), built on Oct  8 2013 05:44:25 by "java_re" with gcc 4.3.0 20080428 (Red Hat 4.3.0-8)

time: Sat Jan 18 09:26:05 2014
elapsed time: 0 seconds

