#
# A fatal error has been detected by the Java Runtime Environment:
#
#  Internal Error (javaClasses.cpp:136), pid=10235, tid=140164362893056
#  fatal error: Invalid layout of preloaded class
#
# JRE version:  (7.0_45-b18) (build )
# Java VM: Java HotSpot(TM) 64-Bit Server VM (24.45-b08 mixed mode linux-amd64 compressed oops)
# Failed to write core dump. Core dumps have been disabled. To enable core dumping, try "ulimit -c unlimited" before starting Java again
#
# If you would like to submit a bug report, please visit:
#   http://bugreport.sun.com/bugreport/crash.jsp
#

---------------  T H R E A D  ---------------

Current thread (0x00007f7a88009800):  JavaThread "Unknown thread" [_thread_in_vm, id=10240, stack(0x00007f7a8eff7000,0x00007f7a8f0f8000)]

Stack: [0x00007f7a8eff7000,0x00007f7a8f0f8000],  sp=0x00007f7a8f0f67c0,  free space=1021k
Native frames: (J=compiled Java code, j=interpreted, Vv=VM code, C=native code)
V  [libjvm.so+0x992c8a]  VMError::report_and_die()+0x2ea
V  [libjvm.so+0x493559]  report_fatal(char const*, int, char const*)+0x59
V  [libjvm.so+0x5fdd00]  compute_offset(int&, klassOopDesc*, Symbol*, Symbol*, bool)+0x140
V  [libjvm.so+0x5fe819]  java_lang_String::compute_offsets()+0x39
V  [libjvm.so+0x918f55]  SystemDictionary::initialize_preloaded_classes(Thread*)+0x1a5
V  [libjvm.so+0x967c94]  Universe::genesis(Thread*)+0x494
V  [libjvm.so+0x968149]  universe2_init()+0x29
V  [libjvm.so+0x5a969d]  init_globals()+0xbd
V  [libjvm.so+0x94ed1d]  Threads::create_vm(JavaVMInitArgs*, bool*)+0x1ed
V  [libjvm.so+0x630804]  JNI_CreateJavaVM+0x74
C  [libjli.so+0x2f8e]  JavaMain+0x9e


---------------  P R O C E S S  ---------------

Java Threads: ( => current thread )

Other Threads:

=>0x00007f7a88009800 (exited) JavaThread "Unknown thread" [_thread_in_vm, id=10240, stack(0x00007f7a8eff7000,0x00007f7a8f0f8000)]

VM state:not at safepoint (not fully initialized)

VM Mutex/Monitor currently owned by a thread: None

GC Heap History (0 events):
No events

Deoptimization events (0 events):
No events

Internal exceptions (0 events):
No events

Events (10 events):
Event: 0.021 loading class 0x00007f7a8465c0d0
Event: 0.022 loading class 0x00007f7a8465c0d0 done
Event: 0.022 loading class 0x00007f7a8465c110
Event: 0.023 loading class 0x00007f7a8465c6f0
Event: 0.023 loading class 0x00007f7a8465c6f0 done
Event: 0.023 loading class 0x00007f7a84662e10
Event: 0.023 loading class 0x00007f7a84662e10 done
Event: 0.024 loading class 0x00007f7a8465c110 done
Event: 0.024 loading class 0x00007f7a8465c0f0
Event: 0.025 loading class 0x00007f7a8465c0f0 done


Dynamic libraries:
00400000-00401000 r-xp 00000000 08:05 2779694                            /usr/lib/jvm/java-7-oracle/bin/java
00600000-00601000 rw-p 00000000 08:05 2779694                            /usr/lib/jvm/java-7-oracle/bin/java
01332000-01353000 rw-p 00000000 00:00 0                                  [heap]
9ee00000-a0300000 rw-p 00000000 00:00 0 
a0300000-a4000000 rw-p 00000000 00:00 0 
a4000000-a7d00000 rw-p 00000000 00:00 0 
a7d00000-e1500000 rw-p 00000000 00:00 0 
e1500000-e3400000 rw-p 00000000 00:00 0 
e3400000-100000000 rw-p 00000000 00:00 0 
7f7a70000000-7f7a70021000 rw-p 00000000 00:00 0 
7f7a70021000-7f7a74000000 ---p 00000000 00:00 0 
7f7a74f70000-7f7a78000000 rw-p 00000000 00:00 0 
7f7a78000000-7f7a78021000 rw-p 00000000 00:00 0 
7f7a78021000-7f7a7c000000 ---p 00000000 00:00 0 
7f7a7c000000-7f7a7c021000 rw-p 00000000 00:00 0 
7f7a7c021000-7f7a80000000 ---p 00000000 00:00 0 
7f7a80000000-7f7a80021000 rw-p 00000000 00:00 0 
7f7a80021000-7f7a84000000 ---p 00000000 00:00 0 
7f7a8438f000-7f7a845d6000 rw-p 00000000 00:00 0 
7f7a845d6000-7f7a845e6000 r--s 000bf000 08:05 2098413                    /home/yuechuan/Application/leJOS_NXJ_0.9.1beta-3/lib/nxt/classes.jar
7f7a845e6000-7f7a849e8000 rw-p 00000000 00:00 0 
7f7a849e8000-7f7a849e9000 ---p 00000000 00:00 0 
7f7a849e9000-7f7a84ae9000 rw-p 00000000 00:00 0                          [stack:10244]
7f7a84ae9000-7f7a84aea000 ---p 00000000 00:00 0 
7f7a84aea000-7f7a84bea000 rw-p 00000000 00:00 0                          [stack:10243]
7f7a84bea000-7f7a84beb000 ---p 00000000 00:00 0 
7f7a84beb000-7f7a84ceb000 rw-p 00000000 00:00 0                          [stack:10242]
7f7a84ceb000-7f7a84cec000 ---p 00000000 00:00 0 
7f7a84cec000-7f7a84df7000 rw-p 00000000 00:00 0                          [stack:10241]
7f7a84df7000-7f7a84e15000 rw-p 00000000 00:00 0 
7f7a84e15000-7f7a84e34000 rw-p 00000000 00:00 0 
7f7a84e34000-7f7a85000000 rw-p 00000000 00:00 0 
7f7a85000000-7f7a85270000 rwxp 00000000 00:00 0 
7f7a85270000-7f7a88053000 rw-p 00000000 00:00 0 
7f7a88053000-7f7a8c000000 ---p 00000000 00:00 0 
7f7a8c00e000-7f7a8c019000 rw-p 00000000 00:00 0 
7f7a8c019000-7f7a8c037000 rw-p 00000000 00:00 0 
7f7a8c037000-7f7a8c056000 rw-p 00000000 00:00 0 
7f7a8c056000-7f7a8c221000 rw-p 00000000 00:00 0 
7f7a8c221000-7f7a8c231000 rw-p 00000000 00:00 0 
7f7a8c231000-7f7a8c317000 rw-p 00000000 00:00 0 
7f7a8c317000-7f7a8c318000 rw-p 00000000 00:00 0 
7f7a8c318000-7f7a8c332000 r-xp 00000000 08:05 2802201                    /usr/lib/jvm/java-7-oracle/jre/lib/amd64/libzip.so
7f7a8c332000-7f7a8c532000 ---p 0001a000 08:05 2802201                    /usr/lib/jvm/java-7-oracle/jre/lib/amd64/libzip.so
7f7a8c532000-7f7a8c533000 rw-p 0001a000 08:05 2802201                    /usr/lib/jvm/java-7-oracle/jre/lib/amd64/libzip.so
7f7a8c533000-7f7a8c53f000 r-xp 00000000 08:05 546558                     /lib/x86_64-linux-gnu/libnss_files-2.15.so
7f7a8c53f000-7f7a8c73e000 ---p 0000c000 08:05 546558                     /lib/x86_64-linux-gnu/libnss_files-2.15.so
7f7a8c73e000-7f7a8c73f000 r--p 0000b000 08:05 546558                     /lib/x86_64-linux-gnu/libnss_files-2.15.so
7f7a8c73f000-7f7a8c740000 rw-p 0000c000 08:05 546558                     /lib/x86_64-linux-gnu/libnss_files-2.15.so
7f7a8c740000-7f7a8c74a000 r-xp 00000000 08:05 546554                     /lib/x86_64-linux-gnu/libnss_nis-2.15.so
7f7a8c74a000-7f7a8c94a000 ---p 0000a000 08:05 546554                     /lib/x86_64-linux-gnu/libnss_nis-2.15.so
7f7a8c94a000-7f7a8c94b000 r--p 0000a000 08:05 546554                     /lib/x86_64-linux-gnu/libnss_nis-2.15.so
7f7a8c94b000-7f7a8c94c000 rw-p 0000b000 08:05 546554                     /lib/x86_64-linux-gnu/libnss_nis-2.15.so
7f7a8c94c000-7f7a8c963000 r-xp 00000000 08:05 546568                     /lib/x86_64-linux-gnu/libnsl-2.15.so
7f7a8c963000-7f7a8cb62000 ---p 00017000 08:05 546568                     /lib/x86_64-linux-gnu/libnsl-2.15.so
7f7a8cb62000-7f7a8cb63000 r--p 00016000 08:05 546568                     /lib/x86_64-linux-gnu/libnsl-2.15.so
7f7a8cb63000-7f7a8cb64000 rw-p 00017000 08:05 546568                     /lib/x86_64-linux-gnu/libnsl-2.15.so
7f7a8cb64000-7f7a8cb66000 rw-p 00000000 00:00 0 
7f7a8cb66000-7f7a8cb6e000 r-xp 00000000 08:05 546572                     /lib/x86_64-linux-gnu/libnss_compat-2.15.so
7f7a8cb6e000-7f7a8cd6d000 ---p 00008000 08:05 546572                     /lib/x86_64-linux-gnu/libnss_compat-2.15.so
7f7a8cd6d000-7f7a8cd6e000 r--p 00007000 08:05 546572                     /lib/x86_64-linux-gnu/libnss_compat-2.15.so
7f7a8cd6e000-7f7a8cd6f000 rw-p 00008000 08:05 546572                     /lib/x86_64-linux-gnu/libnss_compat-2.15.so
7f7a8cd6f000-7f7a8cd98000 r-xp 00000000 08:05 2804961                    /usr/lib/jvm/java-7-oracle/jre/lib/amd64/libjava.so
7f7a8cd98000-7f7a8cf98000 ---p 00029000 08:05 2804961                    /usr/lib/jvm/java-7-oracle/jre/lib/amd64/libjava.so
7f7a8cf98000-7f7a8cf9a000 rw-p 00029000 08:05 2804961                    /usr/lib/jvm/java-7-oracle/jre/lib/amd64/libjava.so
7f7a8cf9a000-7f7a8cfa7000 r-xp 00000000 08:05 2802199                    /usr/lib/jvm/java-7-oracle/jre/lib/amd64/libverify.so
7f7a8cfa7000-7f7a8d1a6000 ---p 0000d000 08:05 2802199                    /usr/lib/jvm/java-7-oracle/jre/lib/amd64/libverify.so
7f7a8d1a6000-7f7a8d1a8000 rw-p 0000c000 08:05 2802199                    /usr/lib/jvm/java-7-oracle/jre/lib/amd64/libverify.so
7f7a8d1a8000-7f7a8d1af000 r-xp 00000000 08:05 546560                     /lib/x86_64-linux-gnu/librt-2.15.so
7f7a8d1af000-7f7a8d3ae000 ---p 00007000 08:05 546560                     /lib/x86_64-linux-gnu/librt-2.15.so
7f7a8d3ae000-7f7a8d3af000 r--p 00006000 08:05 546560                     /lib/x86_64-linux-gnu/librt-2.15.so
7f7a8d3af000-7f7a8d3b0000 rw-p 00007000 08:05 546560                     /lib/x86_64-linux-gnu/librt-2.15.so
7f7a8d3b0000-7f7a8d4ab000 r-xp 00000000 08:05 546569                     /lib/x86_64-linux-gnu/libm-2.15.so
7f7a8d4ab000-7f7a8d6aa000 ---p 000fb000 08:05 546569                     /lib/x86_64-linux-gnu/libm-2.15.so
7f7a8d6aa000-7f7a8d6ab000 r--p 000fa000 08:05 546569                     /lib/x86_64-linux-gnu/libm-2.15.so
7f7a8d6ab000-7f7a8d6ac000 rw-p 000fb000 08:05 546569                     /lib/x86_64-linux-gnu/libm-2.15.so
7f7a8d6ac000-7f7a8e20e000 r-xp 00000000 08:05 2805005                    /usr/lib/jvm/java-7-oracle/jre/lib/amd64/server/libjvm.so
7f7a8e20e000-7f7a8e40e000 ---p 00b62000 08:05 2805005                    /usr/lib/jvm/java-7-oracle/jre/lib/amd64/server/libjvm.so
7f7a8e40e000-7f7a8e4d1000 rw-p 00b62000 08:05 2805005                    /usr/lib/jvm/java-7-oracle/jre/lib/amd64/server/libjvm.so
7f7a8e4d1000-7f7a8e512000 rw-p 00000000 00:00 0 
7f7a8e512000-7f7a8e6c7000 r-xp 00000000 08:05 546573                     /lib/x86_64-linux-gnu/libc-2.15.so
7f7a8e6c7000-7f7a8e8c7000 ---p 001b5000 08:05 546573                     /lib/x86_64-linux-gnu/libc-2.15.so
7f7a8e8c7000-7f7a8e8cb000 r--p 001b5000 08:05 546573                     /lib/x86_64-linux-gnu/libc-2.15.so
7f7a8e8cb000-7f7a8e8cd000 rw-p 001b9000 08:05 546573                     /lib/x86_64-linux-gnu/libc-2.15.so
7f7a8e8cd000-7f7a8e8d2000 rw-p 00000000 00:00 0 
7f7a8e8d2000-7f7a8e8d4000 r-xp 00000000 08:05 546571                     /lib/x86_64-linux-gnu/libdl-2.15.so
7f7a8e8d4000-7f7a8ead4000 ---p 00002000 08:05 546571                     /lib/x86_64-linux-gnu/libdl-2.15.so
7f7a8ead4000-7f7a8ead5000 r--p 00002000 08:05 546571                     /lib/x86_64-linux-gnu/libdl-2.15.so
7f7a8ead5000-7f7a8ead6000 rw-p 00003000 08:05 546571                     /lib/x86_64-linux-gnu/libdl-2.15.so
7f7a8ead6000-7f7a8eaec000 r-xp 00000000 08:05 2805261                    /usr/lib/jvm/java-7-oracle/lib/amd64/jli/libjli.so
7f7a8eaec000-7f7a8ecec000 ---p 00016000 08:05 2805261                    /usr/lib/jvm/java-7-oracle/lib/amd64/jli/libjli.so
7f7a8ecec000-7f7a8eced000 rw-p 00016000 08:05 2805261                    /usr/lib/jvm/java-7-oracle/lib/amd64/jli/libjli.so
7f7a8eced000-7f7a8ed05000 r-xp 00000000 08:05 546556                     /lib/x86_64-linux-gnu/libpthread-2.15.so
7f7a8ed05000-7f7a8ef04000 ---p 00018000 08:05 546556                     /lib/x86_64-linux-gnu/libpthread-2.15.so
7f7a8ef04000-7f7a8ef05000 r--p 00017000 08:05 546556                     /lib/x86_64-linux-gnu/libpthread-2.15.so
7f7a8ef05000-7f7a8ef06000 rw-p 00018000 08:05 546556                     /lib/x86_64-linux-gnu/libpthread-2.15.so
7f7a8ef06000-7f7a8ef0a000 rw-p 00000000 00:00 0 
7f7a8ef0a000-7f7a8ef2c000 r-xp 00000000 08:05 546561                     /lib/x86_64-linux-gnu/ld-2.15.so
7f7a8ef37000-7f7a8ef41000 rw-p 00000000 00:00 0 
7f7a8ef41000-7f7a8eff7000 rw-p 00000000 00:00 0 
7f7a8eff7000-7f7a8effa000 ---p 00000000 00:00 0 
7f7a8effa000-7f7a8f0fc000 rw-p 00000000 00:00 0                          [stack:10240]
7f7a8f101000-7f7a8f120000 rw-p 00000000 00:00 0 
7f7a8f120000-7f7a8f128000 rw-s 00000000 08:05 1331974                    /tmp/hsperfdata_yuechuan/10235
7f7a8f128000-7f7a8f129000 rw-p 00000000 00:00 0 
7f7a8f129000-7f7a8f12a000 r--p 00000000 00:00 0 
7f7a8f12a000-7f7a8f12c000 rw-p 00000000 00:00 0 
7f7a8f12c000-7f7a8f12d000 r--p 00022000 08:05 546561                     /lib/x86_64-linux-gnu/ld-2.15.so
7f7a8f12d000-7f7a8f12f000 rw-p 00023000 08:05 546561                     /lib/x86_64-linux-gnu/ld-2.15.so
7fff81aaf000-7fff81ad0000 rw-p 00000000 00:00 0                          [stack]
7fff81bff000-7fff81c00000 r-xp 00000000 00:00 0                          [vdso]
ffffffffff600000-ffffffffff601000 r-xp 00000000 00:00 0                  [vsyscall]

VM Arguments:
jvm_args: -Dfile.encoding=UTF-8 -Xbootclasspath:/home/yuechuan/Application/leJOS_NXJ_0.9.1beta-3/lib/nxt/classes.jar 
java_command: Lab1
Launcher Type: SUN_STANDARD

Environment Variables:
PATH=/usr/local/sbin:/usr/local/bin:/usr/sbin:/usr/bin:/sbin:/bin:/usr/games:/usr/local/games:/home/yuechuan/Application/leJOS_NXJ_0.9.1beta-3//bin:/opt/ros/hydro/bin
USERNAME=yuechuan
SHELL=/bin/bash
DISPLAY=:0

Signal Handlers:
SIGSEGV: [libjvm.so+0x9935b0], sa_mask[0]=0x7ffbfeff, sa_flags=0x10000004
SIGBUS: [libjvm.so+0x9935b0], sa_mask[0]=0x7ffbfeff, sa_flags=0x10000004
SIGFPE: [libjvm.so+0x810330], sa_mask[0]=0x7ffbfeff, sa_flags=0x10000004
SIGPIPE: [libjvm.so+0x810330], sa_mask[0]=0x7ffbfeff, sa_flags=0x10000004
SIGXFSZ: [libjvm.so+0x810330], sa_mask[0]=0x7ffbfeff, sa_flags=0x10000004
SIGILL: [libjvm.so+0x810330], sa_mask[0]=0x7ffbfeff, sa_flags=0x10000004
SIGUSR1: SIG_DFL, sa_mask[0]=0x00000000, sa_flags=0x00000000
SIGUSR2: [libjvm.so+0x811820], sa_mask[0]=0x00000004, sa_flags=0x10000004
SIGHUP: SIG_DFL, sa_mask[0]=0x00000000, sa_flags=0x00000000
SIGINT: SIG_DFL, sa_mask[0]=0x00000000, sa_flags=0x00000000
SIGTERM: SIG_DFL, sa_mask[0]=0x00000000, sa_flags=0x00000000
SIGQUIT: SIG_DFL, sa_mask[0]=0x00000000, sa_flags=0x00000000


---------------  S Y S T E M  ---------------

OS:wheezy/sid

uname:Linux 3.5.0-45-generic #68-Ubuntu SMP Mon Dec 2 21:58:52 UTC 2013 x86_64
libc:glibc 2.15 NPTL 2.15 
rlimit: STACK 8192k, CORE 0k, NPROC 46901, NOFILE 4096, AS infinity
load average:1.29 0.74 0.64

/proc/meminfo:
MemTotal:        6021944 kB
MemFree:          904580 kB
Buffers:          449728 kB
Cached:          1141296 kB
SwapCached:        14808 kB
Active:          2655260 kB
Inactive:        2004092 kB
Active(anon):    2170004 kB
Inactive(anon):  1060524 kB
Active(file):     485256 kB
Inactive(file):   943568 kB
Unevictable:         124 kB
Mlocked:             124 kB
SwapTotal:       1951740 kB
SwapFree:        1886216 kB
Dirty:               132 kB
Writeback:             0 kB
AnonPages:       3055932 kB
Mapped:           153184 kB
Shmem:            162200 kB
Slab:             306776 kB
SReclaimable:     269164 kB
SUnreclaim:        37612 kB
KernelStack:        5312 kB
PageTables:        57160 kB
NFS_Unstable:          0 kB
Bounce:                0 kB
WritebackTmp:          0 kB
CommitLimit:     4962712 kB
Committed_AS:    8454596 kB
VmallocTotal:   34359738367 kB
VmallocUsed:      366728 kB
VmallocChunk:   34359367512 kB
HardwareCorrupted:     0 kB
AnonHugePages:         0 kB
HugePages_Total:       0
HugePages_Free:        0
HugePages_Rsvd:        0
HugePages_Surp:        0
Hugepagesize:       2048 kB
DirectMap4k:       67572 kB
DirectMap2M:     6139904 kB


CPU:total 4 (2 cores per cpu, 2 threads per core) family 6 model 42 stepping 7, cmov, cx8, fxsr, mmx, sse, sse2, sse3, ssse3, sse4.1, sse4.2, popcnt, avx, aes, ht, tsc, tscinvbit

/proc/cpuinfo:
processor	: 0
vendor_id	: GenuineIntel
cpu family	: 6
model		: 42
model name	: Intel(R) Core(TM) i5-2410M CPU @ 2.30GHz
stepping	: 7
microcode	: 0x1a
cpu MHz		: 800.000
cache size	: 3072 KB
physical id	: 0
siblings	: 4
core id		: 0
cpu cores	: 2
apicid		: 0
initial apicid	: 0
fpu		: yes
fpu_exception	: yes
cpuid level	: 13
wp		: yes
flags		: fpu vme de pse tsc msr pae mce cx8 apic sep mtrr pge mca cmov pat pse36 clflush dts acpi mmx fxsr sse sse2 ss ht tm pbe syscall nx rdtscp lm constant_tsc arch_perfmon pebs bts rep_good nopl xtopology nonstop_tsc aperfmperf pni pclmulqdq dtes64 monitor ds_cpl vmx est tm2 ssse3 cx16 xtpr pdcm pcid sse4_1 sse4_2 x2apic popcnt tsc_deadline_timer aes xsave avx lahf_lm ida arat epb xsaveopt pln pts dtherm tpr_shadow vnmi flexpriority ept vpid
bogomips	: 4589.73
clflush size	: 64
cache_alignment	: 64
address sizes	: 36 bits physical, 48 bits virtual
power management:

processor	: 1
vendor_id	: GenuineIntel
cpu family	: 6
model		: 42
model name	: Intel(R) Core(TM) i5-2410M CPU @ 2.30GHz
stepping	: 7
microcode	: 0x1a
cpu MHz		: 800.000
cache size	: 3072 KB
physical id	: 0
siblings	: 4
core id		: 1
cpu cores	: 2
apicid		: 2
initial apicid	: 2
fpu		: yes
fpu_exception	: yes
cpuid level	: 13
wp		: yes
flags		: fpu vme de pse tsc msr pae mce cx8 apic sep mtrr pge mca cmov pat pse36 clflush dts acpi mmx fxsr sse sse2 ss ht tm pbe syscall nx rdtscp lm constant_tsc arch_perfmon pebs bts rep_good nopl xtopology nonstop_tsc aperfmperf pni pclmulqdq dtes64 monitor ds_cpl vmx est tm2 ssse3 cx16 xtpr pdcm pcid sse4_1 sse4_2 x2apic popcnt tsc_deadline_timer aes xsave avx lahf_lm ida arat epb xsaveopt pln pts dtherm tpr_shadow vnmi flexpriority ept vpid
bogomips	: 4589.73
clflush size	: 64
cache_alignment	: 64
address sizes	: 36 bits physical, 48 bits virtual
power management:

processor	: 2
vendor_id	: GenuineIntel
cpu family	: 6
model		: 42
model name	: Intel(R) Core(TM) i5-2410M CPU @ 2.30GHz
stepping	: 7
microcode	: 0x1a
cpu MHz		: 800.000
cache size	: 3072 KB
physical id	: 0
siblings	: 4
core id		: 0
cpu cores	: 2
apicid		: 1
initial apicid	: 1
fpu		: yes
fpu_exception	: yes
cpuid level	: 13
wp		: yes
flags		: fpu vme de pse tsc msr pae mce cx8 apic sep mtrr pge mca cmov pat pse36 clflush dts acpi mmx fxsr sse sse2 ss ht tm pbe syscall nx rdtscp lm constant_tsc arch_perfmon pebs bts rep_good nopl xtopology nonstop_tsc aperfmperf pni pclmulqdq dtes64 monitor ds_cpl vmx est tm2 ssse3 cx16 xtpr pdcm pcid sse4_1 sse4_2 x2apic popcnt tsc_deadline_timer aes xsave avx lahf_lm ida arat epb xsaveopt pln pts dtherm tpr_shadow vnmi flexpriority ept vpid
bogomips	: 4589.73
clflush size	: 64
cache_alignment	: 64
address sizes	: 36 bits physical, 48 bits virtual
power management:

processor	: 3
vendor_id	: GenuineIntel
cpu family	: 6
model		: 42
model name	: Intel(R) Core(TM) i5-2410M CPU @ 2.30GHz
stepping	: 7
microcode	: 0x1a
cpu MHz		: 800.000
cache size	: 3072 KB
physical id	: 0
siblings	: 4
core id		: 1
cpu cores	: 2
apicid		: 3
initial apicid	: 3
fpu		: yes
fpu_exception	: yes
cpuid level	: 13
wp		: yes
flags		: fpu vme de pse tsc msr pae mce cx8 apic sep mtrr pge mca cmov pat pse36 clflush dts acpi mmx fxsr sse sse2 ss ht tm pbe syscall nx rdtscp lm constant_tsc arch_perfmon pebs bts rep_good nopl xtopology nonstop_tsc aperfmperf pni pclmulqdq dtes64 monitor ds_cpl vmx est tm2 ssse3 cx16 xtpr pdcm pcid sse4_1 sse4_2 x2apic popcnt tsc_deadline_timer aes xsave avx lahf_lm ida arat epb xsaveopt pln pts dtherm tpr_shadow vnmi flexpriority ept vpid
bogomips	: 4589.73
clflush size	: 64
cache_alignment	: 64
address sizes	: 36 bits physical, 48 bits virtual
power management:



Memory: 4k page, physical 6021944k(904580k free), swap 1951740k(1886216k free)

vm_info: Java HotSpot(TM) 64-Bit Server VM (24.45-b08) for linux-amd64 JRE (1.7.0_45-b18), built on Oct  8 2013 05:44:25 by "java_re" with gcc 4.3.0 20080428 (Red Hat 4.3.0-8)

time: Sat Jan 18 09:26:24 2014
elapsed time: 0 seconds

