#
# A fatal error has been detected by the Java Runtime Environment:
#
#  Internal Error (javaClasses.cpp:136), pid=1151, tid=140204673439488
#  fatal error: Invalid layout of preloaded class
#
# JRE version:  (7.0_51-b13) (build )
# Java VM: Java HotSpot(TM) 64-Bit Server VM (24.51-b03 mixed mode linux-amd64 compressed oops)
# Failed to write core dump. Core dumps have been disabled. To enable core dumping, try "ulimit -c unlimited" before starting Java again
#
# If you would like to submit a bug report, please visit:
#   http://bugreport.sun.com/bugreport/crash.jsp
#

---------------  T H R E A D  ---------------

Current thread (0x00007f83e8009800):  JavaThread "Unknown thread" [_thread_in_vm, id=1153, stack(0x00007f83f1b19000,0x00007f83f1c1a000)]

Stack: [0x00007f83f1b19000,0x00007f83f1c1a000],  sp=0x00007f83f1c187c0,  free space=1021k
Native frames: (J=compiled Java code, j=interpreted, Vv=VM code, C=native code)
V  [libjvm.so+0x992f4a]  VMError::report_and_die()+0x2ea
V  [libjvm.so+0x493569]  report_fatal(char const*, int, char const*)+0x59
V  [libjvm.so+0x5fdce0]  compute_offset(int&, klassOopDesc*, Symbol*, Symbol*, bool)+0x140
V  [libjvm.so+0x5fe7f9]  java_lang_String::compute_offsets()+0x39
V  [libjvm.so+0x9191c5]  SystemDictionary::initialize_preloaded_classes(Thread*)+0x1a5
V  [libjvm.so+0x967f04]  Universe::genesis(Thread*)+0x494
V  [libjvm.so+0x9683b9]  universe2_init()+0x29
V  [libjvm.so+0x5a967d]  init_globals()+0xbd
V  [libjvm.so+0x94ef8d]  Threads::create_vm(JavaVMInitArgs*, bool*)+0x1ed
V  [libjvm.so+0x6307e4]  JNI_CreateJavaVM+0x74
C  [libjli.so+0x2f8e]  JavaMain+0x9e


---------------  P R O C E S S  ---------------

Java Threads: ( => current thread )

Other Threads:

=>0x00007f83e8009800 (exited) JavaThread "Unknown thread" [_thread_in_vm, id=1153, stack(0x00007f83f1b19000,0x00007f83f1c1a000)]

VM state:not at safepoint (not fully initialized)

VM Mutex/Monitor currently owned by a thread: None

GC Heap History (0 events):
No events

Deoptimization events (0 events):
No events

Internal exceptions (0 events):
No events

Events (10 events):
Event: 0.005 loading class 0x00007f83ee18c0d0
Event: 0.005 loading class 0x00007f83ee18c0d0 done
Event: 0.005 loading class 0x00007f83ee18c110
Event: 0.005 loading class 0x00007f83ee18c6f0
Event: 0.005 loading class 0x00007f83ee18c6f0 done
Event: 0.005 loading class 0x00007f83ee192e10
Event: 0.005 loading class 0x00007f83ee192e10 done
Event: 0.005 loading class 0x00007f83ee18c110 done
Event: 0.005 loading class 0x00007f83ee18c0f0
Event: 0.005 loading class 0x00007f83ee18c0f0 done


Dynamic libraries:
00400000-00401000 r-xp 00000000 08:05 2774365                            /usr/lib/jvm/java-7-oracle/bin/java
00600000-00601000 rw-p 00000000 08:05 2774365                            /usr/lib/jvm/java-7-oracle/bin/java
0082d000-0084e000 rw-p 00000000 00:00 0                                  [heap]
9ee00000-a0300000 rw-p 00000000 00:00 0 
a0300000-a4000000 rw-p 00000000 00:00 0 
a4000000-a7d00000 rw-p 00000000 00:00 0 
a7d00000-e1500000 rw-p 00000000 00:00 0 
e1500000-e3400000 rw-p 00000000 00:00 0 
e3400000-100000000 rw-p 00000000 00:00 0 
7f83c8000000-7f83c8021000 rw-p 00000000 00:00 0 
7f83c8021000-7f83cc000000 ---p 00000000 00:00 0 
7f83d0000000-7f83d0021000 rw-p 00000000 00:00 0 
7f83d0021000-7f83d4000000 ---p 00000000 00:00 0 
7f83d8000000-7f83d8021000 rw-p 00000000 00:00 0 
7f83d8021000-7f83dc000000 ---p 00000000 00:00 0 
7f83dcf70000-7f83e0000000 rw-p 00000000 00:00 0 
7f83e0000000-7f83e0021000 rw-p 00000000 00:00 0 
7f83e0021000-7f83e4000000 ---p 00000000 00:00 0 
7f83e5000000-7f83e5270000 rwxp 00000000 00:00 0 
7f83e5270000-7f83e8053000 rw-p 00000000 00:00 0 
7f83e8053000-7f83ec000000 ---p 00000000 00:00 0 
7f83edebf000-7f83ee106000 rw-p 00000000 00:00 0 
7f83ee106000-7f83ee116000 r--s 000bf000 08:05 2098413                    /home/yuechuan/Application/leJOS_NXJ_0.9.1beta-3/lib/nxt/classes.jar
7f83ee116000-7f83ee518000 rw-p 00000000 00:00 0 
7f83ee518000-7f83ee519000 ---p 00000000 00:00 0 
7f83ee519000-7f83ee619000 rw-p 00000000 00:00 0                          [stack:1158]
7f83ee619000-7f83ee61a000 ---p 00000000 00:00 0 
7f83ee61a000-7f83ee71a000 rw-p 00000000 00:00 0                          [stack:1157]
7f83ee71a000-7f83ee71b000 ---p 00000000 00:00 0 
7f83ee71b000-7f83ee81b000 rw-p 00000000 00:00 0                          [stack:1155]
7f83ee81b000-7f83ee81c000 ---p 00000000 00:00 0 
7f83ee81c000-7f83ee927000 rw-p 00000000 00:00 0                          [stack:1154]
7f83ee927000-7f83ee945000 rw-p 00000000 00:00 0 
7f83ee945000-7f83ee964000 rw-p 00000000 00:00 0 
7f83ee964000-7f83eeb30000 rw-p 00000000 00:00 0 
7f83eeb30000-7f83eeb3b000 rw-p 00000000 00:00 0 
7f83eeb3b000-7f83eeb59000 rw-p 00000000 00:00 0 
7f83eeb59000-7f83eeb78000 rw-p 00000000 00:00 0 
7f83eeb78000-7f83eed43000 rw-p 00000000 00:00 0 
7f83eed43000-7f83eed53000 rw-p 00000000 00:00 0 
7f83eed53000-7f83eee39000 rw-p 00000000 00:00 0 
7f83eee39000-7f83eee3a000 rw-p 00000000 00:00 0 
7f83eee3a000-7f83eee54000 r-xp 00000000 08:05 2802050                    /usr/lib/jvm/java-7-oracle/jre/lib/amd64/libzip.so
7f83eee54000-7f83ef054000 ---p 0001a000 08:05 2802050                    /usr/lib/jvm/java-7-oracle/jre/lib/amd64/libzip.so
7f83ef054000-7f83ef055000 rw-p 0001a000 08:05 2802050                    /usr/lib/jvm/java-7-oracle/jre/lib/amd64/libzip.so
7f83ef055000-7f83ef061000 r-xp 00000000 08:05 546558                     /lib/x86_64-linux-gnu/libnss_files-2.15.so
7f83ef061000-7f83ef260000 ---p 0000c000 08:05 546558                     /lib/x86_64-linux-gnu/libnss_files-2.15.so
7f83ef260000-7f83ef261000 r--p 0000b000 08:05 546558                     /lib/x86_64-linux-gnu/libnss_files-2.15.so
7f83ef261000-7f83ef262000 rw-p 0000c000 08:05 546558                     /lib/x86_64-linux-gnu/libnss_files-2.15.so
7f83ef262000-7f83ef26c000 r-xp 00000000 08:05 546554                     /lib/x86_64-linux-gnu/libnss_nis-2.15.so
7f83ef26c000-7f83ef46c000 ---p 0000a000 08:05 546554                     /lib/x86_64-linux-gnu/libnss_nis-2.15.so
7f83ef46c000-7f83ef46d000 r--p 0000a000 08:05 546554                     /lib/x86_64-linux-gnu/libnss_nis-2.15.so
7f83ef46d000-7f83ef46e000 rw-p 0000b000 08:05 546554                     /lib/x86_64-linux-gnu/libnss_nis-2.15.so
7f83ef46e000-7f83ef485000 r-xp 00000000 08:05 546568                     /lib/x86_64-linux-gnu/libnsl-2.15.so
7f83ef485000-7f83ef684000 ---p 00017000 08:05 546568                     /lib/x86_64-linux-gnu/libnsl-2.15.so
7f83ef684000-7f83ef685000 r--p 00016000 08:05 546568                     /lib/x86_64-linux-gnu/libnsl-2.15.so
7f83ef685000-7f83ef686000 rw-p 00017000 08:05 546568                     /lib/x86_64-linux-gnu/libnsl-2.15.so
7f83ef686000-7f83ef688000 rw-p 00000000 00:00 0 
7f83ef688000-7f83ef690000 r-xp 00000000 08:05 546572                     /lib/x86_64-linux-gnu/libnss_compat-2.15.so
7f83ef690000-7f83ef88f000 ---p 00008000 08:05 546572                     /lib/x86_64-linux-gnu/libnss_compat-2.15.so
7f83ef88f000-7f83ef890000 r--p 00007000 08:05 546572                     /lib/x86_64-linux-gnu/libnss_compat-2.15.so
7f83ef890000-7f83ef891000 rw-p 00008000 08:05 546572                     /lib/x86_64-linux-gnu/libnss_compat-2.15.so
7f83ef891000-7f83ef8ba000 r-xp 00000000 08:05 2802058                    /usr/lib/jvm/java-7-oracle/jre/lib/amd64/libjava.so
7f83ef8ba000-7f83efaba000 ---p 00029000 08:05 2802058                    /usr/lib/jvm/java-7-oracle/jre/lib/amd64/libjava.so
7f83efaba000-7f83efabc000 rw-p 00029000 08:05 2802058                    /usr/lib/jvm/java-7-oracle/jre/lib/amd64/libjava.so
7f83efabc000-7f83efac9000 r-xp 00000000 08:05 2802048                    /usr/lib/jvm/java-7-oracle/jre/lib/amd64/libverify.so
7f83efac9000-7f83efcc8000 ---p 0000d000 08:05 2802048                    /usr/lib/jvm/java-7-oracle/jre/lib/amd64/libverify.so
7f83efcc8000-7f83efcca000 rw-p 0000c000 08:05 2802048                    /usr/lib/jvm/java-7-oracle/jre/lib/amd64/libverify.so
7f83efcca000-7f83efcd1000 r-xp 00000000 08:05 546560                     /lib/x86_64-linux-gnu/librt-2.15.so
7f83efcd1000-7f83efed0000 ---p 00007000 08:05 546560                     /lib/x86_64-linux-gnu/librt-2.15.so
7f83efed0000-7f83efed1000 r--p 00006000 08:05 546560                     /lib/x86_64-linux-gnu/librt-2.15.so
7f83efed1000-7f83efed2000 rw-p 00007000 08:05 546560                     /lib/x86_64-linux-gnu/librt-2.15.so
7f83efed2000-7f83effcd000 r-xp 00000000 08:05 546569                     /lib/x86_64-linux-gnu/libm-2.15.so
7f83effcd000-7f83f01cc000 ---p 000fb000 08:05 546569                     /lib/x86_64-linux-gnu/libm-2.15.so
7f83f01cc000-7f83f01cd000 r--p 000fa000 08:05 546569                     /lib/x86_64-linux-gnu/libm-2.15.so
7f83f01cd000-7f83f01ce000 rw-p 000fb000 08:05 546569                     /lib/x86_64-linux-gnu/libm-2.15.so
7f83f01ce000-7f83f0d30000 r-xp 00000000 08:05 2802098                    /usr/lib/jvm/java-7-oracle/jre/lib/amd64/server/libjvm.so
7f83f0d30000-7f83f0f30000 ---p 00b62000 08:05 2802098                    /usr/lib/jvm/java-7-oracle/jre/lib/amd64/server/libjvm.so
7f83f0f30000-7f83f0ff3000 rw-p 00b62000 08:05 2802098                    /usr/lib/jvm/java-7-oracle/jre/lib/amd64/server/libjvm.so
7f83f0ff3000-7f83f1034000 rw-p 00000000 00:00 0 
7f83f1034000-7f83f11e9000 r-xp 00000000 08:05 546573                     /lib/x86_64-linux-gnu/libc-2.15.so
7f83f11e9000-7f83f13e9000 ---p 001b5000 08:05 546573                     /lib/x86_64-linux-gnu/libc-2.15.so
7f83f13e9000-7f83f13ed000 r--p 001b5000 08:05 546573                     /lib/x86_64-linux-gnu/libc-2.15.so
7f83f13ed000-7f83f13ef000 rw-p 001b9000 08:05 546573                     /lib/x86_64-linux-gnu/libc-2.15.so
7f83f13ef000-7f83f13f4000 rw-p 00000000 00:00 0 
7f83f13f4000-7f83f13f6000 r-xp 00000000 08:05 546571                     /lib/x86_64-linux-gnu/libdl-2.15.so
7f83f13f6000-7f83f15f6000 ---p 00002000 08:05 546571                     /lib/x86_64-linux-gnu/libdl-2.15.so
7f83f15f6000-7f83f15f7000 r--p 00002000 08:05 546571                     /lib/x86_64-linux-gnu/libdl-2.15.so
7f83f15f7000-7f83f15f8000 rw-p 00003000 08:05 546571                     /lib/x86_64-linux-gnu/libdl-2.15.so
7f83f15f8000-7f83f160e000 r-xp 00000000 08:05 2831249                    /usr/lib/jvm/java-7-oracle/lib/amd64/jli/libjli.so
7f83f160e000-7f83f180e000 ---p 00016000 08:05 2831249                    /usr/lib/jvm/java-7-oracle/lib/amd64/jli/libjli.so
7f83f180e000-7f83f180f000 rw-p 00016000 08:05 2831249                    /usr/lib/jvm/java-7-oracle/lib/amd64/jli/libjli.so
7f83f180f000-7f83f1827000 r-xp 00000000 08:05 546556                     /lib/x86_64-linux-gnu/libpthread-2.15.so
7f83f1827000-7f83f1a26000 ---p 00018000 08:05 546556                     /lib/x86_64-linux-gnu/libpthread-2.15.so
7f83f1a26000-7f83f1a27000 r--p 00017000 08:05 546556                     /lib/x86_64-linux-gnu/libpthread-2.15.so
7f83f1a27000-7f83f1a28000 rw-p 00018000 08:05 546556                     /lib/x86_64-linux-gnu/libpthread-2.15.so
7f83f1a28000-7f83f1a2c000 rw-p 00000000 00:00 0 
7f83f1a2c000-7f83f1a4e000 r-xp 00000000 08:05 546561                     /lib/x86_64-linux-gnu/ld-2.15.so
7f83f1a59000-7f83f1a63000 rw-p 00000000 00:00 0 
7f83f1a63000-7f83f1b19000 rw-p 00000000 00:00 0 
7f83f1b19000-7f83f1b1c000 ---p 00000000 00:00 0 
7f83f1b1c000-7f83f1c1e000 rw-p 00000000 00:00 0                          [stack:1153]
7f83f1c23000-7f83f1c42000 rw-p 00000000 00:00 0 
7f83f1c42000-7f83f1c4a000 rw-s 00000000 08:05 1334121                    /tmp/hsperfdata_yuechuan/1151
7f83f1c4a000-7f83f1c4b000 rw-p 00000000 00:00 0 
7f83f1c4b000-7f83f1c4c000 r--p 00000000 00:00 0 
7f83f1c4c000-7f83f1c4e000 rw-p 00000000 00:00 0 
7f83f1c4e000-7f83f1c4f000 r--p 00022000 08:05 546561                     /lib/x86_64-linux-gnu/ld-2.15.so
7f83f1c4f000-7f83f1c51000 rw-p 00023000 08:05 546561                     /lib/x86_64-linux-gnu/ld-2.15.so
7fffb17b6000-7fffb17d7000 rw-p 00000000 00:00 0                          [stack]
7fffb17ff000-7fffb1800000 r-xp 00000000 00:00 0                          [vdso]
ffffffffff600000-ffffffffff601000 r-xp 00000000 00:00 0                  [vsyscall]

VM Arguments:
jvm_args: -Dfile.encoding=UTF-8 -Xbootclasspath:/home/yuechuan/Application/leJOS_NXJ_0.9.1beta-3/lib/nxt/classes.jar 
java_command: Lab1
Launcher Type: SUN_STANDARD

Environment Variables:
PATH=/usr/local/sbin:/usr/local/bin:/usr/sbin:/usr/bin:/sbin:/bin:/usr/games:/usr/local/games:/home/yuechuan/Application/leJOS_NXJ_0.9.1beta-3//bin:/opt/ros/hydro/bin
USERNAME=yuechuan
SHELL=/bin/bash
DISPLAY=:1

Signal Handlers:
SIGSEGV: [libjvm.so+0x993870], sa_mask[0]=0x7ffbfeff, sa_flags=0x10000004
SIGBUS: [libjvm.so+0x993870], sa_mask[0]=0x7ffbfeff, sa_flags=0x10000004
SIGFPE: [libjvm.so+0x8105b0], sa_mask[0]=0x7ffbfeff, sa_flags=0x10000004
SIGPIPE: [libjvm.so+0x8105b0], sa_mask[0]=0x7ffbfeff, sa_flags=0x10000004
SIGXFSZ: [libjvm.so+0x8105b0], sa_mask[0]=0x7ffbfeff, sa_flags=0x10000004
SIGILL: [libjvm.so+0x8105b0], sa_mask[0]=0x7ffbfeff, sa_flags=0x10000004
SIGUSR1: SIG_DFL, sa_mask[0]=0x00000000, sa_flags=0x00000000
SIGUSR2: [libjvm.so+0x811aa0], sa_mask[0]=0x00000004, sa_flags=0x10000004
SIGHUP: SIG_DFL, sa_mask[0]=0x00000000, sa_flags=0x00000000
SIGINT: SIG_DFL, sa_mask[0]=0x00000000, sa_flags=0x00000000
SIGTERM: SIG_DFL, sa_mask[0]=0x00000000, sa_flags=0x00000000
SIGQUIT: SIG_DFL, sa_mask[0]=0x00000000, sa_flags=0x00000000


---------------  S Y S T E M  ---------------

OS:wheezy/sid

uname:Linux 3.5.0-45-generic #68-Ubuntu SMP Mon Dec 2 21:58:52 UTC 2013 x86_64
libc:glibc 2.15 NPTL 2.15 
rlimit: STACK 8192k, CORE 0k, NPROC 46901, NOFILE 4096, AS infinity
load average:1.37 1.26 1.24

/proc/meminfo:
MemTotal:        6021944 kB
MemFree:         1602392 kB
Buffers:          528496 kB
Cached:          1666308 kB
SwapCached:        12256 kB
Active:          2822788 kB
Inactive:        1157476 kB
Active(anon):    1775580 kB
Inactive(anon):   177152 kB
Active(file):    1047208 kB
Inactive(file):   980324 kB
Unevictable:         124 kB
Mlocked:             124 kB
SwapTotal:       1951740 kB
SwapFree:        1811492 kB
Dirty:               144 kB
Writeback:             0 kB
AnonPages:       1775980 kB
Mapped:           205108 kB
Shmem:            167272 kB
Slab:             308164 kB
SReclaimable:     273380 kB
SUnreclaim:        34784 kB
KernelStack:        4648 kB
PageTables:        43196 kB
NFS_Unstable:          0 kB
Bounce:                0 kB
WritebackTmp:          0 kB
CommitLimit:     4962712 kB
Committed_AS:    6337372 kB
VmallocTotal:   34359738367 kB
VmallocUsed:      366664 kB
VmallocChunk:   34359353828 kB
HardwareCorrupted:     0 kB
AnonHugePages:         0 kB
HugePages_Total:       0
HugePages_Free:        0
HugePages_Rsvd:        0
HugePages_Surp:        0
Hugepagesize:       2048 kB
DirectMap4k:       77812 kB
DirectMap2M:     6129664 kB


CPU:total 4 (2 cores per cpu, 2 threads per core) family 6 model 42 stepping 7, cmov, cx8, fxsr, mmx, sse, sse2, sse3, ssse3, sse4.1, sse4.2, popcnt, avx, aes, ht, tsc, tscinvbit

/proc/cpuinfo:
processor	: 0
vendor_id	: GenuineIntel
cpu family	: 6
model		: 42
model name	: Intel(R) Core(TM) i5-2410M CPU @ 2.30GHz
stepping	: 7
microcode	: 0x1a
cpu MHz		: 2301.000
cache size	: 3072 KB
physical id	: 0
siblings	: 4
core id		: 0
cpu cores	: 2
apicid		: 0
initial apicid	: 0
fpu		: yes
fpu_exception	: yes
cpuid level	: 13
wp		: yes
flags		: fpu vme de pse tsc msr pae mce cx8 apic sep mtrr pge mca cmov pat pse36 clflush dts acpi mmx fxsr sse sse2 ss ht tm pbe syscall nx rdtscp lm constant_tsc arch_perfmon pebs bts rep_good nopl xtopology nonstop_tsc aperfmperf pni pclmulqdq dtes64 monitor ds_cpl vmx est tm2 ssse3 cx16 xtpr pdcm pcid sse4_1 sse4_2 x2apic popcnt tsc_deadline_timer aes xsave avx lahf_lm ida arat epb xsaveopt pln pts dtherm tpr_shadow vnmi flexpriority ept vpid
bogomips	: 4589.69
clflush size	: 64
cache_alignment	: 64
address sizes	: 36 bits physical, 48 bits virtual
power management:

processor	: 1
vendor_id	: GenuineIntel
cpu family	: 6
model		: 42
model name	: Intel(R) Core(TM) i5-2410M CPU @ 2.30GHz
stepping	: 7
microcode	: 0x1a
cpu MHz		: 2301.000
cache size	: 3072 KB
physical id	: 0
siblings	: 4
core id		: 1
cpu cores	: 2
apicid		: 2
initial apicid	: 2
fpu		: yes
fpu_exception	: yes
cpuid level	: 13
wp		: yes
flags		: fpu vme de pse tsc msr pae mce cx8 apic sep mtrr pge mca cmov pat pse36 clflush dts acpi mmx fxsr sse sse2 ss ht tm pbe syscall nx rdtscp lm constant_tsc arch_perfmon pebs bts rep_good nopl xtopology nonstop_tsc aperfmperf pni pclmulqdq dtes64 monitor ds_cpl vmx est tm2 ssse3 cx16 xtpr pdcm pcid sse4_1 sse4_2 x2apic popcnt tsc_deadline_timer aes xsave avx lahf_lm ida arat epb xsaveopt pln pts dtherm tpr_shadow vnmi flexpriority ept vpid
bogomips	: 4589.69
clflush size	: 64
cache_alignment	: 64
address sizes	: 36 bits physical, 48 bits virtual
power management:

processor	: 2
vendor_id	: GenuineIntel
cpu family	: 6
model		: 42
model name	: Intel(R) Core(TM) i5-2410M CPU @ 2.30GHz
stepping	: 7
microcode	: 0x1a
cpu MHz		: 2301.000
cache size	: 3072 KB
physical id	: 0
siblings	: 4
core id		: 0
cpu cores	: 2
apicid		: 1
initial apicid	: 1
fpu		: yes
fpu_exception	: yes
cpuid level	: 13
wp		: yes
flags		: fpu vme de pse tsc msr pae mce cx8 apic sep mtrr pge mca cmov pat pse36 clflush dts acpi mmx fxsr sse sse2 ss ht tm pbe syscall nx rdtscp lm constant_tsc arch_perfmon pebs bts rep_good nopl xtopology nonstop_tsc aperfmperf pni pclmulqdq dtes64 monitor ds_cpl vmx est tm2 ssse3 cx16 xtpr pdcm pcid sse4_1 sse4_2 x2apic popcnt tsc_deadline_timer aes xsave avx lahf_lm ida arat epb xsaveopt pln pts dtherm tpr_shadow vnmi flexpriority ept vpid
bogomips	: 4589.69
clflush size	: 64
cache_alignment	: 64
address sizes	: 36 bits physical, 48 bits virtual
power management:

processor	: 3
vendor_id	: GenuineIntel
cpu family	: 6
model		: 42
model name	: Intel(R) Core(TM) i5-2410M CPU @ 2.30GHz
stepping	: 7
microcode	: 0x1a
cpu MHz		: 2301.000
cache size	: 3072 KB
physical id	: 0
siblings	: 4
core id		: 1
cpu cores	: 2
apicid		: 3
initial apicid	: 3
fpu		: yes
fpu_exception	: yes
cpuid level	: 13
wp		: yes
flags		: fpu vme de pse tsc msr pae mce cx8 apic sep mtrr pge mca cmov pat pse36 clflush dts acpi mmx fxsr sse sse2 ss ht tm pbe syscall nx rdtscp lm constant_tsc arch_perfmon pebs bts rep_good nopl xtopology nonstop_tsc aperfmperf pni pclmulqdq dtes64 monitor ds_cpl vmx est tm2 ssse3 cx16 xtpr pdcm pcid sse4_1 sse4_2 x2apic popcnt tsc_deadline_timer aes xsave avx lahf_lm ida arat epb xsaveopt pln pts dtherm tpr_shadow vnmi flexpriority ept vpid
bogomips	: 4589.69
clflush size	: 64
cache_alignment	: 64
address sizes	: 36 bits physical, 48 bits virtual
power management:



Memory: 4k page, physical 6021944k(1602392k free), swap 1951740k(1811492k free)

vm_info: Java HotSpot(TM) 64-Bit Server VM (24.51-b03) for linux-amd64 JRE (1.7.0_51-b13), built on Dec 18 2013 18:48:01 by "java_re" with gcc 4.3.0 20080428 (Red Hat 4.3.0-8)

time: Sat Feb  1 22:07:31 2014
elapsed time: 0 seconds

