#
# A fatal error has been detected by the Java Runtime Environment:
#
#  Internal Error (javaClasses.cpp:136), pid=27924, tid=140600066189056
#  fatal error: Invalid layout of preloaded class
#
# JRE version:  (7.0_51-b13) (build )
# Java VM: Java HotSpot(TM) 64-Bit Server VM (24.51-b03 mixed mode linux-amd64 compressed oops)
# Failed to write core dump. Core dumps have been disabled. To enable core dumping, try "ulimit -c unlimited" before starting Java again
#
# If you would like to submit a bug report, please visit:
#   http://bugreport.sun.com/bugreport/crash.jsp
#

---------------  T H R E A D  ---------------

Current thread (0x00007fdff8009800):  JavaThread "Unknown thread" [_thread_in_vm, id=27926, stack(0x00007fe000f02000,0x00007fe001003000)]

Stack: [0x00007fe000f02000,0x00007fe001003000],  sp=0x00007fe0010017c0,  free space=1021k
Native frames: (J=compiled Java code, j=interpreted, Vv=VM code, C=native code)
V  [libjvm.so+0x992f4a]  VMError::report_and_die()+0x2ea
V  [libjvm.so+0x493569]  report_fatal(char const*, int, char const*)+0x59
V  [libjvm.so+0x5fdce0]  compute_offset(int&, klassOopDesc*, Symbol*, Symbol*, bool)+0x140
V  [libjvm.so+0x5fe7f9]  java_lang_String::compute_offsets()+0x39
V  [libjvm.so+0x9191c5]  SystemDictionary::initialize_preloaded_classes(Thread*)+0x1a5
V  [libjvm.so+0x967f04]  Universe::genesis(Thread*)+0x494
V  [libjvm.so+0x9683b9]  universe2_init()+0x29
V  [libjvm.so+0x5a967d]  init_globals()+0xbd
V  [libjvm.so+0x94ef8d]  Threads::create_vm(JavaVMInitArgs*, bool*)+0x1ed
V  [libjvm.so+0x6307e4]  JNI_CreateJavaVM+0x74
C  [libjli.so+0x2f8e]  JavaMain+0x9e


---------------  P R O C E S S  ---------------

Java Threads: ( => current thread )

Other Threads:

=>0x00007fdff8009800 (exited) JavaThread "Unknown thread" [_thread_in_vm, id=27926, stack(0x00007fe000f02000,0x00007fe001003000)]

VM state:not at safepoint (not fully initialized)

VM Mutex/Monitor currently owned by a thread: None

GC Heap History (0 events):
No events

Deoptimization events (0 events):
No events

Internal exceptions (0 events):
No events

Events (10 events):
Event: 0.005 loading class 0x00007fdffd5750d0
Event: 0.005 loading class 0x00007fdffd5750d0 done
Event: 0.005 loading class 0x00007fdffd575110
Event: 0.005 loading class 0x00007fdffd5756f0
Event: 0.005 loading class 0x00007fdffd5756f0 done
Event: 0.005 loading class 0x00007fdffd57be10
Event: 0.005 loading class 0x00007fdffd57be10 done
Event: 0.005 loading class 0x00007fdffd575110 done
Event: 0.005 loading class 0x00007fdffd5750f0
Event: 0.005 loading class 0x00007fdffd5750f0 done


Dynamic libraries:
00400000-00401000 r-xp 00000000 08:05 2774365                            /usr/lib/jvm/java-7-oracle/bin/java
00600000-00601000 rw-p 00000000 08:05 2774365                            /usr/lib/jvm/java-7-oracle/bin/java
00902000-00923000 rw-p 00000000 00:00 0                                  [heap]
9ee00000-a0300000 rw-p 00000000 00:00 0 
a0300000-a4000000 rw-p 00000000 00:00 0 
a4000000-a7d00000 rw-p 00000000 00:00 0 
a7d00000-e1500000 rw-p 00000000 00:00 0 
e1500000-e3400000 rw-p 00000000 00:00 0 
e3400000-100000000 rw-p 00000000 00:00 0 
7fdfd8000000-7fdfd8021000 rw-p 00000000 00:00 0 
7fdfd8021000-7fdfdc000000 ---p 00000000 00:00 0 
7fdfe0000000-7fdfe0021000 rw-p 00000000 00:00 0 
7fdfe0021000-7fdfe4000000 ---p 00000000 00:00 0 
7fdfe8000000-7fdfe8021000 rw-p 00000000 00:00 0 
7fdfe8021000-7fdfec000000 ---p 00000000 00:00 0 
7fdfecf70000-7fdff0000000 rw-p 00000000 00:00 0 
7fdff0000000-7fdff0021000 rw-p 00000000 00:00 0 
7fdff0021000-7fdff4000000 ---p 00000000 00:00 0 
7fdff5000000-7fdff5270000 rwxp 00000000 00:00 0 
7fdff5270000-7fdff8053000 rw-p 00000000 00:00 0 
7fdff8053000-7fdffc000000 ---p 00000000 00:00 0 
7fdffd2a8000-7fdffd4ef000 rw-p 00000000 00:00 0 
7fdffd4ef000-7fdffd4ff000 r--s 000bf000 08:05 2098413                    /home/yuechuan/Application/leJOS_NXJ_0.9.1beta-3/lib/nxt/classes.jar
7fdffd4ff000-7fdffd901000 rw-p 00000000 00:00 0 
7fdffd901000-7fdffd902000 ---p 00000000 00:00 0 
7fdffd902000-7fdffda02000 rw-p 00000000 00:00 0                          [stack:27930]
7fdffda02000-7fdffda03000 ---p 00000000 00:00 0 
7fdffda03000-7fdffdb03000 rw-p 00000000 00:00 0                          [stack:27929]
7fdffdb03000-7fdffdb04000 ---p 00000000 00:00 0 
7fdffdb04000-7fdffdc04000 rw-p 00000000 00:00 0                          [stack:27928]
7fdffdc04000-7fdffdc05000 ---p 00000000 00:00 0 
7fdffdc05000-7fdffdd10000 rw-p 00000000 00:00 0                          [stack:27927]
7fdffdd10000-7fdffdd2e000 rw-p 00000000 00:00 0 
7fdffdd2e000-7fdffdd4d000 rw-p 00000000 00:00 0 
7fdffdd4d000-7fdffdf19000 rw-p 00000000 00:00 0 
7fdffdf19000-7fdffdf24000 rw-p 00000000 00:00 0 
7fdffdf24000-7fdffdf42000 rw-p 00000000 00:00 0 
7fdffdf42000-7fdffdf61000 rw-p 00000000 00:00 0 
7fdffdf61000-7fdffe12c000 rw-p 00000000 00:00 0 
7fdffe12c000-7fdffe13c000 rw-p 00000000 00:00 0 
7fdffe13c000-7fdffe222000 rw-p 00000000 00:00 0 
7fdffe222000-7fdffe223000 rw-p 00000000 00:00 0 
7fdffe223000-7fdffe23d000 r-xp 00000000 08:05 2802050                    /usr/lib/jvm/java-7-oracle/jre/lib/amd64/libzip.so
7fdffe23d000-7fdffe43d000 ---p 0001a000 08:05 2802050                    /usr/lib/jvm/java-7-oracle/jre/lib/amd64/libzip.so
7fdffe43d000-7fdffe43e000 rw-p 0001a000 08:05 2802050                    /usr/lib/jvm/java-7-oracle/jre/lib/amd64/libzip.so
7fdffe43e000-7fdffe44a000 r-xp 00000000 08:05 546558                     /lib/x86_64-linux-gnu/libnss_files-2.15.so
7fdffe44a000-7fdffe649000 ---p 0000c000 08:05 546558                     /lib/x86_64-linux-gnu/libnss_files-2.15.so
7fdffe649000-7fdffe64a000 r--p 0000b000 08:05 546558                     /lib/x86_64-linux-gnu/libnss_files-2.15.so
7fdffe64a000-7fdffe64b000 rw-p 0000c000 08:05 546558                     /lib/x86_64-linux-gnu/libnss_files-2.15.so
7fdffe64b000-7fdffe655000 r-xp 00000000 08:05 546554                     /lib/x86_64-linux-gnu/libnss_nis-2.15.so
7fdffe655000-7fdffe855000 ---p 0000a000 08:05 546554                     /lib/x86_64-linux-gnu/libnss_nis-2.15.so
7fdffe855000-7fdffe856000 r--p 0000a000 08:05 546554                     /lib/x86_64-linux-gnu/libnss_nis-2.15.so
7fdffe856000-7fdffe857000 rw-p 0000b000 08:05 546554                     /lib/x86_64-linux-gnu/libnss_nis-2.15.so
7fdffe857000-7fdffe86e000 r-xp 00000000 08:05 546568                     /lib/x86_64-linux-gnu/libnsl-2.15.so
7fdffe86e000-7fdffea6d000 ---p 00017000 08:05 546568                     /lib/x86_64-linux-gnu/libnsl-2.15.so
7fdffea6d000-7fdffea6e000 r--p 00016000 08:05 546568                     /lib/x86_64-linux-gnu/libnsl-2.15.so
7fdffea6e000-7fdffea6f000 rw-p 00017000 08:05 546568                     /lib/x86_64-linux-gnu/libnsl-2.15.so
7fdffea6f000-7fdffea71000 rw-p 00000000 00:00 0 
7fdffea71000-7fdffea79000 r-xp 00000000 08:05 546572                     /lib/x86_64-linux-gnu/libnss_compat-2.15.so
7fdffea79000-7fdffec78000 ---p 00008000 08:05 546572                     /lib/x86_64-linux-gnu/libnss_compat-2.15.so
7fdffec78000-7fdffec79000 r--p 00007000 08:05 546572                     /lib/x86_64-linux-gnu/libnss_compat-2.15.so
7fdffec79000-7fdffec7a000 rw-p 00008000 08:05 546572                     /lib/x86_64-linux-gnu/libnss_compat-2.15.so
7fdffec7a000-7fdffeca3000 r-xp 00000000 08:05 2802058                    /usr/lib/jvm/java-7-oracle/jre/lib/amd64/libjava.so
7fdffeca3000-7fdffeea3000 ---p 00029000 08:05 2802058                    /usr/lib/jvm/java-7-oracle/jre/lib/amd64/libjava.so
7fdffeea3000-7fdffeea5000 rw-p 00029000 08:05 2802058                    /usr/lib/jvm/java-7-oracle/jre/lib/amd64/libjava.so
7fdffeea5000-7fdffeeb2000 r-xp 00000000 08:05 2802048                    /usr/lib/jvm/java-7-oracle/jre/lib/amd64/libverify.so
7fdffeeb2000-7fdfff0b1000 ---p 0000d000 08:05 2802048                    /usr/lib/jvm/java-7-oracle/jre/lib/amd64/libverify.so
7fdfff0b1000-7fdfff0b3000 rw-p 0000c000 08:05 2802048                    /usr/lib/jvm/java-7-oracle/jre/lib/amd64/libverify.so
7fdfff0b3000-7fdfff0ba000 r-xp 00000000 08:05 546560                     /lib/x86_64-linux-gnu/librt-2.15.so
7fdfff0ba000-7fdfff2b9000 ---p 00007000 08:05 546560                     /lib/x86_64-linux-gnu/librt-2.15.so
7fdfff2b9000-7fdfff2ba000 r--p 00006000 08:05 546560                     /lib/x86_64-linux-gnu/librt-2.15.so
7fdfff2ba000-7fdfff2bb000 rw-p 00007000 08:05 546560                     /lib/x86_64-linux-gnu/librt-2.15.so
7fdfff2bb000-7fdfff3b6000 r-xp 00000000 08:05 546569                     /lib/x86_64-linux-gnu/libm-2.15.so
7fdfff3b6000-7fdfff5b5000 ---p 000fb000 08:05 546569                     /lib/x86_64-linux-gnu/libm-2.15.so
7fdfff5b5000-7fdfff5b6000 r--p 000fa000 08:05 546569                     /lib/x86_64-linux-gnu/libm-2.15.so
7fdfff5b6000-7fdfff5b7000 rw-p 000fb000 08:05 546569                     /lib/x86_64-linux-gnu/libm-2.15.so
7fdfff5b7000-7fe000119000 r-xp 00000000 08:05 2802098                    /usr/lib/jvm/java-7-oracle/jre/lib/amd64/server/libjvm.so
7fe000119000-7fe000319000 ---p 00b62000 08:05 2802098                    /usr/lib/jvm/java-7-oracle/jre/lib/amd64/server/libjvm.so
7fe000319000-7fe0003dc000 rw-p 00b62000 08:05 2802098                    /usr/lib/jvm/java-7-oracle/jre/lib/amd64/server/libjvm.so
7fe0003dc000-7fe00041d000 rw-p 00000000 00:00 0 
7fe00041d000-7fe0005d2000 r-xp 00000000 08:05 546573                     /lib/x86_64-linux-gnu/libc-2.15.so
7fe0005d2000-7fe0007d2000 ---p 001b5000 08:05 546573                     /lib/x86_64-linux-gnu/libc-2.15.so
7fe0007d2000-7fe0007d6000 r--p 001b5000 08:05 546573                     /lib/x86_64-linux-gnu/libc-2.15.so
7fe0007d6000-7fe0007d8000 rw-p 001b9000 08:05 546573                     /lib/x86_64-linux-gnu/libc-2.15.so
7fe0007d8000-7fe0007dd000 rw-p 00000000 00:00 0 
7fe0007dd000-7fe0007df000 r-xp 00000000 08:05 546571                     /lib/x86_64-linux-gnu/libdl-2.15.so
7fe0007df000-7fe0009df000 ---p 00002000 08:05 546571                     /lib/x86_64-linux-gnu/libdl-2.15.so
7fe0009df000-7fe0009e0000 r--p 00002000 08:05 546571                     /lib/x86_64-linux-gnu/libdl-2.15.so
7fe0009e0000-7fe0009e1000 rw-p 00003000 08:05 546571                     /lib/x86_64-linux-gnu/libdl-2.15.so
7fe0009e1000-7fe0009f7000 r-xp 00000000 08:05 2831249                    /usr/lib/jvm/java-7-oracle/lib/amd64/jli/libjli.so
7fe0009f7000-7fe000bf7000 ---p 00016000 08:05 2831249                    /usr/lib/jvm/java-7-oracle/lib/amd64/jli/libjli.so
7fe000bf7000-7fe000bf8000 rw-p 00016000 08:05 2831249                    /usr/lib/jvm/java-7-oracle/lib/amd64/jli/libjli.so
7fe000bf8000-7fe000c10000 r-xp 00000000 08:05 546556                     /lib/x86_64-linux-gnu/libpthread-2.15.so
7fe000c10000-7fe000e0f000 ---p 00018000 08:05 546556                     /lib/x86_64-linux-gnu/libpthread-2.15.so
7fe000e0f000-7fe000e10000 r--p 00017000 08:05 546556                     /lib/x86_64-linux-gnu/libpthread-2.15.so
7fe000e10000-7fe000e11000 rw-p 00018000 08:05 546556                     /lib/x86_64-linux-gnu/libpthread-2.15.so
7fe000e11000-7fe000e15000 rw-p 00000000 00:00 0 
7fe000e15000-7fe000e37000 r-xp 00000000 08:05 546561                     /lib/x86_64-linux-gnu/ld-2.15.so
7fe000e42000-7fe000e4c000 rw-p 00000000 00:00 0 
7fe000e4c000-7fe000f02000 rw-p 00000000 00:00 0 
7fe000f02000-7fe000f05000 ---p 00000000 00:00 0 
7fe000f05000-7fe001007000 rw-p 00000000 00:00 0                          [stack:27926]
7fe00100c000-7fe00102b000 rw-p 00000000 00:00 0 
7fe00102b000-7fe001033000 rw-s 00000000 08:05 1333588                    /tmp/hsperfdata_yuechuan/27924
7fe001033000-7fe001034000 rw-p 00000000 00:00 0 
7fe001034000-7fe001035000 r--p 00000000 00:00 0 
7fe001035000-7fe001037000 rw-p 00000000 00:00 0 
7fe001037000-7fe001038000 r--p 00022000 08:05 546561                     /lib/x86_64-linux-gnu/ld-2.15.so
7fe001038000-7fe00103a000 rw-p 00023000 08:05 546561                     /lib/x86_64-linux-gnu/ld-2.15.so
7fffd4e32000-7fffd4e53000 rw-p 00000000 00:00 0                          [stack]
7fffd4fff000-7fffd5000000 r-xp 00000000 00:00 0                          [vdso]
ffffffffff600000-ffffffffff601000 r-xp 00000000 00:00 0                  [vsyscall]

VM Arguments:
jvm_args: -Dfile.encoding=UTF-8 -Xbootclasspath:/home/yuechuan/Application/leJOS_NXJ_0.9.1beta-3/lib/nxt/classes.jar 
java_command: Lab1
Launcher Type: SUN_STANDARD

Environment Variables:
PATH=/usr/local/sbin:/usr/local/bin:/usr/sbin:/usr/bin:/sbin:/bin:/usr/games:/usr/local/games:/home/yuechuan/Application/leJOS_NXJ_0.9.1beta-3//bin:/opt/ros/hydro/bin
USERNAME=yuechuan
SHELL=/bin/bash
DISPLAY=:0

Signal Handlers:
SIGSEGV: [libjvm.so+0x993870], sa_mask[0]=0x7ffbfeff, sa_flags=0x10000004
SIGBUS: [libjvm.so+0x993870], sa_mask[0]=0x7ffbfeff, sa_flags=0x10000004
SIGFPE: [libjvm.so+0x8105b0], sa_mask[0]=0x7ffbfeff, sa_flags=0x10000004
SIGPIPE: [libjvm.so+0x8105b0], sa_mask[0]=0x7ffbfeff, sa_flags=0x10000004
SIGXFSZ: [libjvm.so+0x8105b0], sa_mask[0]=0x7ffbfeff, sa_flags=0x10000004
SIGILL: [libjvm.so+0x8105b0], sa_mask[0]=0x7ffbfeff, sa_flags=0x10000004
SIGUSR1: SIG_DFL, sa_mask[0]=0x00000000, sa_flags=0x00000000
SIGUSR2: [libjvm.so+0x811aa0], sa_mask[0]=0x00000004, sa_flags=0x10000004
SIGHUP: SIG_DFL, sa_mask[0]=0x00000000, sa_flags=0x00000000
SIGINT: SIG_DFL, sa_mask[0]=0x00000000, sa_flags=0x00000000
SIGTERM: SIG_DFL, sa_mask[0]=0x00000000, sa_flags=0x00000000
SIGQUIT: SIG_DFL, sa_mask[0]=0x00000000, sa_flags=0x00000000


---------------  S Y S T E M  ---------------

OS:wheezy/sid

uname:Linux 3.5.0-45-generic #68-Ubuntu SMP Mon Dec 2 21:58:52 UTC 2013 x86_64
libc:glibc 2.15 NPTL 2.15 
rlimit: STACK 8192k, CORE 0k, NPROC 46901, NOFILE 4096, AS infinity
load average:0.63 0.37 0.27

/proc/meminfo:
MemTotal:        6021944 kB
MemFree:          873376 kB
Buffers:          559232 kB
Cached:          1768028 kB
SwapCached:       179880 kB
Active:          2404124 kB
Inactive:        2310776 kB
Active(anon):    1843060 kB
Inactive(anon):   740556 kB
Active(file):     561064 kB
Inactive(file):  1570220 kB
Unevictable:         124 kB
Mlocked:             124 kB
SwapTotal:       1951740 kB
SwapFree:        1196864 kB
Dirty:               796 kB
Writeback:             0 kB
AnonPages:       2262340 kB
Mapped:           156144 kB
Shmem:            195976 kB
Slab:             285276 kB
SReclaimable:     247792 kB
SUnreclaim:        37484 kB
KernelStack:        5272 kB
PageTables:        55616 kB
NFS_Unstable:          0 kB
Bounce:                0 kB
WritebackTmp:          0 kB
CommitLimit:     4962712 kB
Committed_AS:    8460472 kB
VmallocTotal:   34359738367 kB
VmallocUsed:      366768 kB
VmallocChunk:   34359353108 kB
HardwareCorrupted:     0 kB
AnonHugePages:         0 kB
HugePages_Total:       0
HugePages_Free:        0
HugePages_Rsvd:        0
HugePages_Surp:        0
Hugepagesize:       2048 kB
DirectMap4k:       69620 kB
DirectMap2M:     6137856 kB


CPU:total 4 (2 cores per cpu, 2 threads per core) family 6 model 42 stepping 7, cmov, cx8, fxsr, mmx, sse, sse2, sse3, ssse3, sse4.1, sse4.2, popcnt, avx, aes, ht, tsc, tscinvbit

/proc/cpuinfo:
processor	: 0
vendor_id	: GenuineIntel
cpu family	: 6
model		: 42
model name	: Intel(R) Core(TM) i5-2410M CPU @ 2.30GHz
stepping	: 7
microcode	: 0x1a
cpu MHz		: 2301.000
cache size	: 3072 KB
physical id	: 0
siblings	: 4
core id		: 0
cpu cores	: 2
apicid		: 0
initial apicid	: 0
fpu		: yes
fpu_exception	: yes
cpuid level	: 13
wp		: yes
flags		: fpu vme de pse tsc msr pae mce cx8 apic sep mtrr pge mca cmov pat pse36 clflush dts acpi mmx fxsr sse sse2 ss ht tm pbe syscall nx rdtscp lm constant_tsc arch_perfmon pebs bts rep_good nopl xtopology nonstop_tsc aperfmperf pni pclmulqdq dtes64 monitor ds_cpl vmx est tm2 ssse3 cx16 xtpr pdcm pcid sse4_1 sse4_2 x2apic popcnt tsc_deadline_timer aes xsave avx lahf_lm ida arat epb xsaveopt pln pts dtherm tpr_shadow vnmi flexpriority ept vpid
bogomips	: 4589.69
clflush size	: 64
cache_alignment	: 64
address sizes	: 36 bits physical, 48 bits virtual
power management:

processor	: 1
vendor_id	: GenuineIntel
cpu family	: 6
model		: 42
model name	: Intel(R) Core(TM) i5-2410M CPU @ 2.30GHz
stepping	: 7
microcode	: 0x1a
cpu MHz		: 2301.000
cache size	: 3072 KB
physical id	: 0
siblings	: 4
core id		: 1
cpu cores	: 2
apicid		: 2
initial apicid	: 2
fpu		: yes
fpu_exception	: yes
cpuid level	: 13
wp		: yes
flags		: fpu vme de pse tsc msr pae mce cx8 apic sep mtrr pge mca cmov pat pse36 clflush dts acpi mmx fxsr sse sse2 ss ht tm pbe syscall nx rdtscp lm constant_tsc arch_perfmon pebs bts rep_good nopl xtopology nonstop_tsc aperfmperf pni pclmulqdq dtes64 monitor ds_cpl vmx est tm2 ssse3 cx16 xtpr pdcm pcid sse4_1 sse4_2 x2apic popcnt tsc_deadline_timer aes xsave avx lahf_lm ida arat epb xsaveopt pln pts dtherm tpr_shadow vnmi flexpriority ept vpid
bogomips	: 4589.69
clflush size	: 64
cache_alignment	: 64
address sizes	: 36 bits physical, 48 bits virtual
power management:

processor	: 2
vendor_id	: GenuineIntel
cpu family	: 6
model		: 42
model name	: Intel(R) Core(TM) i5-2410M CPU @ 2.30GHz
stepping	: 7
microcode	: 0x1a
cpu MHz		: 2301.000
cache size	: 3072 KB
physical id	: 0
siblings	: 4
core id		: 0
cpu cores	: 2
apicid		: 1
initial apicid	: 1
fpu		: yes
fpu_exception	: yes
cpuid level	: 13
wp		: yes
flags		: fpu vme de pse tsc msr pae mce cx8 apic sep mtrr pge mca cmov pat pse36 clflush dts acpi mmx fxsr sse sse2 ss ht tm pbe syscall nx rdtscp lm constant_tsc arch_perfmon pebs bts rep_good nopl xtopology nonstop_tsc aperfmperf pni pclmulqdq dtes64 monitor ds_cpl vmx est tm2 ssse3 cx16 xtpr pdcm pcid sse4_1 sse4_2 x2apic popcnt tsc_deadline_timer aes xsave avx lahf_lm ida arat epb xsaveopt pln pts dtherm tpr_shadow vnmi flexpriority ept vpid
bogomips	: 4589.69
clflush size	: 64
cache_alignment	: 64
address sizes	: 36 bits physical, 48 bits virtual
power management:

processor	: 3
vendor_id	: GenuineIntel
cpu family	: 6
model		: 42
model name	: Intel(R) Core(TM) i5-2410M CPU @ 2.30GHz
stepping	: 7
microcode	: 0x1a
cpu MHz		: 2301.000
cache size	: 3072 KB
physical id	: 0
siblings	: 4
core id		: 1
cpu cores	: 2
apicid		: 3
initial apicid	: 3
fpu		: yes
fpu_exception	: yes
cpuid level	: 13
wp		: yes
flags		: fpu vme de pse tsc msr pae mce cx8 apic sep mtrr pge mca cmov pat pse36 clflush dts acpi mmx fxsr sse sse2 ss ht tm pbe syscall nx rdtscp lm constant_tsc arch_perfmon pebs bts rep_good nopl xtopology nonstop_tsc aperfmperf pni pclmulqdq dtes64 monitor ds_cpl vmx est tm2 ssse3 cx16 xtpr pdcm pcid sse4_1 sse4_2 x2apic popcnt tsc_deadline_timer aes xsave avx lahf_lm ida arat epb xsaveopt pln pts dtherm tpr_shadow vnmi flexpriority ept vpid
bogomips	: 4589.69
clflush size	: 64
cache_alignment	: 64
address sizes	: 36 bits physical, 48 bits virtual
power management:



Memory: 4k page, physical 6021944k(873376k free), swap 1951740k(1196864k free)

vm_info: Java HotSpot(TM) 64-Bit Server VM (24.51-b03) for linux-amd64 JRE (1.7.0_51-b13), built on Dec 18 2013 18:48:01 by "java_re" with gcc 4.3.0 20080428 (Red Hat 4.3.0-8)

time: Sat Feb  1 11:46:51 2014
elapsed time: 0 seconds

