#
# A fatal error has been detected by the Java Runtime Environment:
#
#  Internal Error (javaClasses.cpp:136), pid=9936, tid=140663350032128
#  fatal error: Invalid layout of preloaded class
#
# JRE version:  (7.0_45-b18) (build )
# Java VM: Java HotSpot(TM) 64-Bit Server VM (24.45-b08 mixed mode linux-amd64 compressed oops)
# Failed to write core dump. Core dumps have been disabled. To enable core dumping, try "ulimit -c unlimited" before starting Java again
#
# If you would like to submit a bug report, please visit:
#   http://bugreport.sun.com/bugreport/crash.jsp
#

---------------  T H R E A D  ---------------

Current thread (0x00007feeb4009800):  JavaThread "Unknown thread" [_thread_in_vm, id=9942, stack(0x00007feebcf2f000,0x00007feebd030000)]

Stack: [0x00007feebcf2f000,0x00007feebd030000],  sp=0x00007feebd02e7c0,  free space=1021k
Native frames: (J=compiled Java code, j=interpreted, Vv=VM code, C=native code)
V  [libjvm.so+0x992c8a]  VMError::report_and_die()+0x2ea
V  [libjvm.so+0x493559]  report_fatal(char const*, int, char const*)+0x59
V  [libjvm.so+0x5fdd00]  compute_offset(int&, klassOopDesc*, Symbol*, Symbol*, bool)+0x140
V  [libjvm.so+0x5fe819]  java_lang_String::compute_offsets()+0x39
V  [libjvm.so+0x918f55]  SystemDictionary::initialize_preloaded_classes(Thread*)+0x1a5
V  [libjvm.so+0x967c94]  Universe::genesis(Thread*)+0x494
V  [libjvm.so+0x968149]  universe2_init()+0x29
V  [libjvm.so+0x5a969d]  init_globals()+0xbd
V  [libjvm.so+0x94ed1d]  Threads::create_vm(JavaVMInitArgs*, bool*)+0x1ed
V  [libjvm.so+0x630804]  JNI_CreateJavaVM+0x74
C  [libjli.so+0x2f8e]  JavaMain+0x9e


---------------  P R O C E S S  ---------------

Java Threads: ( => current thread )

Other Threads:

=>0x00007feeb4009800 (exited) JavaThread "Unknown thread" [_thread_in_vm, id=9942, stack(0x00007feebcf2f000,0x00007feebd030000)]

VM state:not at safepoint (not fully initialized)

VM Mutex/Monitor currently owned by a thread: None

GC Heap History (0 events):
No events

Deoptimization events (0 events):
No events

Internal exceptions (0 events):
No events

Events (10 events):
Event: 0.184 loading class 0x00007feeb95a20d0
Event: 0.185 loading class 0x00007feeb95a20d0 done
Event: 0.185 loading class 0x00007feeb95a2110
Event: 0.186 loading class 0x00007feeb95a26f0
Event: 0.186 loading class 0x00007feeb95a26f0 done
Event: 0.186 loading class 0x00007feeb95a8e10
Event: 0.186 loading class 0x00007feeb95a8e10 done
Event: 0.187 loading class 0x00007feeb95a2110 done
Event: 0.187 loading class 0x00007feeb95a20f0
Event: 0.187 loading class 0x00007feeb95a20f0 done


Dynamic libraries:
00400000-00401000 r-xp 00000000 08:05 2779694                            /usr/lib/jvm/java-7-oracle/bin/java
00600000-00601000 rw-p 00000000 08:05 2779694                            /usr/lib/jvm/java-7-oracle/bin/java
018e3000-01904000 rw-p 00000000 00:00 0                                  [heap]
9ee00000-a0300000 rw-p 00000000 00:00 0 
a0300000-a4000000 rw-p 00000000 00:00 0 
a4000000-a7d00000 rw-p 00000000 00:00 0 
a7d00000-e1500000 rw-p 00000000 00:00 0 
e1500000-e3400000 rw-p 00000000 00:00 0 
e3400000-100000000 rw-p 00000000 00:00 0 
7fee94000000-7fee94021000 rw-p 00000000 00:00 0 
7fee94021000-7fee98000000 ---p 00000000 00:00 0 
7fee9c000000-7fee9c021000 rw-p 00000000 00:00 0 
7fee9c021000-7feea0000000 ---p 00000000 00:00 0 
7feea4000000-7feea4021000 rw-p 00000000 00:00 0 
7feea4021000-7feea8000000 ---p 00000000 00:00 0 
7feea8f70000-7feeac000000 rw-p 00000000 00:00 0 
7feeac000000-7feeac021000 rw-p 00000000 00:00 0 
7feeac021000-7feeb0000000 ---p 00000000 00:00 0 
7feeb1000000-7feeb1270000 rwxp 00000000 00:00 0 
7feeb1270000-7feeb4053000 rw-p 00000000 00:00 0 
7feeb4053000-7feeb8000000 ---p 00000000 00:00 0 
7feeb92d5000-7feeb951c000 rw-p 00000000 00:00 0 
7feeb951c000-7feeb952c000 r--s 000bf000 08:05 2098413                    /home/yuechuan/Application/leJOS_NXJ_0.9.1beta-3/lib/nxt/classes.jar
7feeb952c000-7feeb992e000 rw-p 00000000 00:00 0 
7feeb992e000-7feeb992f000 ---p 00000000 00:00 0 
7feeb992f000-7feeb9a2f000 rw-p 00000000 00:00 0                          [stack:9946]
7feeb9a2f000-7feeb9a30000 ---p 00000000 00:00 0 
7feeb9a30000-7feeb9b30000 rw-p 00000000 00:00 0                          [stack:9945]
7feeb9b30000-7feeb9b31000 ---p 00000000 00:00 0 
7feeb9b31000-7feeb9c31000 rw-p 00000000 00:00 0                          [stack:9944]
7feeb9c31000-7feeb9c32000 ---p 00000000 00:00 0 
7feeb9c32000-7feeb9d3d000 rw-p 00000000 00:00 0                          [stack:9943]
7feeb9d3d000-7feeb9d5b000 rw-p 00000000 00:00 0 
7feeb9d5b000-7feeb9d7a000 rw-p 00000000 00:00 0 
7feeb9d7a000-7feeb9f46000 rw-p 00000000 00:00 0 
7feeb9f46000-7feeb9f51000 rw-p 00000000 00:00 0 
7feeb9f51000-7feeb9f6f000 rw-p 00000000 00:00 0 
7feeb9f6f000-7feeb9f8e000 rw-p 00000000 00:00 0 
7feeb9f8e000-7feeba159000 rw-p 00000000 00:00 0 
7feeba159000-7feeba169000 rw-p 00000000 00:00 0 
7feeba169000-7feeba24f000 rw-p 00000000 00:00 0 
7feeba24f000-7feeba250000 rw-p 00000000 00:00 0 
7feeba250000-7feeba26a000 r-xp 00000000 08:05 2802201                    /usr/lib/jvm/java-7-oracle/jre/lib/amd64/libzip.so
7feeba26a000-7feeba46a000 ---p 0001a000 08:05 2802201                    /usr/lib/jvm/java-7-oracle/jre/lib/amd64/libzip.so
7feeba46a000-7feeba46b000 rw-p 0001a000 08:05 2802201                    /usr/lib/jvm/java-7-oracle/jre/lib/amd64/libzip.so
7feeba46b000-7feeba477000 r-xp 00000000 08:05 546558                     /lib/x86_64-linux-gnu/libnss_files-2.15.so
7feeba477000-7feeba676000 ---p 0000c000 08:05 546558                     /lib/x86_64-linux-gnu/libnss_files-2.15.so
7feeba676000-7feeba677000 r--p 0000b000 08:05 546558                     /lib/x86_64-linux-gnu/libnss_files-2.15.so
7feeba677000-7feeba678000 rw-p 0000c000 08:05 546558                     /lib/x86_64-linux-gnu/libnss_files-2.15.so
7feeba678000-7feeba682000 r-xp 00000000 08:05 546554                     /lib/x86_64-linux-gnu/libnss_nis-2.15.so
7feeba682000-7feeba882000 ---p 0000a000 08:05 546554                     /lib/x86_64-linux-gnu/libnss_nis-2.15.so
7feeba882000-7feeba883000 r--p 0000a000 08:05 546554                     /lib/x86_64-linux-gnu/libnss_nis-2.15.so
7feeba883000-7feeba884000 rw-p 0000b000 08:05 546554                     /lib/x86_64-linux-gnu/libnss_nis-2.15.so
7feeba884000-7feeba89b000 r-xp 00000000 08:05 546568                     /lib/x86_64-linux-gnu/libnsl-2.15.so
7feeba89b000-7feebaa9a000 ---p 00017000 08:05 546568                     /lib/x86_64-linux-gnu/libnsl-2.15.so
7feebaa9a000-7feebaa9b000 r--p 00016000 08:05 546568                     /lib/x86_64-linux-gnu/libnsl-2.15.so
7feebaa9b000-7feebaa9c000 rw-p 00017000 08:05 546568                     /lib/x86_64-linux-gnu/libnsl-2.15.so
7feebaa9c000-7feebaa9e000 rw-p 00000000 00:00 0 
7feebaa9e000-7feebaaa6000 r-xp 00000000 08:05 546572                     /lib/x86_64-linux-gnu/libnss_compat-2.15.so
7feebaaa6000-7feebaca5000 ---p 00008000 08:05 546572                     /lib/x86_64-linux-gnu/libnss_compat-2.15.so
7feebaca5000-7feebaca6000 r--p 00007000 08:05 546572                     /lib/x86_64-linux-gnu/libnss_compat-2.15.so
7feebaca6000-7feebaca7000 rw-p 00008000 08:05 546572                     /lib/x86_64-linux-gnu/libnss_compat-2.15.so
7feebaca7000-7feebacd0000 r-xp 00000000 08:05 2804961                    /usr/lib/jvm/java-7-oracle/jre/lib/amd64/libjava.so
7feebacd0000-7feebaed0000 ---p 00029000 08:05 2804961                    /usr/lib/jvm/java-7-oracle/jre/lib/amd64/libjava.so
7feebaed0000-7feebaed2000 rw-p 00029000 08:05 2804961                    /usr/lib/jvm/java-7-oracle/jre/lib/amd64/libjava.so
7feebaed2000-7feebaedf000 r-xp 00000000 08:05 2802199                    /usr/lib/jvm/java-7-oracle/jre/lib/amd64/libverify.so
7feebaedf000-7feebb0de000 ---p 0000d000 08:05 2802199                    /usr/lib/jvm/java-7-oracle/jre/lib/amd64/libverify.so
7feebb0de000-7feebb0e0000 rw-p 0000c000 08:05 2802199                    /usr/lib/jvm/java-7-oracle/jre/lib/amd64/libverify.so
7feebb0e0000-7feebb0e7000 r-xp 00000000 08:05 546560                     /lib/x86_64-linux-gnu/librt-2.15.so
7feebb0e7000-7feebb2e6000 ---p 00007000 08:05 546560                     /lib/x86_64-linux-gnu/librt-2.15.so
7feebb2e6000-7feebb2e7000 r--p 00006000 08:05 546560                     /lib/x86_64-linux-gnu/librt-2.15.so
7feebb2e7000-7feebb2e8000 rw-p 00007000 08:05 546560                     /lib/x86_64-linux-gnu/librt-2.15.so
7feebb2e8000-7feebb3e3000 r-xp 00000000 08:05 546569                     /lib/x86_64-linux-gnu/libm-2.15.so
7feebb3e3000-7feebb5e2000 ---p 000fb000 08:05 546569                     /lib/x86_64-linux-gnu/libm-2.15.so
7feebb5e2000-7feebb5e3000 r--p 000fa000 08:05 546569                     /lib/x86_64-linux-gnu/libm-2.15.so
7feebb5e3000-7feebb5e4000 rw-p 000fb000 08:05 546569                     /lib/x86_64-linux-gnu/libm-2.15.so
7feebb5e4000-7feebc146000 r-xp 00000000 08:05 2805005                    /usr/lib/jvm/java-7-oracle/jre/lib/amd64/server/libjvm.so
7feebc146000-7feebc346000 ---p 00b62000 08:05 2805005                    /usr/lib/jvm/java-7-oracle/jre/lib/amd64/server/libjvm.so
7feebc346000-7feebc409000 rw-p 00b62000 08:05 2805005                    /usr/lib/jvm/java-7-oracle/jre/lib/amd64/server/libjvm.so
7feebc409000-7feebc44a000 rw-p 00000000 00:00 0 
7feebc44a000-7feebc5ff000 r-xp 00000000 08:05 546573                     /lib/x86_64-linux-gnu/libc-2.15.so
7feebc5ff000-7feebc7ff000 ---p 001b5000 08:05 546573                     /lib/x86_64-linux-gnu/libc-2.15.so
7feebc7ff000-7feebc803000 r--p 001b5000 08:05 546573                     /lib/x86_64-linux-gnu/libc-2.15.so
7feebc803000-7feebc805000 rw-p 001b9000 08:05 546573                     /lib/x86_64-linux-gnu/libc-2.15.so
7feebc805000-7feebc80a000 rw-p 00000000 00:00 0 
7feebc80a000-7feebc80c000 r-xp 00000000 08:05 546571                     /lib/x86_64-linux-gnu/libdl-2.15.so
7feebc80c000-7feebca0c000 ---p 00002000 08:05 546571                     /lib/x86_64-linux-gnu/libdl-2.15.so
7feebca0c000-7feebca0d000 r--p 00002000 08:05 546571                     /lib/x86_64-linux-gnu/libdl-2.15.so
7feebca0d000-7feebca0e000 rw-p 00003000 08:05 546571                     /lib/x86_64-linux-gnu/libdl-2.15.so
7feebca0e000-7feebca24000 r-xp 00000000 08:05 2805261                    /usr/lib/jvm/java-7-oracle/lib/amd64/jli/libjli.so
7feebca24000-7feebcc24000 ---p 00016000 08:05 2805261                    /usr/lib/jvm/java-7-oracle/lib/amd64/jli/libjli.so
7feebcc24000-7feebcc25000 rw-p 00016000 08:05 2805261                    /usr/lib/jvm/java-7-oracle/lib/amd64/jli/libjli.so
7feebcc25000-7feebcc3d000 r-xp 00000000 08:05 546556                     /lib/x86_64-linux-gnu/libpthread-2.15.so
7feebcc3d000-7feebce3c000 ---p 00018000 08:05 546556                     /lib/x86_64-linux-gnu/libpthread-2.15.so
7feebce3c000-7feebce3d000 r--p 00017000 08:05 546556                     /lib/x86_64-linux-gnu/libpthread-2.15.so
7feebce3d000-7feebce3e000 rw-p 00018000 08:05 546556                     /lib/x86_64-linux-gnu/libpthread-2.15.so
7feebce3e000-7feebce42000 rw-p 00000000 00:00 0 
7feebce42000-7feebce64000 r-xp 00000000 08:05 546561                     /lib/x86_64-linux-gnu/ld-2.15.so
7feebce6f000-7feebce79000 rw-p 00000000 00:00 0 
7feebce79000-7feebcf2f000 rw-p 00000000 00:00 0 
7feebcf2f000-7feebcf32000 ---p 00000000 00:00 0 
7feebcf32000-7feebd034000 rw-p 00000000 00:00 0                          [stack:9942]
7feebd039000-7feebd058000 rw-p 00000000 00:00 0 
7feebd058000-7feebd060000 rw-s 00000000 08:05 1331972                    /tmp/hsperfdata_yuechuan/9936
7feebd060000-7feebd061000 rw-p 00000000 00:00 0 
7feebd061000-7feebd062000 r--p 00000000 00:00 0 
7feebd062000-7feebd064000 rw-p 00000000 00:00 0 
7feebd064000-7feebd065000 r--p 00022000 08:05 546561                     /lib/x86_64-linux-gnu/ld-2.15.so
7feebd065000-7feebd067000 rw-p 00023000 08:05 546561                     /lib/x86_64-linux-gnu/ld-2.15.so
7fff0a23d000-7fff0a25e000 rw-p 00000000 00:00 0                          [stack]
7fff0a395000-7fff0a396000 r-xp 00000000 00:00 0                          [vdso]
ffffffffff600000-ffffffffff601000 r-xp 00000000 00:00 0                  [vsyscall]

VM Arguments:
jvm_args: -Dfile.encoding=UTF-8 -Xbootclasspath:/home/yuechuan/Application/leJOS_NXJ_0.9.1beta-3/lib/nxt/classes.jar 
java_command: Lab1
Launcher Type: SUN_STANDARD

Environment Variables:
PATH=/usr/local/sbin:/usr/local/bin:/usr/sbin:/usr/bin:/sbin:/bin:/usr/games:/usr/local/games:/home/yuechuan/Application/leJOS_NXJ_0.9.1beta-3//bin:/opt/ros/hydro/bin
USERNAME=yuechuan
SHELL=/bin/bash
DISPLAY=:0

Signal Handlers:
SIGSEGV: [libjvm.so+0x9935b0], sa_mask[0]=0x7ffbfeff, sa_flags=0x10000004
SIGBUS: [libjvm.so+0x9935b0], sa_mask[0]=0x7ffbfeff, sa_flags=0x10000004
SIGFPE: [libjvm.so+0x810330], sa_mask[0]=0x7ffbfeff, sa_flags=0x10000004
SIGPIPE: [libjvm.so+0x810330], sa_mask[0]=0x7ffbfeff, sa_flags=0x10000004
SIGXFSZ: [libjvm.so+0x810330], sa_mask[0]=0x7ffbfeff, sa_flags=0x10000004
SIGILL: [libjvm.so+0x810330], sa_mask[0]=0x7ffbfeff, sa_flags=0x10000004
SIGUSR1: SIG_DFL, sa_mask[0]=0x00000000, sa_flags=0x00000000
SIGUSR2: [libjvm.so+0x811820], sa_mask[0]=0x00000004, sa_flags=0x10000004
SIGHUP: SIG_DFL, sa_mask[0]=0x00000000, sa_flags=0x00000000
SIGINT: SIG_DFL, sa_mask[0]=0x00000000, sa_flags=0x00000000
SIGTERM: SIG_DFL, sa_mask[0]=0x00000000, sa_flags=0x00000000
SIGQUIT: SIG_DFL, sa_mask[0]=0x00000000, sa_flags=0x00000000


---------------  S Y S T E M  ---------------

OS:wheezy/sid

uname:Linux 3.5.0-45-generic #68-Ubuntu SMP Mon Dec 2 21:58:52 UTC 2013 x86_64
libc:glibc 2.15 NPTL 2.15 
rlimit: STACK 8192k, CORE 0k, NPROC 46901, NOFILE 4096, AS infinity
load average:0.30 0.29 0.49

/proc/meminfo:
MemTotal:        6021944 kB
MemFree:         1264536 kB
Buffers:          449484 kB
Cached:           896900 kB
SwapCached:        14780 kB
Active:          2514616 kB
Inactive:        1793704 kB
Active(anon):    2063828 kB
Inactive(anon):  1068920 kB
Active(file):     450788 kB
Inactive(file):   724784 kB
Unevictable:         124 kB
Mlocked:             124 kB
SwapTotal:       1951740 kB
SwapFree:        1885896 kB
Dirty:               268 kB
Writeback:             0 kB
AnonPages:       2949404 kB
Mapped:           145460 kB
Shmem:            170624 kB
Slab:             299816 kB
SReclaimable:     262504 kB
SUnreclaim:        37312 kB
KernelStack:        5232 kB
PageTables:        54940 kB
NFS_Unstable:          0 kB
Bounce:                0 kB
WritebackTmp:          0 kB
CommitLimit:     4962712 kB
Committed_AS:    8263984 kB
VmallocTotal:   34359738367 kB
VmallocUsed:      366740 kB
VmallocChunk:   34359367464 kB
HardwareCorrupted:     0 kB
AnonHugePages:         0 kB
HugePages_Total:       0
HugePages_Free:        0
HugePages_Rsvd:        0
HugePages_Surp:        0
Hugepagesize:       2048 kB
DirectMap4k:       67572 kB
DirectMap2M:     6139904 kB


CPU:total 4 (2 cores per cpu, 2 threads per core) family 6 model 42 stepping 7, cmov, cx8, fxsr, mmx, sse, sse2, sse3, ssse3, sse4.1, sse4.2, popcnt, avx, aes, ht, tsc, tscinvbit

/proc/cpuinfo:
processor	: 0
vendor_id	: GenuineIntel
cpu family	: 6
model		: 42
model name	: Intel(R) Core(TM) i5-2410M CPU @ 2.30GHz
stepping	: 7
microcode	: 0x1a
cpu MHz		: 800.000
cache size	: 3072 KB
physical id	: 0
siblings	: 4
core id		: 0
cpu cores	: 2
apicid		: 0
initial apicid	: 0
fpu		: yes
fpu_exception	: yes
cpuid level	: 13
wp		: yes
flags		: fpu vme de pse tsc msr pae mce cx8 apic sep mtrr pge mca cmov pat pse36 clflush dts acpi mmx fxsr sse sse2 ss ht tm pbe syscall nx rdtscp lm constant_tsc arch_perfmon pebs bts rep_good nopl xtopology nonstop_tsc aperfmperf pni pclmulqdq dtes64 monitor ds_cpl vmx est tm2 ssse3 cx16 xtpr pdcm pcid sse4_1 sse4_2 x2apic popcnt tsc_deadline_timer aes xsave avx lahf_lm ida arat epb xsaveopt pln pts dtherm tpr_shadow vnmi flexpriority ept vpid
bogomips	: 4589.73
clflush size	: 64
cache_alignment	: 64
address sizes	: 36 bits physical, 48 bits virtual
power management:

processor	: 1
vendor_id	: GenuineIntel
cpu family	: 6
model		: 42
model name	: Intel(R) Core(TM) i5-2410M CPU @ 2.30GHz
stepping	: 7
microcode	: 0x1a
cpu MHz		: 800.000
cache size	: 3072 KB
physical id	: 0
siblings	: 4
core id		: 1
cpu cores	: 2
apicid		: 2
initial apicid	: 2
fpu		: yes
fpu_exception	: yes
cpuid level	: 13
wp		: yes
flags		: fpu vme de pse tsc msr pae mce cx8 apic sep mtrr pge mca cmov pat pse36 clflush dts acpi mmx fxsr sse sse2 ss ht tm pbe syscall nx rdtscp lm constant_tsc arch_perfmon pebs bts rep_good nopl xtopology nonstop_tsc aperfmperf pni pclmulqdq dtes64 monitor ds_cpl vmx est tm2 ssse3 cx16 xtpr pdcm pcid sse4_1 sse4_2 x2apic popcnt tsc_deadline_timer aes xsave avx lahf_lm ida arat epb xsaveopt pln pts dtherm tpr_shadow vnmi flexpriority ept vpid
bogomips	: 4589.73
clflush size	: 64
cache_alignment	: 64
address sizes	: 36 bits physical, 48 bits virtual
power management:

processor	: 2
vendor_id	: GenuineIntel
cpu family	: 6
model		: 42
model name	: Intel(R) Core(TM) i5-2410M CPU @ 2.30GHz
stepping	: 7
microcode	: 0x1a
cpu MHz		: 800.000
cache size	: 3072 KB
physical id	: 0
siblings	: 4
core id		: 0
cpu cores	: 2
apicid		: 1
initial apicid	: 1
fpu		: yes
fpu_exception	: yes
cpuid level	: 13
wp		: yes
flags		: fpu vme de pse tsc msr pae mce cx8 apic sep mtrr pge mca cmov pat pse36 clflush dts acpi mmx fxsr sse sse2 ss ht tm pbe syscall nx rdtscp lm constant_tsc arch_perfmon pebs bts rep_good nopl xtopology nonstop_tsc aperfmperf pni pclmulqdq dtes64 monitor ds_cpl vmx est tm2 ssse3 cx16 xtpr pdcm pcid sse4_1 sse4_2 x2apic popcnt tsc_deadline_timer aes xsave avx lahf_lm ida arat epb xsaveopt pln pts dtherm tpr_shadow vnmi flexpriority ept vpid
bogomips	: 4589.73
clflush size	: 64
cache_alignment	: 64
address sizes	: 36 bits physical, 48 bits virtual
power management:

processor	: 3
vendor_id	: GenuineIntel
cpu family	: 6
model		: 42
model name	: Intel(R) Core(TM) i5-2410M CPU @ 2.30GHz
stepping	: 7
microcode	: 0x1a
cpu MHz		: 800.000
cache size	: 3072 KB
physical id	: 0
siblings	: 4
core id		: 1
cpu cores	: 2
apicid		: 3
initial apicid	: 3
fpu		: yes
fpu_exception	: yes
cpuid level	: 13
wp		: yes
flags		: fpu vme de pse tsc msr pae mce cx8 apic sep mtrr pge mca cmov pat pse36 clflush dts acpi mmx fxsr sse sse2 ss ht tm pbe syscall nx rdtscp lm constant_tsc arch_perfmon pebs bts rep_good nopl xtopology nonstop_tsc aperfmperf pni pclmulqdq dtes64 monitor ds_cpl vmx est tm2 ssse3 cx16 xtpr pdcm pcid sse4_1 sse4_2 x2apic popcnt tsc_deadline_timer aes xsave avx lahf_lm ida arat epb xsaveopt pln pts dtherm tpr_shadow vnmi flexpriority ept vpid
bogomips	: 4589.73
clflush size	: 64
cache_alignment	: 64
address sizes	: 36 bits physical, 48 bits virtual
power management:



Memory: 4k page, physical 6021944k(1264536k free), swap 1951740k(1885896k free)

vm_info: Java HotSpot(TM) 64-Bit Server VM (24.45-b08) for linux-amd64 JRE (1.7.0_45-b18), built on Oct  8 2013 05:44:25 by "java_re" with gcc 4.3.0 20080428 (Red Hat 4.3.0-8)

time: Sat Jan 18 09:24:39 2014
elapsed time: 0 seconds

