#
# A fatal error has been detected by the Java Runtime Environment:
#
#  Internal Error (javaClasses.cpp:136), pid=27381, tid=140608543708928
#  fatal error: Invalid layout of preloaded class
#
# JRE version:  (7.0_51-b13) (build )
# Java VM: Java HotSpot(TM) 64-Bit Server VM (24.51-b03 mixed mode linux-amd64 compressed oops)
# Failed to write core dump. Core dumps have been disabled. To enable core dumping, try "ulimit -c unlimited" before starting Java again
#
# If you would like to submit a bug report, please visit:
#   http://bugreport.sun.com/bugreport/crash.jsp
#

---------------  T H R E A D  ---------------

Current thread (0x00007fe1f4009800):  JavaThread "Unknown thread" [_thread_in_vm, id=27385, stack(0x00007fe1fa3cd000,0x00007fe1fa4ce000)]

Stack: [0x00007fe1fa3cd000,0x00007fe1fa4ce000],  sp=0x00007fe1fa4cc7c0,  free space=1021k
Native frames: (J=compiled Java code, j=interpreted, Vv=VM code, C=native code)
V  [libjvm.so+0x992f4a]  VMError::report_and_die()+0x2ea
V  [libjvm.so+0x493569]  report_fatal(char const*, int, char const*)+0x59
V  [libjvm.so+0x5fdce0]  compute_offset(int&, klassOopDesc*, Symbol*, Symbol*, bool)+0x140
V  [libjvm.so+0x5fe7f9]  java_lang_String::compute_offsets()+0x39
V  [libjvm.so+0x9191c5]  SystemDictionary::initialize_preloaded_classes(Thread*)+0x1a5
V  [libjvm.so+0x967f04]  Universe::genesis(Thread*)+0x494
V  [libjvm.so+0x9683b9]  universe2_init()+0x29
V  [libjvm.so+0x5a967d]  init_globals()+0xbd
V  [libjvm.so+0x94ef8d]  Threads::create_vm(JavaVMInitArgs*, bool*)+0x1ed
V  [libjvm.so+0x6307e4]  JNI_CreateJavaVM+0x74
C  [libjli.so+0x2f8e]  JavaMain+0x9e


---------------  P R O C E S S  ---------------

Java Threads: ( => current thread )

Other Threads:

=>0x00007fe1f4009800 (exited) JavaThread "Unknown thread" [_thread_in_vm, id=27385, stack(0x00007fe1fa3cd000,0x00007fe1fa4ce000)]

VM state:not at safepoint (not fully initialized)

VM Mutex/Monitor currently owned by a thread: None

GC Heap History (0 events):
No events

Deoptimization events (0 events):
No events

Internal exceptions (0 events):
No events

Events (10 events):
Event: 0.007 loading class 0x00007fe1efa250d0
Event: 0.008 loading class 0x00007fe1efa250d0 done
Event: 0.008 loading class 0x00007fe1efa25110
Event: 0.008 loading class 0x00007fe1efa256f0
Event: 0.008 loading class 0x00007fe1efa256f0 done
Event: 0.008 loading class 0x00007fe1efa2be10
Event: 0.008 loading class 0x00007fe1efa2be10 done
Event: 0.009 loading class 0x00007fe1efa25110 done
Event: 0.009 loading class 0x00007fe1efa250f0
Event: 0.009 loading class 0x00007fe1efa250f0 done


Dynamic libraries:
00400000-00401000 r-xp 00000000 08:05 2774365                            /usr/lib/jvm/java-7-oracle/bin/java
00600000-00601000 rw-p 00000000 08:05 2774365                            /usr/lib/jvm/java-7-oracle/bin/java
01718000-01739000 rw-p 00000000 00:00 0                                  [heap]
9ee00000-a0300000 rw-p 00000000 00:00 0 
a0300000-a4000000 rw-p 00000000 00:00 0 
a4000000-a7d00000 rw-p 00000000 00:00 0 
a7d00000-e1500000 rw-p 00000000 00:00 0 
e1500000-e3400000 rw-p 00000000 00:00 0 
e3400000-100000000 rw-p 00000000 00:00 0 
7fe1d0000000-7fe1d0021000 rw-p 00000000 00:00 0 
7fe1d0021000-7fe1d4000000 ---p 00000000 00:00 0 
7fe1d8000000-7fe1d8021000 rw-p 00000000 00:00 0 
7fe1d8021000-7fe1dc000000 ---p 00000000 00:00 0 
7fe1e0000000-7fe1e0021000 rw-p 00000000 00:00 0 
7fe1e0021000-7fe1e4000000 ---p 00000000 00:00 0 
7fe1e4f70000-7fe1e8000000 rw-p 00000000 00:00 0 
7fe1e8000000-7fe1e8021000 rw-p 00000000 00:00 0 
7fe1e8021000-7fe1ec000000 ---p 00000000 00:00 0 
7fe1ef758000-7fe1ef99f000 rw-p 00000000 00:00 0 
7fe1ef99f000-7fe1ef9af000 r--s 000bf000 08:05 2098413                    /home/yuechuan/Application/leJOS_NXJ_0.9.1beta-3/lib/nxt/classes.jar
7fe1ef9af000-7fe1efdb1000 rw-p 00000000 00:00 0 
7fe1efdb1000-7fe1efdb2000 ---p 00000000 00:00 0 
7fe1efdb2000-7fe1efeb2000 rw-p 00000000 00:00 0                          [stack:27390]
7fe1efeb2000-7fe1efeb3000 ---p 00000000 00:00 0 
7fe1efeb3000-7fe1effb3000 rw-p 00000000 00:00 0                          [stack:27389]
7fe1effb3000-7fe1effb4000 ---p 00000000 00:00 0 
7fe1effb4000-7fe1f00d3000 rw-p 00000000 00:00 0                          [stack:27388]
7fe1f00d3000-7fe1f029f000 rw-p 00000000 00:00 0 
7fe1f029f000-7fe1f02aa000 rw-p 00000000 00:00 0 
7fe1f02aa000-7fe1f02c8000 rw-p 00000000 00:00 0 
7fe1f02c8000-7fe1f02e7000 rw-p 00000000 00:00 0 
7fe1f02e7000-7fe1f04b2000 rw-p 00000000 00:00 0 
7fe1f04b2000-7fe1f04c2000 rw-p 00000000 00:00 0 
7fe1f04c2000-7fe1f05a8000 rw-p 00000000 00:00 0 
7fe1f05a8000-7fe1f05a9000 rw-p 00000000 00:00 0 
7fe1f05a9000-7fe1f0819000 rwxp 00000000 00:00 0 
7fe1f0819000-7fe1f35a9000 rw-p 00000000 00:00 0 
7fe1f35a9000-7fe1f35c3000 r-xp 00000000 08:05 2802050                    /usr/lib/jvm/java-7-oracle/jre/lib/amd64/libzip.so
7fe1f35c3000-7fe1f37c3000 ---p 0001a000 08:05 2802050                    /usr/lib/jvm/java-7-oracle/jre/lib/amd64/libzip.so
7fe1f37c3000-7fe1f37c4000 rw-p 0001a000 08:05 2802050                    /usr/lib/jvm/java-7-oracle/jre/lib/amd64/libzip.so
7fe1f37c4000-7fe1f37d0000 r-xp 00000000 08:05 546558                     /lib/x86_64-linux-gnu/libnss_files-2.15.so
7fe1f37d0000-7fe1f39cf000 ---p 0000c000 08:05 546558                     /lib/x86_64-linux-gnu/libnss_files-2.15.so
7fe1f39cf000-7fe1f39d0000 r--p 0000b000 08:05 546558                     /lib/x86_64-linux-gnu/libnss_files-2.15.so
7fe1f39d0000-7fe1f39d1000 rw-p 0000c000 08:05 546558                     /lib/x86_64-linux-gnu/libnss_files-2.15.so
7fe1f39d1000-7fe1f39db000 r-xp 00000000 08:05 546554                     /lib/x86_64-linux-gnu/libnss_nis-2.15.so
7fe1f39db000-7fe1f3bdb000 ---p 0000a000 08:05 546554                     /lib/x86_64-linux-gnu/libnss_nis-2.15.so
7fe1f3bdb000-7fe1f3bdc000 r--p 0000a000 08:05 546554                     /lib/x86_64-linux-gnu/libnss_nis-2.15.so
7fe1f3bdc000-7fe1f3bdd000 rw-p 0000b000 08:05 546554                     /lib/x86_64-linux-gnu/libnss_nis-2.15.so
7fe1f3bdd000-7fe1f3bf4000 r-xp 00000000 08:05 546568                     /lib/x86_64-linux-gnu/libnsl-2.15.so
7fe1f3bf4000-7fe1f3df3000 ---p 00017000 08:05 546568                     /lib/x86_64-linux-gnu/libnsl-2.15.so
7fe1f3df3000-7fe1f3df4000 r--p 00016000 08:05 546568                     /lib/x86_64-linux-gnu/libnsl-2.15.so
7fe1f3df4000-7fe1f3df5000 rw-p 00017000 08:05 546568                     /lib/x86_64-linux-gnu/libnsl-2.15.so
7fe1f3df5000-7fe1f3df7000 rw-p 00000000 00:00 0 
7fe1f3df7000-7fe1f3dff000 r-xp 00000000 08:05 546572                     /lib/x86_64-linux-gnu/libnss_compat-2.15.so
7fe1f3dff000-7fe1f3ffe000 ---p 00008000 08:05 546572                     /lib/x86_64-linux-gnu/libnss_compat-2.15.so
7fe1f3ffe000-7fe1f3fff000 r--p 00007000 08:05 546572                     /lib/x86_64-linux-gnu/libnss_compat-2.15.so
7fe1f3fff000-7fe1f4000000 rw-p 00008000 08:05 546572                     /lib/x86_64-linux-gnu/libnss_compat-2.15.so
7fe1f4000000-7fe1f4053000 rw-p 00000000 00:00 0 
7fe1f4053000-7fe1f8000000 ---p 00000000 00:00 0 
7fe1f801b000-7fe1f801c000 ---p 00000000 00:00 0 
7fe1f801c000-7fe1f8127000 rw-p 00000000 00:00 0                          [stack:27387]
7fe1f8127000-7fe1f8145000 rw-p 00000000 00:00 0 
7fe1f8145000-7fe1f816e000 r-xp 00000000 08:05 2802058                    /usr/lib/jvm/java-7-oracle/jre/lib/amd64/libjava.so
7fe1f816e000-7fe1f836e000 ---p 00029000 08:05 2802058                    /usr/lib/jvm/java-7-oracle/jre/lib/amd64/libjava.so
7fe1f836e000-7fe1f8370000 rw-p 00029000 08:05 2802058                    /usr/lib/jvm/java-7-oracle/jre/lib/amd64/libjava.so
7fe1f8370000-7fe1f837d000 r-xp 00000000 08:05 2802048                    /usr/lib/jvm/java-7-oracle/jre/lib/amd64/libverify.so
7fe1f837d000-7fe1f857c000 ---p 0000d000 08:05 2802048                    /usr/lib/jvm/java-7-oracle/jre/lib/amd64/libverify.so
7fe1f857c000-7fe1f857e000 rw-p 0000c000 08:05 2802048                    /usr/lib/jvm/java-7-oracle/jre/lib/amd64/libverify.so
7fe1f857e000-7fe1f8585000 r-xp 00000000 08:05 546560                     /lib/x86_64-linux-gnu/librt-2.15.so
7fe1f8585000-7fe1f8784000 ---p 00007000 08:05 546560                     /lib/x86_64-linux-gnu/librt-2.15.so
7fe1f8784000-7fe1f8785000 r--p 00006000 08:05 546560                     /lib/x86_64-linux-gnu/librt-2.15.so
7fe1f8785000-7fe1f8786000 rw-p 00007000 08:05 546560                     /lib/x86_64-linux-gnu/librt-2.15.so
7fe1f8786000-7fe1f8881000 r-xp 00000000 08:05 546569                     /lib/x86_64-linux-gnu/libm-2.15.so
7fe1f8881000-7fe1f8a80000 ---p 000fb000 08:05 546569                     /lib/x86_64-linux-gnu/libm-2.15.so
7fe1f8a80000-7fe1f8a81000 r--p 000fa000 08:05 546569                     /lib/x86_64-linux-gnu/libm-2.15.so
7fe1f8a81000-7fe1f8a82000 rw-p 000fb000 08:05 546569                     /lib/x86_64-linux-gnu/libm-2.15.so
7fe1f8a82000-7fe1f95e4000 r-xp 00000000 08:05 2802098                    /usr/lib/jvm/java-7-oracle/jre/lib/amd64/server/libjvm.so
7fe1f95e4000-7fe1f97e4000 ---p 00b62000 08:05 2802098                    /usr/lib/jvm/java-7-oracle/jre/lib/amd64/server/libjvm.so
7fe1f97e4000-7fe1f98a7000 rw-p 00b62000 08:05 2802098                    /usr/lib/jvm/java-7-oracle/jre/lib/amd64/server/libjvm.so
7fe1f98a7000-7fe1f98e8000 rw-p 00000000 00:00 0 
7fe1f98e8000-7fe1f9a9d000 r-xp 00000000 08:05 546573                     /lib/x86_64-linux-gnu/libc-2.15.so
7fe1f9a9d000-7fe1f9c9d000 ---p 001b5000 08:05 546573                     /lib/x86_64-linux-gnu/libc-2.15.so
7fe1f9c9d000-7fe1f9ca1000 r--p 001b5000 08:05 546573                     /lib/x86_64-linux-gnu/libc-2.15.so
7fe1f9ca1000-7fe1f9ca3000 rw-p 001b9000 08:05 546573                     /lib/x86_64-linux-gnu/libc-2.15.so
7fe1f9ca3000-7fe1f9ca8000 rw-p 00000000 00:00 0 
7fe1f9ca8000-7fe1f9caa000 r-xp 00000000 08:05 546571                     /lib/x86_64-linux-gnu/libdl-2.15.so
7fe1f9caa000-7fe1f9eaa000 ---p 00002000 08:05 546571                     /lib/x86_64-linux-gnu/libdl-2.15.so
7fe1f9eaa000-7fe1f9eab000 r--p 00002000 08:05 546571                     /lib/x86_64-linux-gnu/libdl-2.15.so
7fe1f9eab000-7fe1f9eac000 rw-p 00003000 08:05 546571                     /lib/x86_64-linux-gnu/libdl-2.15.so
7fe1f9eac000-7fe1f9ec2000 r-xp 00000000 08:05 2831249                    /usr/lib/jvm/java-7-oracle/lib/amd64/jli/libjli.so
7fe1f9ec2000-7fe1fa0c2000 ---p 00016000 08:05 2831249                    /usr/lib/jvm/java-7-oracle/lib/amd64/jli/libjli.so
7fe1fa0c2000-7fe1fa0c3000 rw-p 00016000 08:05 2831249                    /usr/lib/jvm/java-7-oracle/lib/amd64/jli/libjli.so
7fe1fa0c3000-7fe1fa0db000 r-xp 00000000 08:05 546556                     /lib/x86_64-linux-gnu/libpthread-2.15.so
7fe1fa0db000-7fe1fa2da000 ---p 00018000 08:05 546556                     /lib/x86_64-linux-gnu/libpthread-2.15.so
7fe1fa2da000-7fe1fa2db000 r--p 00017000 08:05 546556                     /lib/x86_64-linux-gnu/libpthread-2.15.so
7fe1fa2db000-7fe1fa2dc000 rw-p 00018000 08:05 546556                     /lib/x86_64-linux-gnu/libpthread-2.15.so
7fe1fa2dc000-7fe1fa2e0000 rw-p 00000000 00:00 0 
7fe1fa2e0000-7fe1fa302000 r-xp 00000000 08:05 546561                     /lib/x86_64-linux-gnu/ld-2.15.so
7fe1fa30d000-7fe1fa317000 rw-p 00000000 00:00 0 
7fe1fa317000-7fe1fa3cd000 rw-p 00000000 00:00 0 
7fe1fa3cd000-7fe1fa3d0000 ---p 00000000 00:00 0 
7fe1fa3d0000-7fe1fa4d2000 rw-p 00000000 00:00 0                          [stack:27385]
7fe1fa4d7000-7fe1fa4f6000 rw-p 00000000 00:00 0 
7fe1fa4f6000-7fe1fa4fe000 rw-s 00000000 08:05 1332273                    /tmp/hsperfdata_yuechuan/27381
7fe1fa4fe000-7fe1fa4ff000 rw-p 00000000 00:00 0 
7fe1fa4ff000-7fe1fa500000 r--p 00000000 00:00 0 
7fe1fa500000-7fe1fa502000 rw-p 00000000 00:00 0 
7fe1fa502000-7fe1fa503000 r--p 00022000 08:05 546561                     /lib/x86_64-linux-gnu/ld-2.15.so
7fe1fa503000-7fe1fa505000 rw-p 00023000 08:05 546561                     /lib/x86_64-linux-gnu/ld-2.15.so
7fffb50f3000-7fffb5114000 rw-p 00000000 00:00 0                          [stack]
7fffb513d000-7fffb513e000 r-xp 00000000 00:00 0                          [vdso]
ffffffffff600000-ffffffffff601000 r-xp 00000000 00:00 0                  [vsyscall]

VM Arguments:
jvm_args: -Dfile.encoding=UTF-8 -Xbootclasspath:/home/yuechuan/Application/leJOS_NXJ_0.9.1beta-3/lib/nxt/classes.jar 
java_command: hello.Hello
Launcher Type: SUN_STANDARD

Environment Variables:
PATH=/usr/local/sbin:/usr/local/bin:/usr/sbin:/usr/bin:/sbin:/bin:/usr/games:/usr/local/games:/home/yuechuan/Application/leJOS_NXJ_0.9.1beta-3//bin:/opt/ros/hydro/bin
USERNAME=yuechuan
SHELL=/bin/bash
DISPLAY=:0

Signal Handlers:
SIGSEGV: [libjvm.so+0x993870], sa_mask[0]=0x7ffbfeff, sa_flags=0x10000004
SIGBUS: [libjvm.so+0x993870], sa_mask[0]=0x7ffbfeff, sa_flags=0x10000004
SIGFPE: [libjvm.so+0x8105b0], sa_mask[0]=0x7ffbfeff, sa_flags=0x10000004
SIGPIPE: [libjvm.so+0x8105b0], sa_mask[0]=0x7ffbfeff, sa_flags=0x10000004
SIGXFSZ: [libjvm.so+0x8105b0], sa_mask[0]=0x7ffbfeff, sa_flags=0x10000004
SIGILL: [libjvm.so+0x8105b0], sa_mask[0]=0x7ffbfeff, sa_flags=0x10000004
SIGUSR1: SIG_DFL, sa_mask[0]=0x00000000, sa_flags=0x00000000
SIGUSR2: [libjvm.so+0x811aa0], sa_mask[0]=0x00000004, sa_flags=0x10000004
SIGHUP: SIG_DFL, sa_mask[0]=0x00000000, sa_flags=0x00000000
SIGINT: SIG_DFL, sa_mask[0]=0x00000000, sa_flags=0x00000000
SIGTERM: SIG_DFL, sa_mask[0]=0x00000000, sa_flags=0x00000000
SIGQUIT: SIG_DFL, sa_mask[0]=0x00000000, sa_flags=0x00000000


---------------  S Y S T E M  ---------------

OS:wheezy/sid

uname:Linux 3.5.0-45-generic #68-Ubuntu SMP Mon Dec 2 21:58:52 UTC 2013 x86_64
libc:glibc 2.15 NPTL 2.15 
rlimit: STACK 8192k, CORE 0k, NPROC 46901, NOFILE 4096, AS infinity
load average:0.28 0.55 0.48

/proc/meminfo:
MemTotal:        6021944 kB
MemFree:          427776 kB
Buffers:           68652 kB
Cached:           806220 kB
SwapCached:        13480 kB
Active:          3840960 kB
Inactive:        1315896 kB
Active(anon):    3471084 kB
Inactive(anon):   985104 kB
Active(file):     369876 kB
Inactive(file):   330792 kB
Unevictable:         124 kB
Mlocked:             124 kB
SwapTotal:       1951740 kB
SwapFree:        1925508 kB
Dirty:              9104 kB
Writeback:             0 kB
AnonPages:       4268916 kB
Mapped:           156576 kB
Shmem:            174204 kB
Slab:             281860 kB
SReclaimable:     245836 kB
SUnreclaim:        36024 kB
KernelStack:        5088 kB
PageTables:        58736 kB
NFS_Unstable:          0 kB
Bounce:                0 kB
WritebackTmp:          0 kB
CommitLimit:     4962712 kB
Committed_AS:    9679968 kB
VmallocTotal:   34359738367 kB
VmallocUsed:      366780 kB
VmallocChunk:   34359360652 kB
HardwareCorrupted:     0 kB
AnonHugePages:         0 kB
HugePages_Total:       0
HugePages_Free:        0
HugePages_Rsvd:        0
HugePages_Surp:        0
Hugepagesize:       2048 kB
DirectMap4k:       86004 kB
DirectMap2M:     6121472 kB


CPU:total 4 (2 cores per cpu, 2 threads per core) family 6 model 42 stepping 7, cmov, cx8, fxsr, mmx, sse, sse2, sse3, ssse3, sse4.1, sse4.2, popcnt, avx, aes, ht, tsc, tscinvbit

/proc/cpuinfo:
processor	: 0
vendor_id	: GenuineIntel
cpu family	: 6
model		: 42
model name	: Intel(R) Core(TM) i5-2410M CPU @ 2.30GHz
stepping	: 7
microcode	: 0x1a
cpu MHz		: 2301.000
cache size	: 3072 KB
physical id	: 0
siblings	: 4
core id		: 0
cpu cores	: 2
apicid		: 0
initial apicid	: 0
fpu		: yes
fpu_exception	: yes
cpuid level	: 13
wp		: yes
flags		: fpu vme de pse tsc msr pae mce cx8 apic sep mtrr pge mca cmov pat pse36 clflush dts acpi mmx fxsr sse sse2 ss ht tm pbe syscall nx rdtscp lm constant_tsc arch_perfmon pebs bts rep_good nopl xtopology nonstop_tsc aperfmperf pni pclmulqdq dtes64 monitor ds_cpl vmx est tm2 ssse3 cx16 xtpr pdcm pcid sse4_1 sse4_2 x2apic popcnt tsc_deadline_timer aes xsave avx lahf_lm ida arat epb xsaveopt pln pts dtherm tpr_shadow vnmi flexpriority ept vpid
bogomips	: 4589.75
clflush size	: 64
cache_alignment	: 64
address sizes	: 36 bits physical, 48 bits virtual
power management:

processor	: 1
vendor_id	: GenuineIntel
cpu family	: 6
model		: 42
model name	: Intel(R) Core(TM) i5-2410M CPU @ 2.30GHz
stepping	: 7
microcode	: 0x1a
cpu MHz		: 800.000
cache size	: 3072 KB
physical id	: 0
siblings	: 4
core id		: 1
cpu cores	: 2
apicid		: 2
initial apicid	: 2
fpu		: yes
fpu_exception	: yes
cpuid level	: 13
wp		: yes
flags		: fpu vme de pse tsc msr pae mce cx8 apic sep mtrr pge mca cmov pat pse36 clflush dts acpi mmx fxsr sse sse2 ss ht tm pbe syscall nx rdtscp lm constant_tsc arch_perfmon pebs bts rep_good nopl xtopology nonstop_tsc aperfmperf pni pclmulqdq dtes64 monitor ds_cpl vmx est tm2 ssse3 cx16 xtpr pdcm pcid sse4_1 sse4_2 x2apic popcnt tsc_deadline_timer aes xsave avx lahf_lm ida arat epb xsaveopt pln pts dtherm tpr_shadow vnmi flexpriority ept vpid
bogomips	: 4589.75
clflush size	: 64
cache_alignment	: 64
address sizes	: 36 bits physical, 48 bits virtual
power management:

processor	: 2
vendor_id	: GenuineIntel
cpu family	: 6
model		: 42
model name	: Intel(R) Core(TM) i5-2410M CPU @ 2.30GHz
stepping	: 7
microcode	: 0x1a
cpu MHz		: 2301.000
cache size	: 3072 KB
physical id	: 0
siblings	: 4
core id		: 0
cpu cores	: 2
apicid		: 1
initial apicid	: 1
fpu		: yes
fpu_exception	: yes
cpuid level	: 13
wp		: yes
flags		: fpu vme de pse tsc msr pae mce cx8 apic sep mtrr pge mca cmov pat pse36 clflush dts acpi mmx fxsr sse sse2 ss ht tm pbe syscall nx rdtscp lm constant_tsc arch_perfmon pebs bts rep_good nopl xtopology nonstop_tsc aperfmperf pni pclmulqdq dtes64 monitor ds_cpl vmx est tm2 ssse3 cx16 xtpr pdcm pcid sse4_1 sse4_2 x2apic popcnt tsc_deadline_timer aes xsave avx lahf_lm ida arat epb xsaveopt pln pts dtherm tpr_shadow vnmi flexpriority ept vpid
bogomips	: 4589.75
clflush size	: 64
cache_alignment	: 64
address sizes	: 36 bits physical, 48 bits virtual
power management:

processor	: 3
vendor_id	: GenuineIntel
cpu family	: 6
model		: 42
model name	: Intel(R) Core(TM) i5-2410M CPU @ 2.30GHz
stepping	: 7
microcode	: 0x1a
cpu MHz		: 2301.000
cache size	: 3072 KB
physical id	: 0
siblings	: 4
core id		: 1
cpu cores	: 2
apicid		: 3
initial apicid	: 3
fpu		: yes
fpu_exception	: yes
cpuid level	: 13
wp		: yes
flags		: fpu vme de pse tsc msr pae mce cx8 apic sep mtrr pge mca cmov pat pse36 clflush dts acpi mmx fxsr sse sse2 ss ht tm pbe syscall nx rdtscp lm constant_tsc arch_perfmon pebs bts rep_good nopl xtopology nonstop_tsc aperfmperf pni pclmulqdq dtes64 monitor ds_cpl vmx est tm2 ssse3 cx16 xtpr pdcm pcid sse4_1 sse4_2 x2apic popcnt tsc_deadline_timer aes xsave avx lahf_lm ida arat epb xsaveopt pln pts dtherm tpr_shadow vnmi flexpriority ept vpid
bogomips	: 4589.75
clflush size	: 64
cache_alignment	: 64
address sizes	: 36 bits physical, 48 bits virtual
power management:



Memory: 4k page, physical 6021944k(427776k free), swap 1951740k(1925508k free)

vm_info: Java HotSpot(TM) 64-Bit Server VM (24.51-b03) for linux-amd64 JRE (1.7.0_51-b13), built on Dec 18 2013 18:48:01 by "java_re" with gcc 4.3.0 20080428 (Red Hat 4.3.0-8)

time: Tue Jan 21 15:59:45 2014
elapsed time: 0 seconds

